[ 2015-06-17T14:25:33+08:00 ] 127.0.0.1 /hwxxtj/
INFO: [ app_init ] --START--
INFO: Run Behavior\BuildLiteBehavior [ RunTime:0.000038s ]
INFO: [ app_init ] --END-- [ RunTime:0.002341s ]
INFO: [ app_begin ] --START--
INFO: Run Behavior\ReadHtmlCacheBehavior [ RunTime:0.001407s ]
INFO: [ app_begin ] --END-- [ RunTime:0.001549s ]
SQL: SHOW COLUMNS FROM `schedule` [ RunTime:0.0169s ]
SQL: SHOW COLUMNS FROM `special` [ RunTime:0.0084s ]
SQL: SELECT DISTINCT  `schoolYear`,`term` FROM `schedule` ORDER BY schoolYear,term asc  [ RunTime:0.0027s ]
SQL: SELECT DISTINCT  `week` FROM `schedule` WHERE ( schoolYear="2014-2015" and term="2" ) ORDER BY week asc  [ RunTime:0.0021s ]
SQL: SELECT * FROM `schedule` WHERE ( week="2" and schoolYear="2014-2015" and term="2" )  [ RunTime:0.0005s ]
SQL: SELECT * FROM `special` WHERE ( week="2" and schoolYear="2014-2015" and term="2" )  [ RunTime:0.0004s ]
INFO: [ view_parse ] --START--
INFO: [ template_filter ] --START--
INFO: Run Behavior\ContentReplaceBehavior [ RunTime:0.000184s ]
INFO: [ template_filter ] --END-- [ RunTime:0.000396s ]
NOTIC: [8] Undefined variable: user D:\wamp\www\hwxxtj\Application\Runtime\Cache\Home\2a94b8bda04ff446dcedd42276fc99ee.php 第 18 行.
NOTIC: [8] Undefined variable: user D:\wamp\www\hwxxtj\Application\Runtime\Cache\Home\2a94b8bda04ff446dcedd42276fc99ee.php 第 24 行.
SQL: SHOW COLUMNS FROM `user` [ RunTime:0.0070s ]
SQL: SELECT `name` FROM `user` WHERE ( id=18 )  [ RunTime:0.0004s ]
SQL: SELECT `name` FROM `user` WHERE ( id=19 )  [ RunTime:0.0003s ]
SQL: SELECT `name` FROM `user` WHERE ( id=20 )  [ RunTime:0.0003s ]
INFO: Run Behavior\ParseTemplateBehavior [ RunTime:0.036280s ]
INFO: [ view_parse ] --END-- [ RunTime:0.036444s ]
INFO: [ view_filter ] --START--
INFO: Run Behavior\WriteHtmlCacheBehavior [ RunTime:0.001495s ]
INFO: [ view_filter ] --END-- [ RunTime:0.001703s ]
INFO: [ app_end ] --START--
INFO: Run Behavior\ShowPageTraceBehavior [ RunTime:0.001745s ]
INFO: [ app_end ] --END-- [ RunTime:0.001868s ]

[ 2015-06-17T14:25:33+08:00 ] 127.0.0.1 /hwxxtj/index.php/Home/Index/login
INFO: [ app_init ] --START--
INFO: Run Behavior\BuildLiteBehavior [ RunTime:0.000037s ]
INFO: [ app_init ] --END-- [ RunTime:0.000734s ]
INFO: [ app_begin ] --START--
INFO: Run Behavior\ReadHtmlCacheBehavior [ RunTime:0.001136s ]
INFO: [ app_begin ] --END-- [ RunTime:0.001271s ]
INFO: [ view_parse ] --START--
INFO: [ template_filter ] --START--
INFO: Run Behavior\ContentReplaceBehavior [ RunTime:0.000099s ]
INFO: [ template_filter ] --END-- [ RunTime:0.000275s ]
INFO: Run Behavior\ParseTemplateBehavior [ RunTime:0.009946s ]
INFO: [ view_parse ] --END-- [ RunTime:0.010097s ]
INFO: [ view_filter ] --START--
INFO: Run Behavior\WriteHtmlCacheBehavior [ RunTime:0.000666s ]
INFO: [ view_filter ] --END-- [ RunTime:0.000807s ]
INFO: [ app_end ] --START--
INFO: Run Behavior\ShowPageTraceBehavior [ RunTime:0.000925s ]
INFO: [ app_end ] --END-- [ RunTime:0.001129s ]

[ 2015-06-17T14:25:35+08:00 ] 127.0.0.1 /hwxxtj/index.php/Home/Index/loginVerify
INFO: [ app_init ] --START--
INFO: Run Behavior\BuildLiteBehavior [ RunTime:0.000032s ]
INFO: [ app_init ] --END-- [ RunTime:0.000585s ]
INFO: [ app_begin ] --START--
INFO: Run Behavior\ReadHtmlCacheBehavior [ RunTime:0.000834s ]
INFO: [ app_begin ] --END-- [ RunTime:0.001017s ]
SQL: SHOW COLUMNS FROM `user` [ RunTime:0.0060s ]
SQL: SELECT * FROM `user` WHERE ( number="88888888" )  [ RunTime:0.0004s ]
INFO: [ app_end ] --START--
INFO: Run Behavior\ShowPageTraceBehavior [ RunTime:0.000964s ]
INFO: [ app_end ] --END-- [ RunTime:0.001093s ]

[ 2015-06-17T14:25:35+08:00 ] 127.0.0.1 /hwxxtj/index.php/Home/Index/index
INFO: [ app_init ] --START--
INFO: Run Behavior\BuildLiteBehavior [ RunTime:0.000032s ]
INFO: [ app_init ] --END-- [ RunTime:0.000612s ]
INFO: [ app_begin ] --START--
INFO: Run Behavior\ReadHtmlCacheBehavior [ RunTime:0.000739s ]
INFO: [ app_begin ] --END-- [ RunTime:0.000861s ]
SQL: SHOW COLUMNS FROM `schedule` [ RunTime:0.0038s ]
SQL: SHOW COLUMNS FROM `special` [ RunTime:0.0035s ]
SQL: SELECT DISTINCT  `schoolYear`,`term` FROM `schedule` ORDER BY schoolYear,term asc  [ RunTime:0.0005s ]
SQL: SELECT DISTINCT  `week` FROM `schedule` WHERE ( schoolYear="2014-2015" and term="2" ) ORDER BY week asc  [ RunTime:0.0004s ]
SQL: SELECT * FROM `schedule` WHERE ( week="2" and schoolYear="2014-2015" and term="2" )  [ RunTime:0.0003s ]
SQL: SELECT * FROM `special` WHERE ( week="2" and schoolYear="2014-2015" and term="2" )  [ RunTime:0.0003s ]
INFO: [ view_parse ] --START--
INFO: [ template_filter ] --START--
INFO: Run Behavior\ContentReplaceBehavior [ RunTime:0.000092s ]
INFO: [ template_filter ] --END-- [ RunTime:0.000193s ]
SQL: SHOW COLUMNS FROM `user` [ RunTime:0.0034s ]
SQL: SELECT `name` FROM `user` WHERE ( id=18 )  [ RunTime:0.0003s ]
SQL: SELECT `name` FROM `user` WHERE ( id=19 )  [ RunTime:0.0002s ]
SQL: SELECT `name` FROM `user` WHERE ( id=20 )  [ RunTime:0.0002s ]
INFO: Run Behavior\ParseTemplateBehavior [ RunTime:0.016872s ]
INFO: [ view_parse ] --END-- [ RunTime:0.016977s ]
INFO: [ view_filter ] --START--
INFO: Run Behavior\WriteHtmlCacheBehavior [ RunTime:0.000380s ]
INFO: [ view_filter ] --END-- [ RunTime:0.000461s ]
INFO: [ app_end ] --START--
INFO: Run Behavior\ShowPageTraceBehavior [ RunTime:0.000506s ]
INFO: [ app_end ] --END-- [ RunTime:0.000581s ]

[ 2015-06-17T14:27:51+08:00 ] 127.0.0.1 /hwxxtj/index.php/Home/Index/proAdd
INFO: [ app_init ] --START--
INFO: Run Behavior\BuildLiteBehavior [ RunTime:0.000051s ]
INFO: [ app_init ] --END-- [ RunTime:0.001361s ]
INFO: [ app_begin ] --START--
INFO: Run Behavior\ReadHtmlCacheBehavior [ RunTime:0.002038s ]
INFO: [ app_begin ] --END-- [ RunTime:0.002290s ]
SQL: SHOW COLUMNS FROM `user` [ RunTime:0.0091s ]
SQL: SHOW COLUMNS FROM `schedule` [ RunTime:0.0087s ]
SQL: SHOW COLUMNS FROM `unit` [ RunTime:0.0122s ]
SQL: SELECT * FROM `unit`  [ RunTime:0.0006s ]
SQL: SELECT * FROM `user` WHERE ( id!=1 )  [ RunTime:0.0007s ]
SQL: SELECT `week` FROM `schedule` ORDER BY id desc  [ RunTime:0.0005s ]
INFO: [ view_parse ] --START--
INFO: [ template_filter ] --START--
INFO: Run Behavior\ContentReplaceBehavior [ RunTime:0.000262s ]
INFO: [ template_filter ] --END-- [ RunTime:0.000499s ]
INFO: Run Behavior\ParseTemplateBehavior [ RunTime:0.033142s ]
INFO: [ view_parse ] --END-- [ RunTime:0.033387s ]
INFO: [ view_filter ] --START--
INFO: Run Behavior\WriteHtmlCacheBehavior [ RunTime:0.001018s ]
INFO: [ view_filter ] --END-- [ RunTime:0.001202s ]
INFO: [ app_end ] --START--
INFO: Run Behavior\ShowPageTraceBehavior [ RunTime:0.001533s ]
INFO: [ app_end ] --END-- [ RunTime:0.001747s ]

[ 2015-06-17T14:27:52+08:00 ] 127.0.0.1 /hwxxtj/index.php/Home/Index/proSet
INFO: [ app_init ] --START--
INFO: Run Behavior\BuildLiteBehavior [ RunTime:0.000114s ]
INFO: [ app_init ] --END-- [ RunTime:0.000887s ]
INFO: [ app_begin ] --START--
INFO: Run Behavior\ReadHtmlCacheBehavior [ RunTime:0.001052s ]
INFO: [ app_begin ] --END-- [ RunTime:0.001231s ]
SQL: SHOW COLUMNS FROM `schedule` [ RunTime:0.0056s ]
SQL: SHOW COLUMNS FROM `special` [ RunTime:0.0056s ]
SQL: SHOW COLUMNS FROM `unit` [ RunTime:0.0058s ]
SQL: SELECT * FROM `unit`  [ RunTime:0.0004s ]
SQL: SHOW COLUMNS FROM `user` [ RunTime:0.0050s ]
SQL: SELECT * FROM `user` WHERE ( id!=1 )  [ RunTime:0.0005s ]
SQL: SELECT DISTINCT  `schoolYear`,`term` FROM `schedule` ORDER BY schoolYear,term asc  [ RunTime:0.0006s ]
SQL: SELECT DISTINCT  `week` FROM `schedule` WHERE ( schoolYear="2014-2015" and term="2" ) ORDER BY week asc  [ RunTime:0.0007s ]
SQL: SELECT * FROM `schedule` WHERE ( week="2" and schoolYear="2014-2015" and term="2" )  [ RunTime:0.0005s ]
SQL: SELECT * FROM `special` WHERE ( week="2" and schoolYear="2014-2015" and term="2" )  [ RunTime:0.0004s ]
INFO: [ view_parse ] --START--
INFO: [ template_filter ] --START--
INFO: Run Behavior\ContentReplaceBehavior [ RunTime:0.000209s ]
INFO: [ template_filter ] --END-- [ RunTime:0.000350s ]
NOTIC: [8] Undefined variable: proj D:\wamp\www\hwxxtj\Application\Runtime\Cache\Home\09b66ac76e84e3a1d1349dd68fd382e8.php 第 66 行.
SQL: SELECT `name` FROM `user` WHERE ( id=18 )  [ RunTime:0.0004s ]
SQL: SELECT `name` FROM `user` WHERE ( id=19 )  [ RunTime:0.0003s ]
SQL: SELECT `name` FROM `user` WHERE ( id=20 )  [ RunTime:0.0003s ]
INFO: Run Behavior\ParseTemplateBehavior [ RunTime:0.033510s ]
INFO: [ view_parse ] --END-- [ RunTime:0.033652s ]
INFO: [ view_filter ] --START--
INFO: Run Behavior\WriteHtmlCacheBehavior [ RunTime:0.000532s ]
INFO: [ view_filter ] --END-- [ RunTime:0.000646s ]
INFO: [ app_end ] --START--
INFO: Run Behavior\ShowPageTraceBehavior [ RunTime:0.001137s ]
INFO: [ app_end ] --END-- [ RunTime:0.001337s ]

[ 2015-06-17T14:27:53+08:00 ] 127.0.0.1 /hwxxtj/index.php/Home/Index/userSet
INFO: [ app_init ] --START--
INFO: Run Behavior\BuildLiteBehavior [ RunTime:0.000052s ]
INFO: [ app_init ] --END-- [ RunTime:0.001137s ]
INFO: [ app_begin ] --START--
INFO: Run Behavior\ReadHtmlCacheBehavior [ RunTime:0.001464s ]
INFO: [ app_begin ] --END-- [ RunTime:0.001760s ]
SQL: SHOW COLUMNS FROM `user` [ RunTime:0.0051s ]
SQL: SELECT * FROM `user` WHERE ( id!=1 )  [ RunTime:0.0005s ]
INFO: [ view_parse ] --START--
INFO: [ template_filter ] --START--
INFO: Run Behavior\ContentReplaceBehavior [ RunTime:0.000116s ]
INFO: [ template_filter ] --END-- [ RunTime:0.000260s ]
INFO: Run Behavior\ParseTemplateBehavior [ RunTime:0.018850s ]
INFO: [ view_parse ] --END-- [ RunTime:0.018998s ]
INFO: [ view_filter ] --START--
INFO: Run Behavior\WriteHtmlCacheBehavior [ RunTime:0.000389s ]
INFO: [ view_filter ] --END-- [ RunTime:0.000502s ]
INFO: [ app_end ] --START--
INFO: Run Behavior\ShowPageTraceBehavior [ RunTime:0.000739s ]
INFO: [ app_end ] --END-- [ RunTime:0.000858s ]

[ 2015-06-17T14:27:55+08:00 ] 127.0.0.1 /hwxxtj/index.php/Home/Index/password
INFO: [ app_init ] --START--
INFO: Run Behavior\BuildLiteBehavior [ RunTime:0.000034s ]
INFO: [ app_init ] --END-- [ RunTime:0.000624s ]
INFO: [ app_begin ] --START--
INFO: Run Behavior\ReadHtmlCacheBehavior [ RunTime:0.000884s ]
INFO: [ app_begin ] --END-- [ RunTime:0.001024s ]
INFO: [ view_parse ] --START--
INFO: [ template_filter ] --START--
INFO: Run Behavior\ContentReplaceBehavior [ RunTime:0.000110s ]
INFO: [ template_filter ] --END-- [ RunTime:0.000279s ]
INFO: Run Behavior\ParseTemplateBehavior [ RunTime:0.015489s ]
INFO: [ view_parse ] --END-- [ RunTime:0.015632s ]
INFO: [ view_filter ] --START--
INFO: Run Behavior\WriteHtmlCacheBehavior [ RunTime:0.000412s ]
INFO: [ view_filter ] --END-- [ RunTime:0.000526s ]
INFO: [ app_end ] --START--
INFO: Run Behavior\ShowPageTraceBehavior [ RunTime:0.000787s ]
INFO: [ app_end ] --END-- [ RunTime:0.000934s ]

[ 2015-06-17T14:27:56+08:00 ] 127.0.0.1 /hwxxtj/index.php/Home/Index/tableDown
INFO: [ app_init ] --START--
INFO: Run Behavior\BuildLiteBehavior [ RunTime:0.000033s ]
INFO: [ app_init ] --END-- [ RunTime:0.000621s ]
INFO: [ app_begin ] --START--
INFO: Run Behavior\ReadHtmlCacheBehavior [ RunTime:0.000810s ]
INFO: [ app_begin ] --END-- [ RunTime:0.000941s ]
SQL: SHOW COLUMNS FROM `schedule` [ RunTime:0.0056s ]
SQL: SHOW COLUMNS FROM `special` [ RunTime:0.0057s ]
SQL: SHOW COLUMNS FROM `unit` [ RunTime:0.0061s ]
SQL: SELECT * FROM `unit`  [ RunTime:0.0004s ]
SQL: SHOW COLUMNS FROM `user` [ RunTime:0.0054s ]
SQL: SELECT * FROM `user` WHERE ( id!=1 )  [ RunTime:0.0005s ]
SQL: SELECT DISTINCT  `schoolYear`,`term` FROM `schedule` ORDER BY schoolYear,term asc  [ RunTime:0.0007s ]
SQL: SELECT DISTINCT  `week` FROM `schedule` WHERE ( schoolYear="2014-2015" and term="2" ) ORDER BY week asc  [ RunTime:0.0007s ]
SQL: SELECT * FROM `schedule` WHERE ( week="2" and schoolYear="2014-2015" and term="2" )  [ RunTime:0.0005s ]
SQL: SELECT * FROM `special` WHERE ( week="2" and schoolYear="2014-2015" and term="2" )  [ RunTime:0.0004s ]
INFO: [ view_parse ] --START--
INFO: [ template_filter ] --START--
INFO: Run Behavior\ContentReplaceBehavior [ RunTime:0.000208s ]
INFO: [ template_filter ] --END-- [ RunTime:0.000356s ]
NOTIC: [8] Undefined variable: proj D:\wamp\www\hwxxtj\Application\Runtime\Cache\Home\af1552e17a2599ccbef0ad98cd474825.php 第 72 行.
SQL: SELECT `name` FROM `user` WHERE ( id=18 )  [ RunTime:0.0004s ]
SQL: SELECT `name` FROM `user` WHERE ( id=19 )  [ RunTime:0.0003s ]
SQL: SELECT `name` FROM `user` WHERE ( id=20 )  [ RunTime:0.0003s ]
INFO: Run Behavior\ParseTemplateBehavior [ RunTime:0.029186s ]
INFO: [ view_parse ] --END-- [ RunTime:0.029321s ]
INFO: [ view_filter ] --START--
INFO: Run Behavior\WriteHtmlCacheBehavior [ RunTime:0.000502s ]
INFO: [ view_filter ] --END-- [ RunTime:0.000617s ]
INFO: [ app_end ] --START--
INFO: Run Behavior\ShowPageTraceBehavior [ RunTime:0.000843s ]
INFO: [ app_end ] --END-- [ RunTime:0.001022s ]

[ 2015-06-17T14:27:58+08:00 ] 127.0.0.1 /hwxxtj/index.php/Home/Index/index
INFO: [ app_init ] --START--
INFO: Run Behavior\BuildLiteBehavior [ RunTime:0.000056s ]
INFO: [ app_init ] --END-- [ RunTime:0.003013s ]
INFO: [ app_begin ] --START--
INFO: Run Behavior\ReadHtmlCacheBehavior [ RunTime:0.001261s ]
INFO: [ app_begin ] --END-- [ RunTime:0.001480s ]
SQL: SHOW COLUMNS FROM `schedule` [ RunTime:0.0059s ]
SQL: SHOW COLUMNS FROM `special` [ RunTime:0.0056s ]
SQL: SELECT DISTINCT  `schoolYear`,`term` FROM `schedule` ORDER BY schoolYear,term asc  [ RunTime:0.0008s ]
SQL: SELECT DISTINCT  `week` FROM `schedule` WHERE ( schoolYear="2014-2015" and term="2" ) ORDER BY week asc  [ RunTime:0.0007s ]
SQL: SELECT * FROM `schedule` WHERE ( week="2" and schoolYear="2014-2015" and term="2" )  [ RunTime:0.0005s ]
SQL: SELECT * FROM `special` WHERE ( week="2" and schoolYear="2014-2015" and term="2" )  [ RunTime:0.0004s ]
INFO: [ view_parse ] --START--
INFO: [ template_filter ] --START--
INFO: Run Behavior\ContentReplaceBehavior [ RunTime:0.000172s ]
INFO: [ template_filter ] --END-- [ RunTime:0.000330s ]
SQL: SHOW COLUMNS FROM `user` [ RunTime:0.0054s ]
SQL: SELECT `name` FROM `user` WHERE ( id=18 )  [ RunTime:0.0004s ]
SQL: SELECT `name` FROM `user` WHERE ( id=19 )  [ RunTime:0.0003s ]
SQL: SELECT `name` FROM `user` WHERE ( id=20 )  [ RunTime:0.0003s ]
INFO: Run Behavior\ParseTemplateBehavior [ RunTime:0.026779s ]
INFO: [ view_parse ] --END-- [ RunTime:0.026908s ]
INFO: [ view_filter ] --START--
INFO: Run Behavior\WriteHtmlCacheBehavior [ RunTime:0.000551s ]
INFO: [ view_filter ] --END-- [ RunTime:0.000670s ]
INFO: [ app_end ] --START--
INFO: Run Behavior\ShowPageTraceBehavior [ RunTime:0.001545s ]
INFO: [ app_end ] --END-- [ RunTime:0.001682s ]

[ 2015-06-17T14:28:07+08:00 ] 127.0.0.1 /hwxxtj/index.php/Home/Index/proLead
INFO: [ app_init ] --START--
INFO: Run Behavior\BuildLiteBehavior [ RunTime:0.000051s ]
INFO: [ app_init ] --END-- [ RunTime:0.000988s ]
INFO: [ app_begin ] --START--
INFO: Run Behavior\ReadHtmlCacheBehavior [ RunTime:0.001404s ]
INFO: [ app_begin ] --END-- [ RunTime:0.001623s ]
SQL: SHOW COLUMNS FROM `schedule` [ RunTime:0.0093s ]
SQL: SELECT DISTINCT  `schoolYear`,`term` FROM `schedule` ORDER BY schoolYear,term asc  [ RunTime:0.0017s ]
SQL: SELECT DISTINCT  `week` FROM `schedule` WHERE ( schoolYear="2014-2015" and term="2" ) ORDER BY week asc  [ RunTime:0.0010s ]
SQL: SELECT * FROM `schedule` WHERE ( week="2" and schoolYear="2014-2015" and term="2" )  [ RunTime:0.0007s ]
SQL: SELECT * FROM `schedule` WHERE ( id="14" )  [ RunTime:0.0006s ]
SQL: SHOW COLUMNS FROM `workcount` [ RunTime:0.0159s ]
SQL: SELECT * FROM `workcount` WHERE ( proId="14" )  [ RunTime:0.0007s ]
SQL: SHOW COLUMNS FROM `unit` [ RunTime:0.0086s ]
SQL: SELECT * FROM `unit`  [ RunTime:0.0005s ]
INFO: [ view_parse ] --START--
INFO: [ template_filter ] --START--
INFO: Run Behavior\ContentReplaceBehavior [ RunTime:0.000347s ]
INFO: [ template_filter ] --END-- [ RunTime:0.000611s ]
SQL: SHOW COLUMNS FROM `user` [ RunTime:0.0084s ]
SQL: SELECT * FROM `user` WHERE ( id="18" )  [ RunTime:0.0006s ]
INFO: Run Behavior\ParseTemplateBehavior [ RunTime:0.045271s ]
INFO: [ view_parse ] --END-- [ RunTime:0.045514s ]
INFO: [ view_filter ] --START--
INFO: Run Behavior\WriteHtmlCacheBehavior [ RunTime:0.000855s ]
INFO: [ view_filter ] --END-- [ RunTime:0.001062s ]
INFO: [ app_end ] --START--
INFO: Run Behavior\ShowPageTraceBehavior [ RunTime:0.001254s ]
INFO: [ app_end ] --END-- [ RunTime:0.001494s ]

[ 2015-06-17T14:28:08+08:00 ] 127.0.0.1 /hwxxtj/index.php/Home/Index/proAdd
INFO: [ app_init ] --START--
INFO: Run Behavior\BuildLiteBehavior [ RunTime:0.000053s ]
INFO: [ app_init ] --END-- [ RunTime:0.001177s ]
INFO: [ app_begin ] --START--
INFO: Run Behavior\ReadHtmlCacheBehavior [ RunTime:0.001241s ]
INFO: [ app_begin ] --END-- [ RunTime:0.001453s ]
SQL: SHOW COLUMNS FROM `user` [ RunTime:0.0091s ]
SQL: SHOW COLUMNS FROM `schedule` [ RunTime:0.0086s ]
SQL: SHOW COLUMNS FROM `unit` [ RunTime:0.0087s ]
SQL: SELECT * FROM `unit`  [ RunTime:0.0006s ]
SQL: SELECT * FROM `user` WHERE ( id!=1 )  [ RunTime:0.0006s ]
SQL: SELECT `week` FROM `schedule` ORDER BY id desc  [ RunTime:0.0005s ]
INFO: [ view_parse ] --START--
INFO: [ template_filter ] --START--
INFO: Run Behavior\ContentReplaceBehavior [ RunTime:0.000361s ]
INFO: [ template_filter ] --END-- [ RunTime:0.000656s ]
INFO: Run Behavior\ParseTemplateBehavior [ RunTime:0.029014s ]
INFO: [ view_parse ] --END-- [ RunTime:0.029247s ]
INFO: [ view_filter ] --START--
INFO: Run Behavior\WriteHtmlCacheBehavior [ RunTime:0.000632s ]
INFO: [ view_filter ] --END-- [ RunTime:0.000813s ]
INFO: [ app_end ] --START--
INFO: Run Behavior\ShowPageTraceBehavior [ RunTime:0.001311s ]
INFO: [ app_end ] --END-- [ RunTime:0.001538s ]

[ 2015-06-17T14:28:10+08:00 ] 127.0.0.1 /hwxxtj/index.php/Home/Index/proSet
INFO: [ app_init ] --START--
INFO: Run Behavior\BuildLiteBehavior [ RunTime:0.000052s ]
INFO: [ app_init ] --END-- [ RunTime:0.001026s ]
INFO: [ app_begin ] --START--
INFO: Run Behavior\ReadHtmlCacheBehavior [ RunTime:0.001752s ]
INFO: [ app_begin ] --END-- [ RunTime:0.001987s ]
SQL: SHOW COLUMNS FROM `schedule` [ RunTime:0.0094s ]
SQL: SHOW COLUMNS FROM `special` [ RunTime:0.0092s ]
SQL: SHOW COLUMNS FROM `unit` [ RunTime:0.0088s ]
SQL: SELECT * FROM `unit`  [ RunTime:0.0006s ]
SQL: SHOW COLUMNS FROM `user` [ RunTime:0.0085s ]
SQL: SELECT * FROM `user` WHERE ( id!=1 )  [ RunTime:0.0007s ]
SQL: SELECT DISTINCT  `schoolYear`,`term` FROM `schedule` ORDER BY schoolYear,term asc  [ RunTime:0.0017s ]
SQL: SELECT DISTINCT  `week` FROM `schedule` WHERE ( schoolYear="2014-2015" and term="2" ) ORDER BY week asc  [ RunTime:0.0012s ]
SQL: SELECT * FROM `schedule` WHERE ( week="2" and schoolYear="2014-2015" and term="2" )  [ RunTime:0.0008s ]
SQL: SELECT * FROM `special` WHERE ( week="2" and schoolYear="2014-2015" and term="2" )  [ RunTime:0.0007s ]
INFO: [ view_parse ] --START--
INFO: [ template_filter ] --START--
INFO: Run Behavior\ContentReplaceBehavior [ RunTime:0.000282s ]
INFO: [ template_filter ] --END-- [ RunTime:0.000447s ]
NOTIC: [8] Undefined variable: proj D:\wamp\www\hwxxtj\Application\Runtime\Cache\Home\09b66ac76e84e3a1d1349dd68fd382e8.php 第 66 行.
SQL: SELECT `name` FROM `user` WHERE ( id=18 )  [ RunTime:0.0005s ]
SQL: SELECT `name` FROM `user` WHERE ( id=19 )  [ RunTime:0.0003s ]
SQL: SELECT `name` FROM `user` WHERE ( id=20 )  [ RunTime:0.0003s ]
INFO: Run Behavior\ParseTemplateBehavior [ RunTime:0.033305s ]
INFO: [ view_parse ] --END-- [ RunTime:0.033513s ]
INFO: [ view_filter ] --START--
INFO: Run Behavior\WriteHtmlCacheBehavior [ RunTime:0.000535s ]
INFO: [ view_filter ] --END-- [ RunTime:0.000657s ]
INFO: [ app_end ] --START--
INFO: Run Behavior\ShowPageTraceBehavior [ RunTime:0.000815s ]
INFO: [ app_end ] --END-- [ RunTime:0.000937s ]

[ 2015-06-17T14:28:13+08:00 ] 127.0.0.1 /hwxxtj/index.php/Home/Index/userSet
INFO: [ app_init ] --START--
INFO: Run Behavior\BuildLiteBehavior [ RunTime:0.000034s ]
INFO: [ app_init ] --END-- [ RunTime:0.000695s ]
INFO: [ app_begin ] --START--
INFO: Run Behavior\ReadHtmlCacheBehavior [ RunTime:0.000990s ]
INFO: [ app_begin ] --END-- [ RunTime:0.001137s ]
SQL: SHOW COLUMNS FROM `user` [ RunTime:0.0056s ]
SQL: SELECT * FROM `user` WHERE ( id!=1 )  [ RunTime:0.0005s ]
INFO: [ view_parse ] --START--
INFO: [ template_filter ] --START--
INFO: Run Behavior\ContentReplaceBehavior [ RunTime:0.000126s ]
INFO: [ template_filter ] --END-- [ RunTime:0.000327s ]
INFO: Run Behavior\ParseTemplateBehavior [ RunTime:0.015963s ]
INFO: [ view_parse ] --END-- [ RunTime:0.016517s ]
INFO: [ view_filter ] --START--
INFO: Run Behavior\WriteHtmlCacheBehavior [ RunTime:0.000536s ]
INFO: [ view_filter ] --END-- [ RunTime:0.000670s ]
INFO: [ app_end ] --START--
INFO: Run Behavior\ShowPageTraceBehavior [ RunTime:0.001039s ]
INFO: [ app_end ] --END-- [ RunTime:0.001168s ]

