[ 2015-03-26T00:41:18+08:00 ] 127.0.0.1 /hwxxtj/
INFO: [ app_init ] --START--
INFO: Run Behavior\BuildLiteBehavior [ RunTime:0.000037s ]
INFO: [ app_init ] --END-- [ RunTime:0.000689s ]
INFO: [ app_begin ] --START--
INFO: Run Behavior\ReadHtmlCacheBehavior [ RunTime:0.000840s ]
INFO: [ app_begin ] --END-- [ RunTime:0.000962s ]
ERR: SQLSTATE[42S02]: Base table or view not found: 1146 Table 'hwxxtj.schedule' doesn't exist

[ 2015-03-26T00:41:18+08:00 ] 127.0.0.1 /hwxxtj/index.php/Home/Index/login
INFO: [ app_init ] --START--
INFO: Run Behavior\BuildLiteBehavior [ RunTime:0.000021s ]
INFO: [ app_init ] --END-- [ RunTime:0.000410s ]
INFO: [ app_begin ] --START--
INFO: Run Behavior\ReadHtmlCacheBehavior [ RunTime:0.000440s ]
INFO: [ app_begin ] --END-- [ RunTime:0.000519s ]
INFO: [ view_parse ] --START--
INFO: [ template_filter ] --START--
INFO: Run Behavior\ContentReplaceBehavior [ RunTime:0.000053s ]
INFO: [ template_filter ] --END-- [ RunTime:0.000146s ]
INFO: Run Behavior\ParseTemplateBehavior [ RunTime:0.008051s ]
INFO: [ view_parse ] --END-- [ RunTime:0.008138s ]
INFO: [ view_filter ] --START--
INFO: Run Behavior\WriteHtmlCacheBehavior [ RunTime:0.000284s ]
INFO: [ view_filter ] --END-- [ RunTime:0.000362s ]
INFO: [ app_end ] --START--
INFO: Run Behavior\ShowPageTraceBehavior [ RunTime:0.000514s ]
INFO: [ app_end ] --END-- [ RunTime:0.000595s ]

[ 2015-03-26T00:41:24+08:00 ] 127.0.0.1 /hwxxtj/index.php/Home/Index/loginVerify
INFO: [ app_init ] --START--
INFO: Run Behavior\BuildLiteBehavior [ RunTime:0.000027s ]
INFO: [ app_init ] --END-- [ RunTime:0.000497s ]
INFO: [ app_begin ] --START--
INFO: Run Behavior\ReadHtmlCacheBehavior [ RunTime:0.000609s ]
INFO: [ app_begin ] --END-- [ RunTime:0.000694s ]
ERR: SQLSTATE[42S02]: Base table or view not found: 1146 Table 'hwxxtj.user' doesn't exist

[ 2015-03-26T00:50:49+08:00 ] 127.0.0.1 /hwxxtj/
INFO: [ app_init ] --START--
INFO: Run Behavior\BuildLiteBehavior [ RunTime:0.000023s ]
INFO: [ app_init ] --END-- [ RunTime:0.000451s ]
INFO: [ app_begin ] --START--
INFO: Run Behavior\ReadHtmlCacheBehavior [ RunTime:0.000644s ]
INFO: [ app_begin ] --END-- [ RunTime:0.000734s ]
SQL: SHOW COLUMNS FROM `schedule` [ RunTime:0.0029s ]
SQL: SHOW COLUMNS FROM `special` [ RunTime:0.0026s ]
SQL: SELECT DISTINCT  `schoolYear`,`term` FROM `schedule` ORDER BY schoolYear,term asc  [ RunTime:0.0005s ]
SQL: SELECT DISTINCT  `week` FROM `schedule` WHERE ( schoolYear="2014-2015" and term="2" ) ORDER BY week asc  [ RunTime:0.0004s ]
SQL: SELECT * FROM `schedule` WHERE ( week="2" and schoolYear="2014-2015" and term="2" )  [ RunTime:0.0003s ]
SQL: SELECT * FROM `special` WHERE ( week="2" and schoolYear="2014-2015" and term="2" )  [ RunTime:0.0002s ]
INFO: [ view_parse ] --START--
INFO: [ template_filter ] --START--
INFO: Run Behavior\ContentReplaceBehavior [ RunTime:0.000095s ]
INFO: [ template_filter ] --END-- [ RunTime:0.000199s ]
NOTIC: [8] Undefined variable: user D:\wamp\www\hwxxtj\Application\Runtime\Cache\Home\2a94b8bda04ff446dcedd42276fc99ee.php 第 18 行.
NOTIC: [8] Undefined variable: user D:\wamp\www\hwxxtj\Application\Runtime\Cache\Home\2a94b8bda04ff446dcedd42276fc99ee.php 第 24 行.
SQL: SHOW COLUMNS FROM `user` [ RunTime:0.0027s ]
SQL: SELECT `name` FROM `user` WHERE ( id=2 )  [ RunTime:0.0007s ]
SQL: SELECT `name` FROM `user` WHERE ( id=16 )  [ RunTime:0.0003s ]
SQL: SELECT `name` FROM `user` WHERE ( id=17 )  [ RunTime:0.0002s ]
SQL: SELECT `name` FROM `user` WHERE ( id=2 )  [ RunTime:0.0002s ]
SQL: SELECT `name` FROM `user` WHERE ( id=15 )  [ RunTime:0.0003s ]
SQL: SELECT `name` FROM `user` WHERE ( id=16 )  [ RunTime:0.0002s ]
NOTIC: [2] Invalid argument supplied for foreach() D:\wamp\www\hwxxtj\Application\Runtime\Cache\Home\2a94b8bda04ff446dcedd42276fc99ee.php 第 81 行.
SQL: SELECT `name` FROM `user` WHERE ( id=18 )  [ RunTime:0.0002s ]
NOTIC: [2] Invalid argument supplied for foreach() D:\wamp\www\hwxxtj\Application\Runtime\Cache\Home\2a94b8bda04ff446dcedd42276fc99ee.php 第 81 行.
INFO: Run Behavior\ParseTemplateBehavior [ RunTime:0.028261s ]
INFO: [ view_parse ] --END-- [ RunTime:0.028348s ]
INFO: [ view_filter ] --START--
INFO: Run Behavior\WriteHtmlCacheBehavior [ RunTime:0.000456s ]
INFO: [ view_filter ] --END-- [ RunTime:0.000568s ]
INFO: [ app_end ] --START--
INFO: Run Behavior\ShowPageTraceBehavior [ RunTime:0.000643s ]
INFO: [ app_end ] --END-- [ RunTime:0.000724s ]

[ 2015-03-26T00:50:49+08:00 ] 127.0.0.1 /hwxxtj/index.php/Home/Index/login
INFO: [ app_init ] --START--
INFO: Run Behavior\BuildLiteBehavior [ RunTime:0.000023s ]
INFO: [ app_init ] --END-- [ RunTime:0.000403s ]
INFO: [ app_begin ] --START--
INFO: Run Behavior\ReadHtmlCacheBehavior [ RunTime:0.000503s ]
INFO: [ app_begin ] --END-- [ RunTime:0.000592s ]
INFO: [ view_parse ] --START--
INFO: [ template_filter ] --START--
INFO: Run Behavior\ContentReplaceBehavior [ RunTime:0.000063s ]
INFO: [ template_filter ] --END-- [ RunTime:0.000167s ]
INFO: Run Behavior\ParseTemplateBehavior [ RunTime:0.007185s ]
INFO: [ view_parse ] --END-- [ RunTime:0.007275s ]
INFO: [ view_filter ] --START--
INFO: Run Behavior\WriteHtmlCacheBehavior [ RunTime:0.000229s ]
INFO: [ view_filter ] --END-- [ RunTime:0.000303s ]
INFO: [ app_end ] --START--
INFO: Run Behavior\ShowPageTraceBehavior [ RunTime:0.000507s ]
INFO: [ app_end ] --END-- [ RunTime:0.000586s ]

[ 2015-03-26T00:50:55+08:00 ] 127.0.0.1 /hwxxtj/index.php/Home/Index/loginVerify
INFO: [ app_init ] --START--
INFO: Run Behavior\BuildLiteBehavior [ RunTime:0.000031s ]
INFO: [ app_init ] --END-- [ RunTime:0.000556s ]
INFO: [ app_begin ] --START--
INFO: Run Behavior\ReadHtmlCacheBehavior [ RunTime:0.000783s ]
INFO: [ app_begin ] --END-- [ RunTime:0.000937s ]
SQL: SHOW COLUMNS FROM `user` [ RunTime:0.0024s ]
SQL: SELECT * FROM `user` WHERE ( number="88888888" )  [ RunTime:0.0003s ]
INFO: [ app_end ] --START--
INFO: Run Behavior\ShowPageTraceBehavior [ RunTime:0.000610s ]
INFO: [ app_end ] --END-- [ RunTime:0.000693s ]

[ 2015-03-26T00:50:55+08:00 ] 127.0.0.1 /hwxxtj/index.php/Home/Index/index
INFO: [ app_init ] --START--
INFO: Run Behavior\BuildLiteBehavior [ RunTime:0.000022s ]
INFO: [ app_init ] --END-- [ RunTime:0.000382s ]
INFO: [ app_begin ] --START--
INFO: Run Behavior\ReadHtmlCacheBehavior [ RunTime:0.000479s ]
INFO: [ app_begin ] --END-- [ RunTime:0.000561s ]
SQL: SHOW COLUMNS FROM `schedule` [ RunTime:0.0026s ]
SQL: SHOW COLUMNS FROM `special` [ RunTime:0.0023s ]
SQL: SELECT DISTINCT  `schoolYear`,`term` FROM `schedule` ORDER BY schoolYear,term asc  [ RunTime:0.0003s ]
SQL: SELECT DISTINCT  `week` FROM `schedule` WHERE ( schoolYear="2014-2015" and term="2" ) ORDER BY week asc  [ RunTime:0.0003s ]
SQL: SELECT * FROM `schedule` WHERE ( week="2" and schoolYear="2014-2015" and term="2" )  [ RunTime:0.0002s ]
SQL: SELECT * FROM `special` WHERE ( week="2" and schoolYear="2014-2015" and term="2" )  [ RunTime:0.0002s ]
INFO: [ view_parse ] --START--
INFO: [ template_filter ] --START--
INFO: Run Behavior\ContentReplaceBehavior [ RunTime:0.000090s ]
INFO: [ template_filter ] --END-- [ RunTime:0.000190s ]
SQL: SHOW COLUMNS FROM `user` [ RunTime:0.0025s ]
SQL: SELECT `name` FROM `user` WHERE ( id=2 )  [ RunTime:0.0002s ]
SQL: SELECT `name` FROM `user` WHERE ( id=16 )  [ RunTime:0.0001s ]
SQL: SELECT `name` FROM `user` WHERE ( id=17 )  [ RunTime:0.0001s ]
SQL: SELECT `name` FROM `user` WHERE ( id=2 )  [ RunTime:0.0001s ]
SQL: SELECT `name` FROM `user` WHERE ( id=15 )  [ RunTime:0.0001s ]
SQL: SELECT `name` FROM `user` WHERE ( id=16 )  [ RunTime:0.0001s ]
NOTIC: [2] Invalid argument supplied for foreach() D:\wamp\www\hwxxtj\Application\Runtime\Cache\Home\2a94b8bda04ff446dcedd42276fc99ee.php 第 81 行.
SQL: SELECT `name` FROM `user` WHERE ( id=18 )  [ RunTime:0.0001s ]
NOTIC: [2] Invalid argument supplied for foreach() D:\wamp\www\hwxxtj\Application\Runtime\Cache\Home\2a94b8bda04ff446dcedd42276fc99ee.php 第 81 行.
INFO: Run Behavior\ParseTemplateBehavior [ RunTime:0.016081s ]
INFO: [ view_parse ] --END-- [ RunTime:0.016159s ]
INFO: [ view_filter ] --START--
INFO: Run Behavior\WriteHtmlCacheBehavior [ RunTime:0.000300s ]
INFO: [ view_filter ] --END-- [ RunTime:0.000380s ]
INFO: [ app_end ] --START--
INFO: Run Behavior\ShowPageTraceBehavior [ RunTime:0.000479s ]
INFO: [ app_end ] --END-- [ RunTime:0.000559s ]

[ 2015-03-26T08:17:10+08:00 ] 10.173.35.215 /hwxxtj/
INFO: [ app_init ] --START--
INFO: Run Behavior\BuildLiteBehavior [ RunTime:0.000065s ]
INFO: [ app_init ] --END-- [ RunTime:0.002760s ]
INFO: [ app_begin ] --START--
INFO: Run Behavior\ReadHtmlCacheBehavior [ RunTime:0.001750s ]
INFO: [ app_begin ] --END-- [ RunTime:0.002229s ]
SQL: SHOW COLUMNS FROM `schedule` [ RunTime:0.0164s ]
SQL: SHOW COLUMNS FROM `special` [ RunTime:0.0067s ]
SQL: SELECT DISTINCT  `schoolYear`,`term` FROM `schedule` ORDER BY schoolYear,term asc  [ RunTime:0.0026s ]
SQL: SELECT DISTINCT  `week` FROM `schedule` WHERE ( schoolYear="2014-2015" and term="2" ) ORDER BY week asc  [ RunTime:0.0016s ]
SQL: SELECT * FROM `schedule` WHERE ( week="2" and schoolYear="2014-2015" and term="2" )  [ RunTime:0.0007s ]
SQL: SELECT * FROM `special` WHERE ( week="2" and schoolYear="2014-2015" and term="2" )  [ RunTime:0.0005s ]
INFO: [ view_parse ] --START--
INFO: [ template_filter ] --START--
INFO: Run Behavior\ContentReplaceBehavior [ RunTime:0.000203s ]
INFO: [ template_filter ] --END-- [ RunTime:0.000438s ]
NOTIC: [8] Undefined variable: user D:\wamp\www\hwxxtj\Application\Runtime\Cache\Home\2a94b8bda04ff446dcedd42276fc99ee.php 第 18 行.
NOTIC: [8] Undefined variable: user D:\wamp\www\hwxxtj\Application\Runtime\Cache\Home\2a94b8bda04ff446dcedd42276fc99ee.php 第 24 行.
SQL: SHOW COLUMNS FROM `user` [ RunTime:0.0065s ]
SQL: SELECT `name` FROM `user` WHERE ( id=2 )  [ RunTime:0.0005s ]
SQL: SELECT `name` FROM `user` WHERE ( id=16 )  [ RunTime:0.0004s ]
SQL: SELECT `name` FROM `user` WHERE ( id=17 )  [ RunTime:0.0004s ]
SQL: SELECT `name` FROM `user` WHERE ( id=2 )  [ RunTime:0.0003s ]
SQL: SELECT `name` FROM `user` WHERE ( id=15 )  [ RunTime:0.0003s ]
SQL: SELECT `name` FROM `user` WHERE ( id=16 )  [ RunTime:0.0003s ]
NOTIC: [2] Invalid argument supplied for foreach() D:\wamp\www\hwxxtj\Application\Runtime\Cache\Home\2a94b8bda04ff446dcedd42276fc99ee.php 第 81 行.
SQL: SELECT `name` FROM `user` WHERE ( id=18 )  [ RunTime:0.0003s ]
NOTIC: [2] Invalid argument supplied for foreach() D:\wamp\www\hwxxtj\Application\Runtime\Cache\Home\2a94b8bda04ff446dcedd42276fc99ee.php 第 81 行.
INFO: Run Behavior\ParseTemplateBehavior [ RunTime:0.050365s ]
INFO: [ view_parse ] --END-- [ RunTime:0.050569s ]
INFO: [ view_filter ] --START--
INFO: Run Behavior\WriteHtmlCacheBehavior [ RunTime:0.001591s ]
INFO: [ view_filter ] --END-- [ RunTime:0.001784s ]
INFO: [ app_end ] --START--
INFO: Run Behavior\ShowPageTraceBehavior [ RunTime:0.002122s ]
INFO: [ app_end ] --END-- [ RunTime:0.002317s ]

[ 2015-03-26T08:17:10+08:00 ] 10.173.35.215 /hwxxtj/index.php/Home/Index/login
INFO: [ app_init ] --START--
INFO: Run Behavior\BuildLiteBehavior [ RunTime:0.000049s ]
INFO: [ app_init ] --END-- [ RunTime:0.000870s ]
INFO: [ app_begin ] --START--
INFO: Run Behavior\ReadHtmlCacheBehavior [ RunTime:0.001120s ]
INFO: [ app_begin ] --END-- [ RunTime:0.001324s ]
INFO: [ view_parse ] --START--
INFO: [ template_filter ] --START--
INFO: Run Behavior\ContentReplaceBehavior [ RunTime:0.000080s ]
INFO: [ template_filter ] --END-- [ RunTime:0.000214s ]
INFO: Run Behavior\ParseTemplateBehavior [ RunTime:0.012898s ]
INFO: [ view_parse ] --END-- [ RunTime:0.013057s ]
INFO: [ view_filter ] --START--
INFO: Run Behavior\WriteHtmlCacheBehavior [ RunTime:0.000298s ]
INFO: [ view_filter ] --END-- [ RunTime:0.000405s ]
INFO: [ app_end ] --START--
INFO: Run Behavior\ShowPageTraceBehavior [ RunTime:0.000669s ]
INFO: [ app_end ] --END-- [ RunTime:0.000782s ]

[ 2015-03-26T14:31:19+08:00 ] 192.168.233.21 /hwxxtj/
INFO: [ app_init ] --START--
INFO: Run Behavior\BuildLiteBehavior [ RunTime:0.000030s ]
INFO: [ app_init ] --END-- [ RunTime:0.001516s ]
INFO: [ app_begin ] --START--
INFO: Run Behavior\ReadHtmlCacheBehavior [ RunTime:0.001020s ]
INFO: [ app_begin ] --END-- [ RunTime:0.001139s ]
SQL: SHOW COLUMNS FROM `schedule` [ RunTime:0.0115s ]
SQL: SHOW COLUMNS FROM `special` [ RunTime:0.0039s ]
SQL: SELECT DISTINCT  `schoolYear`,`term` FROM `schedule` ORDER BY schoolYear,term asc  [ RunTime:0.0020s ]
SQL: SELECT DISTINCT  `week` FROM `schedule` WHERE ( schoolYear="2014-2015" and term="2" ) ORDER BY week asc  [ RunTime:0.0012s ]
SQL: SELECT * FROM `schedule` WHERE ( week="2" and schoolYear="2014-2015" and term="2" )  [ RunTime:0.0003s ]
SQL: SELECT * FROM `special` WHERE ( week="2" and schoolYear="2014-2015" and term="2" )  [ RunTime:0.0003s ]
INFO: [ view_parse ] --START--
INFO: [ template_filter ] --START--
INFO: Run Behavior\ContentReplaceBehavior [ RunTime:0.000083s ]
INFO: [ template_filter ] --END-- [ RunTime:0.000170s ]
NOTIC: [8] Undefined variable: user D:\wamp\www\hwxxtj\Application\Runtime\Cache\Home\2a94b8bda04ff446dcedd42276fc99ee.php 第 18 行.
NOTIC: [8] Undefined variable: user D:\wamp\www\hwxxtj\Application\Runtime\Cache\Home\2a94b8bda04ff446dcedd42276fc99ee.php 第 24 行.
SQL: SHOW COLUMNS FROM `user` [ RunTime:0.0033s ]
SQL: SELECT `name` FROM `user` WHERE ( id=2 )  [ RunTime:0.0003s ]
SQL: SELECT `name` FROM `user` WHERE ( id=16 )  [ RunTime:0.0002s ]
SQL: SELECT `name` FROM `user` WHERE ( id=17 )  [ RunTime:0.0001s ]
SQL: SELECT `name` FROM `user` WHERE ( id=2 )  [ RunTime:0.0001s ]
SQL: SELECT `name` FROM `user` WHERE ( id=15 )  [ RunTime:0.0001s ]
SQL: SELECT `name` FROM `user` WHERE ( id=16 )  [ RunTime:0.0001s ]
NOTIC: [2] Invalid argument supplied for foreach() D:\wamp\www\hwxxtj\Application\Runtime\Cache\Home\2a94b8bda04ff446dcedd42276fc99ee.php 第 81 行.
SQL: SELECT `name` FROM `user` WHERE ( id=18 )  [ RunTime:0.0001s ]
NOTIC: [2] Invalid argument supplied for foreach() D:\wamp\www\hwxxtj\Application\Runtime\Cache\Home\2a94b8bda04ff446dcedd42276fc99ee.php 第 81 行.
INFO: Run Behavior\ParseTemplateBehavior [ RunTime:0.023854s ]
INFO: [ view_parse ] --END-- [ RunTime:0.023947s ]
INFO: [ view_filter ] --START--
INFO: Run Behavior\WriteHtmlCacheBehavior [ RunTime:0.000770s ]
INFO: [ view_filter ] --END-- [ RunTime:0.000851s ]
INFO: [ app_end ] --START--
INFO: Run Behavior\ShowPageTraceBehavior [ RunTime:0.000926s ]
INFO: [ app_end ] --END-- [ RunTime:0.001001s ]

[ 2015-03-26T14:31:19+08:00 ] 192.168.233.21 /hwxxtj/index.php/Home/Index/login
INFO: [ app_init ] --START--
INFO: Run Behavior\BuildLiteBehavior [ RunTime:0.000022s ]
INFO: [ app_init ] --END-- [ RunTime:0.000359s ]
INFO: [ app_begin ] --START--
INFO: Run Behavior\ReadHtmlCacheBehavior [ RunTime:0.000452s ]
INFO: [ app_begin ] --END-- [ RunTime:0.000533s ]
INFO: [ view_parse ] --START--
INFO: [ template_filter ] --START--
INFO: Run Behavior\ContentReplaceBehavior [ RunTime:0.000058s ]
INFO: [ template_filter ] --END-- [ RunTime:0.000162s ]
INFO: Run Behavior\ParseTemplateBehavior [ RunTime:0.007268s ]
INFO: [ view_parse ] --END-- [ RunTime:0.007360s ]
INFO: [ view_filter ] --START--
INFO: Run Behavior\WriteHtmlCacheBehavior [ RunTime:0.000215s ]
INFO: [ view_filter ] --END-- [ RunTime:0.000284s ]
INFO: [ app_end ] --START--
INFO: Run Behavior\ShowPageTraceBehavior [ RunTime:0.000465s ]
INFO: [ app_end ] --END-- [ RunTime:0.000539s ]

[ 2015-03-26T14:36:39+08:00 ] 192.168.233.21 /hwxxtj/
INFO: [ app_init ] --START--
INFO: Run Behavior\BuildLiteBehavior [ RunTime:0.000023s ]
INFO: [ app_init ] --END-- [ RunTime:0.000417s ]
INFO: [ app_begin ] --START--
INFO: Run Behavior\ReadHtmlCacheBehavior [ RunTime:0.000574s ]
INFO: [ app_begin ] --END-- [ RunTime:0.000666s ]
SQL: SHOW COLUMNS FROM `schedule` [ RunTime:0.0033s ]
SQL: SHOW COLUMNS FROM `special` [ RunTime:0.0025s ]
SQL: SELECT DISTINCT  `schoolYear`,`term` FROM `schedule` ORDER BY schoolYear,term asc  [ RunTime:0.0004s ]
SQL: SELECT DISTINCT  `week` FROM `schedule` WHERE ( schoolYear="2014-2015" and term="2" ) ORDER BY week asc  [ RunTime:0.0003s ]
SQL: SELECT * FROM `schedule` WHERE ( week="2" and schoolYear="2014-2015" and term="2" )  [ RunTime:0.0002s ]
SQL: SELECT * FROM `special` WHERE ( week="2" and schoolYear="2014-2015" and term="2" )  [ RunTime:0.0002s ]
INFO: [ view_parse ] --START--
INFO: [ template_filter ] --START--
INFO: Run Behavior\ContentReplaceBehavior [ RunTime:0.000086s ]
INFO: [ template_filter ] --END-- [ RunTime:0.000178s ]
NOTIC: [8] Undefined variable: user D:\wamp\www\hwxxtj\Application\Runtime\Cache\Home\2a94b8bda04ff446dcedd42276fc99ee.php 第 18 行.
NOTIC: [8] Undefined variable: user D:\wamp\www\hwxxtj\Application\Runtime\Cache\Home\2a94b8bda04ff446dcedd42276fc99ee.php 第 24 行.
SQL: SHOW COLUMNS FROM `user` [ RunTime:0.0025s ]
SQL: SELECT `name` FROM `user` WHERE ( id=2 )  [ RunTime:0.0002s ]
SQL: SELECT `name` FROM `user` WHERE ( id=16 )  [ RunTime:0.0002s ]
SQL: SELECT `name` FROM `user` WHERE ( id=17 )  [ RunTime:0.0001s ]
SQL: SELECT `name` FROM `user` WHERE ( id=2 )  [ RunTime:0.0001s ]
SQL: SELECT `name` FROM `user` WHERE ( id=15 )  [ RunTime:0.0001s ]
SQL: SELECT `name` FROM `user` WHERE ( id=16 )  [ RunTime:0.0001s ]
NOTIC: [2] Invalid argument supplied for foreach() D:\wamp\www\hwxxtj\Application\Runtime\Cache\Home\2a94b8bda04ff446dcedd42276fc99ee.php 第 81 行.
SQL: SELECT `name` FROM `user` WHERE ( id=18 )  [ RunTime:0.0002s ]
NOTIC: [2] Invalid argument supplied for foreach() D:\wamp\www\hwxxtj\Application\Runtime\Cache\Home\2a94b8bda04ff446dcedd42276fc99ee.php 第 81 行.
INFO: Run Behavior\ParseTemplateBehavior [ RunTime:0.016987s ]
INFO: [ view_parse ] --END-- [ RunTime:0.017070s ]
INFO: [ view_filter ] --START--
INFO: Run Behavior\WriteHtmlCacheBehavior [ RunTime:0.000382s ]
INFO: [ view_filter ] --END-- [ RunTime:0.000462s ]
INFO: [ app_end ] --START--
INFO: Run Behavior\ShowPageTraceBehavior [ RunTime:0.000535s ]
INFO: [ app_end ] --END-- [ RunTime:0.000610s ]

[ 2015-03-26T14:36:39+08:00 ] 192.168.233.21 /hwxxtj/index.php/Home/Index/login
INFO: [ app_init ] --START--
INFO: Run Behavior\BuildLiteBehavior [ RunTime:0.000022s ]
INFO: [ app_init ] --END-- [ RunTime:0.000384s ]
INFO: [ app_begin ] --START--
INFO: Run Behavior\ReadHtmlCacheBehavior [ RunTime:0.000473s ]
INFO: [ app_begin ] --END-- [ RunTime:0.000559s ]
INFO: [ view_parse ] --START--
INFO: [ template_filter ] --START--
INFO: Run Behavior\ContentReplaceBehavior [ RunTime:0.000057s ]
INFO: [ template_filter ] --END-- [ RunTime:0.000162s ]
INFO: Run Behavior\ParseTemplateBehavior [ RunTime:0.007129s ]
INFO: [ view_parse ] --END-- [ RunTime:0.007219s ]
INFO: [ view_filter ] --START--
INFO: Run Behavior\WriteHtmlCacheBehavior [ RunTime:0.000210s ]
INFO: [ view_filter ] --END-- [ RunTime:0.000280s ]
INFO: [ app_end ] --START--
INFO: Run Behavior\ShowPageTraceBehavior [ RunTime:0.000470s ]
INFO: [ app_end ] --END-- [ RunTime:0.000551s ]

[ 2015-03-26T14:37:56+08:00 ] 192.168.233.21 /hwxxtj/
INFO: [ app_init ] --START--
INFO: Run Behavior\BuildLiteBehavior [ RunTime:0.000037s ]
INFO: [ app_init ] --END-- [ RunTime:0.000653s ]
INFO: [ app_begin ] --START--
INFO: Run Behavior\ReadHtmlCacheBehavior [ RunTime:0.001051s ]
INFO: [ app_begin ] --END-- [ RunTime:0.001223s ]
SQL: SHOW COLUMNS FROM `schedule` [ RunTime:0.0036s ]
SQL: SHOW COLUMNS FROM `special` [ RunTime:0.0037s ]
SQL: SELECT DISTINCT  `schoolYear`,`term` FROM `schedule` ORDER BY schoolYear,term asc  [ RunTime:0.0006s ]
SQL: SELECT DISTINCT  `week` FROM `schedule` WHERE ( schoolYear="2014-2015" and term="2" ) ORDER BY week asc  [ RunTime:0.0005s ]
SQL: SELECT * FROM `schedule` WHERE ( week="2" and schoolYear="2014-2015" and term="2" )  [ RunTime:0.0004s ]
SQL: SELECT * FROM `special` WHERE ( week="2" and schoolYear="2014-2015" and term="2" )  [ RunTime:0.0003s ]
INFO: [ view_parse ] --START--
INFO: [ template_filter ] --START--
INFO: Run Behavior\ContentReplaceBehavior [ RunTime:0.000150s ]
INFO: [ template_filter ] --END-- [ RunTime:0.000358s ]
NOTIC: [8] Undefined variable: user D:\wamp\www\hwxxtj\Application\Runtime\Cache\Home\2a94b8bda04ff446dcedd42276fc99ee.php 第 18 行.
NOTIC: [8] Undefined variable: user D:\wamp\www\hwxxtj\Application\Runtime\Cache\Home\2a94b8bda04ff446dcedd42276fc99ee.php 第 24 行.
SQL: SHOW COLUMNS FROM `user` [ RunTime:0.0038s ]
SQL: SELECT `name` FROM `user` WHERE ( id=2 )  [ RunTime:0.0003s ]
SQL: SELECT `name` FROM `user` WHERE ( id=16 )  [ RunTime:0.0002s ]
SQL: SELECT `name` FROM `user` WHERE ( id=17 )  [ RunTime:0.0002s ]
SQL: SELECT `name` FROM `user` WHERE ( id=2 )  [ RunTime:0.0005s ]
SQL: SELECT `name` FROM `user` WHERE ( id=15 )  [ RunTime:0.0004s ]
SQL: SELECT `name` FROM `user` WHERE ( id=16 )  [ RunTime:0.0003s ]
NOTIC: [2] Invalid argument supplied for foreach() D:\wamp\www\hwxxtj\Application\Runtime\Cache\Home\2a94b8bda04ff446dcedd42276fc99ee.php 第 81 行.
SQL: SELECT `name` FROM `user` WHERE ( id=18 )  [ RunTime:0.0003s ]
NOTIC: [2] Invalid argument supplied for foreach() D:\wamp\www\hwxxtj\Application\Runtime\Cache\Home\2a94b8bda04ff446dcedd42276fc99ee.php 第 81 行.
INFO: Run Behavior\ParseTemplateBehavior [ RunTime:0.025035s ]
INFO: [ view_parse ] --END-- [ RunTime:0.025176s ]
INFO: [ view_filter ] --START--
INFO: Run Behavior\WriteHtmlCacheBehavior [ RunTime:0.000723s ]
INFO: [ view_filter ] --END-- [ RunTime:0.000888s ]
INFO: [ app_end ] --START--
INFO: Run Behavior\ShowPageTraceBehavior [ RunTime:0.000924s ]
INFO: [ app_end ] --END-- [ RunTime:0.001107s ]

[ 2015-03-26T14:37:56+08:00 ] 192.168.233.21 /hwxxtj/index.php/Home/Index/login
INFO: [ app_init ] --START--
INFO: Run Behavior\BuildLiteBehavior [ RunTime:0.000023s ]
INFO: [ app_init ] --END-- [ RunTime:0.000445s ]
INFO: [ app_begin ] --START--
INFO: Run Behavior\ReadHtmlCacheBehavior [ RunTime:0.000805s ]
INFO: [ app_begin ] --END-- [ RunTime:0.000977s ]
INFO: [ view_parse ] --START--
INFO: [ template_filter ] --START--
INFO: Run Behavior\ContentReplaceBehavior [ RunTime:0.000096s ]
INFO: [ template_filter ] --END-- [ RunTime:0.000272s ]
INFO: Run Behavior\ParseTemplateBehavior [ RunTime:0.011743s ]
INFO: [ view_parse ] --END-- [ RunTime:0.011925s ]
INFO: [ view_filter ] --START--
INFO: Run Behavior\WriteHtmlCacheBehavior [ RunTime:0.000353s ]
INFO: [ view_filter ] --END-- [ RunTime:0.000517s ]
INFO: [ app_end ] --START--
INFO: Run Behavior\ShowPageTraceBehavior [ RunTime:0.000776s ]
INFO: [ app_end ] --END-- [ RunTime:0.000920s ]

[ 2015-03-26T14:38:02+08:00 ] 192.168.233.21 /hwxxtj/index.php/Home/Index/loginVerify
INFO: [ app_init ] --START--
INFO: Run Behavior\BuildLiteBehavior [ RunTime:0.000024s ]
INFO: [ app_init ] --END-- [ RunTime:0.000374s ]
INFO: [ app_begin ] --START--
INFO: Run Behavior\ReadHtmlCacheBehavior [ RunTime:0.000469s ]
INFO: [ app_begin ] --END-- [ RunTime:0.000568s ]
SQL: SHOW COLUMNS FROM `user` [ RunTime:0.0027s ]
SQL: SELECT * FROM `user` WHERE ( number="88888888" )  [ RunTime:0.0003s ]
INFO: [ app_end ] --START--
INFO: Run Behavior\ShowPageTraceBehavior [ RunTime:0.000710s ]
INFO: [ app_end ] --END-- [ RunTime:0.000824s ]

[ 2015-03-26T14:38:02+08:00 ] 192.168.233.21 /hwxxtj/index.php/Home/Index/index
INFO: [ app_init ] --START--
INFO: Run Behavior\BuildLiteBehavior [ RunTime:0.000025s ]
INFO: [ app_init ] --END-- [ RunTime:0.000402s ]
INFO: [ app_begin ] --START--
INFO: Run Behavior\ReadHtmlCacheBehavior [ RunTime:0.000528s ]
INFO: [ app_begin ] --END-- [ RunTime:0.000633s ]
SQL: SHOW COLUMNS FROM `schedule` [ RunTime:0.0029s ]
SQL: SHOW COLUMNS FROM `special` [ RunTime:0.0025s ]
SQL: SELECT DISTINCT  `schoolYear`,`term` FROM `schedule` ORDER BY schoolYear,term asc  [ RunTime:0.0004s ]
SQL: SELECT DISTINCT  `week` FROM `schedule` WHERE ( schoolYear="2014-2015" and term="2" ) ORDER BY week asc  [ RunTime:0.0003s ]
SQL: SELECT * FROM `schedule` WHERE ( week="2" and schoolYear="2014-2015" and term="2" )  [ RunTime:0.0002s ]
SQL: SELECT * FROM `special` WHERE ( week="2" and schoolYear="2014-2015" and term="2" )  [ RunTime:0.0002s ]
INFO: [ view_parse ] --START--
INFO: [ template_filter ] --START--
INFO: Run Behavior\ContentReplaceBehavior [ RunTime:0.000101s ]
INFO: [ template_filter ] --END-- [ RunTime:0.000201s ]
SQL: SHOW COLUMNS FROM `user` [ RunTime:0.0026s ]
SQL: SELECT `name` FROM `user` WHERE ( id=2 )  [ RunTime:0.0002s ]
SQL: SELECT `name` FROM `user` WHERE ( id=16 )  [ RunTime:0.0001s ]
SQL: SELECT `name` FROM `user` WHERE ( id=17 )  [ RunTime:0.0001s ]
SQL: SELECT `name` FROM `user` WHERE ( id=2 )  [ RunTime:0.0001s ]
SQL: SELECT `name` FROM `user` WHERE ( id=15 )  [ RunTime:0.0001s ]
SQL: SELECT `name` FROM `user` WHERE ( id=16 )  [ RunTime:0.0001s ]
NOTIC: [2] Invalid argument supplied for foreach() D:\wamp\www\hwxxtj\Application\Runtime\Cache\Home\2a94b8bda04ff446dcedd42276fc99ee.php 第 81 行.
SQL: SELECT `name` FROM `user` WHERE ( id=18 )  [ RunTime:0.0001s ]
NOTIC: [2] Invalid argument supplied for foreach() D:\wamp\www\hwxxtj\Application\Runtime\Cache\Home\2a94b8bda04ff446dcedd42276fc99ee.php 第 81 行.
INFO: Run Behavior\ParseTemplateBehavior [ RunTime:0.018927s ]
INFO: [ view_parse ] --END-- [ RunTime:0.019008s ]
INFO: [ view_filter ] --START--
INFO: Run Behavior\WriteHtmlCacheBehavior [ RunTime:0.000317s ]
INFO: [ view_filter ] --END-- [ RunTime:0.000397s ]
INFO: [ app_end ] --START--
INFO: Run Behavior\ShowPageTraceBehavior [ RunTime:0.000462s ]
INFO: [ app_end ] --END-- [ RunTime:0.000581s ]

[ 2015-03-26T14:38:08+08:00 ] 192.168.233.21 /hwxxtj/index.php/Home/Index/proLead
INFO: [ app_init ] --START--
INFO: Run Behavior\BuildLiteBehavior [ RunTime:0.000027s ]
INFO: [ app_init ] --END-- [ RunTime:0.000463s ]
INFO: [ app_begin ] --START--
INFO: Run Behavior\ReadHtmlCacheBehavior [ RunTime:0.000592s ]
INFO: [ app_begin ] --END-- [ RunTime:0.000724s ]
SQL: SHOW COLUMNS FROM `schedule` [ RunTime:0.0028s ]
SQL: SELECT DISTINCT  `schoolYear`,`term` FROM `schedule` ORDER BY schoolYear,term asc  [ RunTime:0.0004s ]
SQL: SELECT DISTINCT  `week` FROM `schedule` WHERE ( schoolYear="2014-2015" and term="2" ) ORDER BY week asc  [ RunTime:0.0008s ]
SQL: SELECT * FROM `schedule` WHERE ( week="2" and schoolYear="2014-2015" and term="2" )  [ RunTime:0.0003s ]
SQL: SELECT * FROM `schedule` WHERE ( id="14" )  [ RunTime:0.0002s ]
SQL: SHOW COLUMNS FROM `workcount` [ RunTime:0.0068s ]
SQL: SELECT * FROM `workcount` WHERE ( proId="14" )  [ RunTime:0.0003s ]
SQL: SHOW COLUMNS FROM `unit` [ RunTime:0.0041s ]
SQL: SELECT * FROM `unit`  [ RunTime:0.0002s ]
INFO: [ view_parse ] --START--
INFO: [ template_filter ] --START--
INFO: Run Behavior\ContentReplaceBehavior [ RunTime:0.000128s ]
INFO: [ template_filter ] --END-- [ RunTime:0.000229s ]
SQL: SHOW COLUMNS FROM `user` [ RunTime:0.0025s ]
SQL: SELECT * FROM `user` WHERE ( id="18" )  [ RunTime:0.0002s ]
INFO: Run Behavior\ParseTemplateBehavior [ RunTime:0.016094s ]
INFO: [ view_parse ] --END-- [ RunTime:0.016182s ]
INFO: [ view_filter ] --START--
INFO: Run Behavior\WriteHtmlCacheBehavior [ RunTime:0.000571s ]
INFO: [ view_filter ] --END-- [ RunTime:0.000683s ]
INFO: [ app_end ] --START--
INFO: Run Behavior\ShowPageTraceBehavior [ RunTime:0.000506s ]
INFO: [ app_end ] --END-- [ RunTime:0.000588s ]

[ 2015-03-26T14:38:10+08:00 ] 192.168.233.21 /hwxxtj/index.php/Home/Index/proLead/2014-2015/2/2/13
INFO: [ app_init ] --START--
INFO: Run Behavior\BuildLiteBehavior [ RunTime:0.000040s ]
INFO: [ app_init ] --END-- [ RunTime:0.000458s ]
INFO: [ app_begin ] --START--
INFO: Run Behavior\ReadHtmlCacheBehavior [ RunTime:0.000563s ]
INFO: [ app_begin ] --END-- [ RunTime:0.000666s ]
SQL: SHOW COLUMNS FROM `schedule` [ RunTime:0.0033s ]
SQL: SELECT DISTINCT  `schoolYear`,`term` FROM `schedule` ORDER BY schoolYear,term asc  [ RunTime:0.0005s ]
SQL: SELECT DISTINCT  `week` FROM `schedule` WHERE ( schoolYear="2014-2015" and term="2" )  [ RunTime:0.0004s ]
SQL: SELECT * FROM `schedule` WHERE ( week="2" and schoolYear="2014-2015" and term="2" )  [ RunTime:0.0004s ]
SQL: SELECT * FROM `schedule` WHERE ( id="13" )  [ RunTime:0.0003s ]
SQL: SHOW COLUMNS FROM `workcount` [ RunTime:0.0027s ]
SQL: SELECT * FROM `workcount` WHERE ( proId="13" )  [ RunTime:0.0003s ]
SQL: SHOW COLUMNS FROM `unit` [ RunTime:0.0024s ]
SQL: SELECT * FROM `unit`  [ RunTime:0.0003s ]
INFO: [ view_parse ] --START--
INFO: [ template_filter ] --START--
INFO: Run Behavior\ContentReplaceBehavior [ RunTime:0.000131s ]
INFO: [ template_filter ] --END-- [ RunTime:0.000226s ]
SQL: SHOW COLUMNS FROM `user` [ RunTime:0.0025s ]
SQL: SELECT * FROM `user` WHERE ( id="16" )  [ RunTime:0.0003s ]
INFO: Run Behavior\ParseTemplateBehavior [ RunTime:0.016282s ]
INFO: [ view_parse ] --END-- [ RunTime:0.016372s ]
INFO: [ view_filter ] --START--
INFO: Run Behavior\WriteHtmlCacheBehavior [ RunTime:0.000283s ]
INFO: [ view_filter ] --END-- [ RunTime:0.000385s ]
INFO: [ app_end ] --START--
INFO: Run Behavior\ShowPageTraceBehavior [ RunTime:0.000452s ]
INFO: [ app_end ] --END-- [ RunTime:0.000543s ]

[ 2015-03-26T14:38:11+08:00 ] 192.168.233.21 /hwxxtj/index.php/Home/Index/proLead/2014-2015/2/2/12
INFO: [ app_init ] --START--
INFO: Run Behavior\BuildLiteBehavior [ RunTime:0.000020s ]
INFO: [ app_init ] --END-- [ RunTime:0.000333s ]
INFO: [ app_begin ] --START--
INFO: Run Behavior\ReadHtmlCacheBehavior [ RunTime:0.000542s ]
INFO: [ app_begin ] --END-- [ RunTime:0.000644s ]
SQL: SHOW COLUMNS FROM `schedule` [ RunTime:0.0034s ]
SQL: SELECT DISTINCT  `schoolYear`,`term` FROM `schedule` ORDER BY schoolYear,term asc  [ RunTime:0.0004s ]
SQL: SELECT DISTINCT  `week` FROM `schedule` WHERE ( schoolYear="2014-2015" and term="2" )  [ RunTime:0.0003s ]
SQL: SELECT * FROM `schedule` WHERE ( week="2" and schoolYear="2014-2015" and term="2" )  [ RunTime:0.0003s ]
SQL: SELECT * FROM `schedule` WHERE ( id="12" )  [ RunTime:0.0002s ]
SQL: SHOW COLUMNS FROM `workcount` [ RunTime:0.0028s ]
SQL: SELECT * FROM `workcount` WHERE ( proId="12" )  [ RunTime:0.0003s ]
SQL: SHOW COLUMNS FROM `unit` [ RunTime:0.0023s ]
SQL: SELECT * FROM `unit`  [ RunTime:0.0002s ]
INFO: [ view_parse ] --START--
INFO: [ template_filter ] --START--
INFO: Run Behavior\ContentReplaceBehavior [ RunTime:0.000120s ]
INFO: [ template_filter ] --END-- [ RunTime:0.000216s ]
SQL: SHOW COLUMNS FROM `user` [ RunTime:0.0025s ]
SQL: SELECT * FROM `user` WHERE ( id="2" )  [ RunTime:0.0002s ]
SQL: SELECT * FROM `user` WHERE ( id="15" )  [ RunTime:0.0001s ]
INFO: Run Behavior\ParseTemplateBehavior [ RunTime:0.015992s ]
INFO: [ view_parse ] --END-- [ RunTime:0.016078s ]
INFO: [ view_filter ] --START--
INFO: Run Behavior\WriteHtmlCacheBehavior [ RunTime:0.000284s ]
INFO: [ view_filter ] --END-- [ RunTime:0.000383s ]
INFO: [ app_end ] --START--
INFO: Run Behavior\ShowPageTraceBehavior [ RunTime:0.000448s ]
INFO: [ app_end ] --END-- [ RunTime:0.000522s ]

[ 2015-03-26T14:38:48+08:00 ] 192.168.233.21 /hwxxtj/index.php/Home/Index/userSet
INFO: [ app_init ] --START--
INFO: Run Behavior\BuildLiteBehavior [ RunTime:0.000231s ]
INFO: [ app_init ] --END-- [ RunTime:0.000762s ]
INFO: [ app_begin ] --START--
INFO: Run Behavior\ReadHtmlCacheBehavior [ RunTime:0.000687s ]
INFO: [ app_begin ] --END-- [ RunTime:0.000806s ]
SQL: SHOW COLUMNS FROM `user` [ RunTime:0.0025s ]
SQL: SELECT * FROM `user` WHERE ( id!=1 )  [ RunTime:0.0004s ]
INFO: [ view_parse ] --START--
INFO: [ template_filter ] --START--
INFO: Run Behavior\ContentReplaceBehavior [ RunTime:0.000080s ]
INFO: [ template_filter ] --END-- [ RunTime:0.000182s ]
INFO: Run Behavior\ParseTemplateBehavior [ RunTime:0.012917s ]
INFO: [ view_parse ] --END-- [ RunTime:0.013011s ]
INFO: [ view_filter ] --START--
INFO: Run Behavior\WriteHtmlCacheBehavior [ RunTime:0.000221s ]
INFO: [ view_filter ] --END-- [ RunTime:0.000299s ]
INFO: [ app_end ] --START--
INFO: Run Behavior\ShowPageTraceBehavior [ RunTime:0.000434s ]
INFO: [ app_end ] --END-- [ RunTime:0.000507s ]

