[ 2015-03-21T00:01:44+08:00 ] 127.0.0.1 /hwxxtj/index.php/Home/Excel/proExcel
INFO: [ app_init ] --START--
INFO: Run Behavior\BuildLiteBehavior [ RunTime:0.000029s ]
INFO: [ app_init ] --END-- [ RunTime:0.000578s ]
INFO: [ app_begin ] --START--
INFO: Run Behavior\ReadHtmlCacheBehavior [ RunTime:0.000886s ]
INFO: [ app_begin ] --END-- [ RunTime:0.001006s ]
SQL: SHOW COLUMNS FROM `schedule` [ RunTime:0.0041s ]
SQL: SHOW COLUMNS FROM `special` [ RunTime:0.0040s ]
NOTIC: [8] Undefined variable: pro D:\wamp\www\hwxxtj\Application\Home\Controller\ExcelController.class.php 第 16 行.

[ 2015-03-21T00:02:25+08:00 ] 127.0.0.1 /hwxxtj/index.php/Home/Excel/proExcel
INFO: [ app_init ] --START--
INFO: Run Behavior\BuildLiteBehavior [ RunTime:0.000021s ]
INFO: [ app_init ] --END-- [ RunTime:0.000415s ]
INFO: [ app_begin ] --START--
INFO: Run Behavior\ReadHtmlCacheBehavior [ RunTime:0.000620s ]
INFO: [ app_begin ] --END-- [ RunTime:0.000702s ]
SQL: SHOW COLUMNS FROM `schedule` [ RunTime:0.0038s ]
SQL: SHOW COLUMNS FROM `special` [ RunTime:0.0035s ]
SQL: SELECT * FROM `schedule` WHERE ( week=1 )  [ RunTime:0.0004s ]
SQL: SELECT * FROM `special` WHERE ( week=1 )  [ RunTime:0.0003s ]
NOTIC: [8] Undefined index: year D:\wamp\www\hwxxtj\Application\Home\Controller\ExcelController.class.php 第 69 行.

[ 2015-03-21T00:03:30+08:00 ] 127.0.0.1 /hwxxtj/index.php/Home/Excel/proExcel
INFO: [ app_init ] --START--
INFO: Run Behavior\BuildLiteBehavior [ RunTime:0.000032s ]
INFO: [ app_init ] --END-- [ RunTime:0.000611s ]
INFO: [ app_begin ] --START--
INFO: Run Behavior\ReadHtmlCacheBehavior [ RunTime:0.000940s ]
INFO: [ app_begin ] --END-- [ RunTime:0.001064s ]
SQL: SHOW COLUMNS FROM `schedule` [ RunTime:0.0030s ]
SQL: SHOW COLUMNS FROM `special` [ RunTime:0.0029s ]
SQL: SELECT * FROM `schedule` WHERE ( week=1 )  [ RunTime:0.0003s ]
SQL: SELECT * FROM `special` WHERE ( week=1 )  [ RunTime:0.0002s ]

[ 2015-03-21T00:04:44+08:00 ] 127.0.0.1 /hwxxtj/index.php/Home/Excel/proExcel
INFO: [ app_init ] --START--
INFO: Run Behavior\BuildLiteBehavior [ RunTime:0.000027s ]
INFO: [ app_init ] --END-- [ RunTime:0.000533s ]
INFO: [ app_begin ] --START--
INFO: Run Behavior\ReadHtmlCacheBehavior [ RunTime:0.000976s ]
INFO: [ app_begin ] --END-- [ RunTime:0.001087s ]
SQL: SHOW COLUMNS FROM `schedule` [ RunTime:0.0042s ]
SQL: SHOW COLUMNS FROM `special` [ RunTime:0.0028s ]
SQL: SELECT * FROM `schedule` WHERE ( week=1 )  [ RunTime:0.0004s ]
SQL: SELECT * FROM `special` WHERE ( week=1 )  [ RunTime:0.0003s ]

[ 2015-03-21T00:14:08+08:00 ] 127.0.0.1 /hwxxtj/index.php/Home/Excel/proExcel
INFO: [ app_init ] --START--
INFO: Run Behavior\BuildLiteBehavior [ RunTime:0.000023s ]
INFO: [ app_init ] --END-- [ RunTime:0.000447s ]
INFO: [ app_begin ] --START--
INFO: Run Behavior\ReadHtmlCacheBehavior [ RunTime:0.000676s ]
INFO: [ app_begin ] --END-- [ RunTime:0.000791s ]
SQL: SHOW COLUMNS FROM `schedule` [ RunTime:0.0038s ]
SQL: SHOW COLUMNS FROM `special` [ RunTime:0.0030s ]
SQL: SELECT * FROM `schedule` WHERE ( week=1 )  [ RunTime:0.0004s ]
SQL: SELECT * FROM `special` WHERE ( week=1 )  [ RunTime:0.0003s ]

[ 2015-03-21T00:15:12+08:00 ] 127.0.0.1 /hwxxtj/index.php/Home/Excel/proExcel
INFO: [ app_init ] --START--
INFO: Run Behavior\BuildLiteBehavior [ RunTime:0.000026s ]
INFO: [ app_init ] --END-- [ RunTime:0.000485s ]
INFO: [ app_begin ] --START--
INFO: Run Behavior\ReadHtmlCacheBehavior [ RunTime:0.000856s ]
INFO: [ app_begin ] --END-- [ RunTime:0.000968s ]
SQL: SHOW COLUMNS FROM `schedule` [ RunTime:0.0034s ]
SQL: SHOW COLUMNS FROM `special` [ RunTime:0.0029s ]
SQL: SELECT * FROM `schedule` WHERE ( week=1 )  [ RunTime:0.0005s ]
SQL: SELECT * FROM `special` WHERE ( week=1 )  [ RunTime:0.0003s ]

[ 2015-03-21T02:19:46+08:00 ] 127.0.0.1 /hwxxtj/index.php/Home/Excel/proExcel
INFO: [ app_init ] --START--
INFO: Run Behavior\BuildLiteBehavior [ RunTime:0.000030s ]
INFO: [ app_init ] --END-- [ RunTime:0.000973s ]
INFO: [ app_begin ] --START--
INFO: Run Behavior\ReadHtmlCacheBehavior [ RunTime:0.002794s ]
INFO: [ app_begin ] --END-- [ RunTime:0.002925s ]
SQL: SHOW COLUMNS FROM `schedule` [ RunTime:0.0044s ]
SQL: SHOW COLUMNS FROM `special` [ RunTime:0.0041s ]
SQL: SELECT * FROM `schedule` WHERE ( week=1 )  [ RunTime:0.0005s ]
SQL: SELECT * FROM `special` WHERE ( week=1 )  [ RunTime:0.0003s ]
SQL: SHOW COLUMNS FROM `user` [ RunTime:0.0028s ]
SQL: SELECT `name` FROM `user` WHERE ( id=15 )  [ RunTime:0.0003s ]
SQL: SELECT `name` FROM `user` WHERE ( id=2 )  [ RunTime:0.0002s ]
SQL: SELECT `name` FROM `user` WHERE ( id=17 )  [ RunTime:0.0001s ]
SQL: SELECT `name` FROM `user` WHERE ( id=15 )  [ RunTime:0.0002s ]
SQL: SELECT `name` FROM `user` WHERE ( id=2 )  [ RunTime:0.0001s ]
SQL: SELECT `name` FROM `user` WHERE ( id=17 )  [ RunTime:0.0001s ]
SQL: SELECT `name` FROM `user` WHERE ( id=15 )  [ RunTime:0.0002s ]
SQL: SELECT `name` FROM `user` WHERE ( id=2 )  [ RunTime:0.0001s ]
SQL: SELECT `name` FROM `user` WHERE ( id=17 )  [ RunTime:0.0001s ]

[ 2015-03-21T02:26:11+08:00 ] 127.0.0.1 /hwxxtj/index.php/Home/Excel/proExcel
INFO: [ app_init ] --START--
INFO: Run Behavior\BuildLiteBehavior [ RunTime:0.000032s ]
INFO: [ app_init ] --END-- [ RunTime:0.000610s ]
INFO: [ app_begin ] --START--
INFO: Run Behavior\ReadHtmlCacheBehavior [ RunTime:0.000996s ]
INFO: [ app_begin ] --END-- [ RunTime:0.001129s ]
SQL: SHOW COLUMNS FROM `schedule` [ RunTime:0.0031s ]
SQL: SHOW COLUMNS FROM `special` [ RunTime:0.0031s ]
SQL: SELECT * FROM `schedule` WHERE ( week=1 )  [ RunTime:0.0004s ]
SQL: SELECT * FROM `special` WHERE ( week=1 )  [ RunTime:0.0003s ]
SQL: SHOW COLUMNS FROM `user` [ RunTime:0.0235s ]
SQL: SELECT `name` FROM `user` WHERE ( id=15 )  [ RunTime:0.0003s ]
SQL: SELECT `name` FROM `user` WHERE ( id=2 )  [ RunTime:0.0003s ]
SQL: SELECT `name` FROM `user` WHERE ( id=17 )  [ RunTime:0.0002s ]
SQL: SELECT `name` FROM `user` WHERE ( id=15 )  [ RunTime:0.0003s ]
SQL: SELECT `name` FROM `user` WHERE ( id=2 )  [ RunTime:0.0002s ]
SQL: SELECT `name` FROM `user` WHERE ( id=17 )  [ RunTime:0.0002s ]
SQL: SELECT `name` FROM `user` WHERE ( id=15 )  [ RunTime:0.0002s ]
SQL: SELECT `name` FROM `user` WHERE ( id=2 )  [ RunTime:0.0002s ]
SQL: SELECT `name` FROM `user` WHERE ( id=17 )  [ RunTime:0.0001s ]

[ 2015-03-21T02:34:33+08:00 ] 127.0.0.1 /hwxxtj/index.php/Home/Excel/proExcel
INFO: [ app_init ] --START--
INFO: Run Behavior\BuildLiteBehavior [ RunTime:0.000028s ]
INFO: [ app_init ] --END-- [ RunTime:0.000440s ]
INFO: [ app_begin ] --START--
INFO: Run Behavior\ReadHtmlCacheBehavior [ RunTime:0.000688s ]
INFO: [ app_begin ] --END-- [ RunTime:0.000786s ]
SQL: SHOW COLUMNS FROM `schedule` [ RunTime:0.0162s ]
SQL: SHOW COLUMNS FROM `special` [ RunTime:0.0032s ]
SQL: SELECT * FROM `schedule` WHERE ( week=1 )  [ RunTime:0.0004s ]
SQL: SELECT * FROM `special` WHERE ( week=1 )  [ RunTime:0.0002s ]

[ 2015-03-21T02:35:23+08:00 ] 127.0.0.1 /hwxxtj/index.php/Home/Excel/proExcel
INFO: [ app_init ] --START--
INFO: Run Behavior\BuildLiteBehavior [ RunTime:0.000022s ]
INFO: [ app_init ] --END-- [ RunTime:0.000452s ]
INFO: [ app_begin ] --START--
INFO: Run Behavior\ReadHtmlCacheBehavior [ RunTime:0.000814s ]
INFO: [ app_begin ] --END-- [ RunTime:0.000911s ]
SQL: SHOW COLUMNS FROM `schedule` [ RunTime:0.0034s ]
SQL: SHOW COLUMNS FROM `special` [ RunTime:0.0026s ]
SQL: SELECT * FROM `schedule` WHERE ( week=1 )  [ RunTime:0.0003s ]
SQL: SELECT * FROM `special` WHERE ( week=1 )  [ RunTime:0.0002s ]
SQL: SHOW COLUMNS FROM `user` [ RunTime:0.0029s ]
SQL: SELECT `name` FROM `user` WHERE ( id=15 )  [ RunTime:0.0003s ]
SQL: SELECT `name` FROM `user` WHERE ( id=2 )  [ RunTime:0.0002s ]
SQL: SELECT `name` FROM `user` WHERE ( id=17 )  [ RunTime:0.0002s ]
NOTIC: [8] Undefined variable: objActSheet D:\wamp\www\hwxxtj\Application\Home\Controller\ExcelController.class.php 第 125 行.

[ 2015-03-21T02:36:16+08:00 ] 127.0.0.1 /hwxxtj/index.php/Home/Excel/proExcel
INFO: [ app_init ] --START--
INFO: Run Behavior\BuildLiteBehavior [ RunTime:0.000021s ]
INFO: [ app_init ] --END-- [ RunTime:0.000415s ]
INFO: [ app_begin ] --START--
INFO: Run Behavior\ReadHtmlCacheBehavior [ RunTime:0.000641s ]
INFO: [ app_begin ] --END-- [ RunTime:0.000731s ]
SQL: SHOW COLUMNS FROM `schedule` [ RunTime:0.0032s ]
SQL: SHOW COLUMNS FROM `special` [ RunTime:0.0028s ]
SQL: SELECT * FROM `schedule` WHERE ( week=1 )  [ RunTime:0.0003s ]
SQL: SELECT * FROM `special` WHERE ( week=1 )  [ RunTime:0.0003s ]
SQL: SHOW COLUMNS FROM `user` [ RunTime:0.0033s ]
SQL: SELECT `name` FROM `user` WHERE ( id=15 )  [ RunTime:0.0002s ]
SQL: SELECT `name` FROM `user` WHERE ( id=2 )  [ RunTime:0.0001s ]
SQL: SELECT `name` FROM `user` WHERE ( id=17 )  [ RunTime:0.0002s ]
SQL: SELECT `name` FROM `user` WHERE ( id=15 )  [ RunTime:0.0002s ]
SQL: SELECT `name` FROM `user` WHERE ( id=2 )  [ RunTime:0.0002s ]
SQL: SELECT `name` FROM `user` WHERE ( id=17 )  [ RunTime:0.0001s ]
SQL: SELECT `name` FROM `user` WHERE ( id=15 )  [ RunTime:0.0002s ]
SQL: SELECT `name` FROM `user` WHERE ( id=2 )  [ RunTime:0.0001s ]
SQL: SELECT `name` FROM `user` WHERE ( id=17 )  [ RunTime:0.0001s ]

[ 2015-03-21T02:38:25+08:00 ] 127.0.0.1 /hwxxtj/index.php/Home/Excel/proExcel
INFO: [ app_init ] --START--
INFO: Run Behavior\BuildLiteBehavior [ RunTime:0.000023s ]
INFO: [ app_init ] --END-- [ RunTime:0.000416s ]
INFO: [ app_begin ] --START--
INFO: Run Behavior\ReadHtmlCacheBehavior [ RunTime:0.000642s ]
INFO: [ app_begin ] --END-- [ RunTime:0.000731s ]
SQL: SHOW COLUMNS FROM `schedule` [ RunTime:0.0149s ]
SQL: SHOW COLUMNS FROM `special` [ RunTime:0.0029s ]
SQL: SELECT * FROM `schedule` WHERE ( week=1 )  [ RunTime:0.0004s ]
SQL: SELECT * FROM `special` WHERE ( week=1 )  [ RunTime:0.0002s ]
SQL: SHOW COLUMNS FROM `user` [ RunTime:0.0031s ]
SQL: SELECT `name` FROM `user` WHERE ( id=15 )  [ RunTime:0.0003s ]
SQL: SELECT `name` FROM `user` WHERE ( id=2 )  [ RunTime:0.0002s ]
SQL: SELECT `name` FROM `user` WHERE ( id=17 )  [ RunTime:0.0002s ]
SQL: SELECT `name` FROM `user` WHERE ( id=15 )  [ RunTime:0.0003s ]
SQL: SELECT `name` FROM `user` WHERE ( id=2 )  [ RunTime:0.0002s ]
SQL: SELECT `name` FROM `user` WHERE ( id=17 )  [ RunTime:0.0002s ]
SQL: SELECT `name` FROM `user` WHERE ( id=15 )  [ RunTime:0.0002s ]
SQL: SELECT `name` FROM `user` WHERE ( id=2 )  [ RunTime:0.0002s ]
SQL: SELECT `name` FROM `user` WHERE ( id=17 )  [ RunTime:0.0003s ]

[ 2015-03-21T02:46:11+08:00 ] 127.0.0.1 /hwxxtj/index.php/Home/Excel/proExcel
INFO: [ app_init ] --START--
INFO: Run Behavior\BuildLiteBehavior [ RunTime:0.000026s ]
INFO: [ app_init ] --END-- [ RunTime:0.000809s ]
INFO: [ app_begin ] --START--
INFO: Run Behavior\ReadHtmlCacheBehavior [ RunTime:0.000673s ]
INFO: [ app_begin ] --END-- [ RunTime:0.000772s ]

[ 2015-03-21T02:46:25+08:00 ] 127.0.0.1 /hwxxtj/index.php/Home/Excel/proExcel
INFO: [ app_init ] --START--
INFO: Run Behavior\BuildLiteBehavior [ RunTime:0.000023s ]
INFO: [ app_init ] --END-- [ RunTime:0.000411s ]
INFO: [ app_begin ] --START--
INFO: Run Behavior\ReadHtmlCacheBehavior [ RunTime:0.000707s ]
INFO: [ app_begin ] --END-- [ RunTime:0.000816s ]
SQL: SHOW COLUMNS FROM `schedule` [ RunTime:0.0041s ]
SQL: SHOW COLUMNS FROM `special` [ RunTime:0.0040s ]
SQL: SELECT * FROM `schedule` WHERE ( week=1 )  [ RunTime:0.0006s ]
SQL: SELECT * FROM `special` WHERE ( week=1 )  [ RunTime:0.0003s ]
SQL: SHOW COLUMNS FROM `user` [ RunTime:0.0034s ]
SQL: SELECT `name` FROM `user` WHERE ( id=15 )  [ RunTime:0.0003s ]
SQL: SELECT `name` FROM `user` WHERE ( id=2 )  [ RunTime:0.0002s ]
SQL: SELECT `name` FROM `user` WHERE ( id=17 )  [ RunTime:0.0002s ]
SQL: SELECT `name` FROM `user` WHERE ( id=15 )  [ RunTime:0.0003s ]
SQL: SELECT `name` FROM `user` WHERE ( id=2 )  [ RunTime:0.0002s ]
SQL: SELECT `name` FROM `user` WHERE ( id=17 )  [ RunTime:0.0001s ]
SQL: SELECT `name` FROM `user` WHERE ( id=15 )  [ RunTime:0.0002s ]
SQL: SELECT `name` FROM `user` WHERE ( id=2 )  [ RunTime:0.0002s ]
SQL: SELECT `name` FROM `user` WHERE ( id=17 )  [ RunTime:0.0003s ]

[ 2015-03-21T02:49:30+08:00 ] 127.0.0.1 /hwxxtj/index.php/Home/Excel/proExcel
INFO: [ app_init ] --START--
INFO: Run Behavior\BuildLiteBehavior [ RunTime:0.000021s ]
INFO: [ app_init ] --END-- [ RunTime:0.000445s ]
INFO: [ app_begin ] --START--
INFO: Run Behavior\ReadHtmlCacheBehavior [ RunTime:0.000714s ]
INFO: [ app_begin ] --END-- [ RunTime:0.000823s ]
SQL: SHOW COLUMNS FROM `schedule` [ RunTime:0.0131s ]
SQL: SHOW COLUMNS FROM `special` [ RunTime:0.0034s ]
SQL: SELECT * FROM `schedule` WHERE ( week=1 )  [ RunTime:0.0006s ]
SQL: SELECT * FROM `special` WHERE ( week=1 )  [ RunTime:0.0003s ]
SQL: SHOW COLUMNS FROM `user` [ RunTime:0.0032s ]
SQL: SELECT `name` FROM `user` WHERE ( id=15 )  [ RunTime:0.0003s ]
SQL: SELECT `name` FROM `user` WHERE ( id=2 )  [ RunTime:0.0002s ]
SQL: SELECT `name` FROM `user` WHERE ( id=17 )  [ RunTime:0.0002s ]
SQL: SELECT `name` FROM `user` WHERE ( id=15 )  [ RunTime:0.0002s ]
SQL: SELECT `name` FROM `user` WHERE ( id=2 )  [ RunTime:0.0002s ]
SQL: SELECT `name` FROM `user` WHERE ( id=17 )  [ RunTime:0.0002s ]
SQL: SELECT `name` FROM `user` WHERE ( id=15 )  [ RunTime:0.0002s ]
SQL: SELECT `name` FROM `user` WHERE ( id=2 )  [ RunTime:0.0002s ]
SQL: SELECT `name` FROM `user` WHERE ( id=17 )  [ RunTime:0.0002s ]

[ 2015-03-21T02:50:14+08:00 ] 127.0.0.1 /hwxxtj/index.php/Home/Excel/proExcel
INFO: [ app_init ] --START--
INFO: Run Behavior\BuildLiteBehavior [ RunTime:0.000054s ]
INFO: [ app_init ] --END-- [ RunTime:0.001055s ]
INFO: [ app_begin ] --START--
INFO: Run Behavior\ReadHtmlCacheBehavior [ RunTime:0.000786s ]
INFO: [ app_begin ] --END-- [ RunTime:0.000904s ]
SQL: SHOW COLUMNS FROM `schedule` [ RunTime:0.0030s ]
SQL: SHOW COLUMNS FROM `special` [ RunTime:0.0027s ]
SQL: SELECT * FROM `schedule` WHERE ( week=1 )  [ RunTime:0.0004s ]
SQL: SELECT * FROM `special` WHERE ( week=1 )  [ RunTime:0.0004s ]
SQL: SHOW COLUMNS FROM `user` [ RunTime:0.0038s ]
SQL: SELECT `name` FROM `user` WHERE ( id=15 )  [ RunTime:0.0005s ]
SQL: SELECT `name` FROM `user` WHERE ( id=2 )  [ RunTime:0.0003s ]
SQL: SELECT `name` FROM `user` WHERE ( id=17 )  [ RunTime:0.0002s ]
SQL: SELECT `name` FROM `user` WHERE ( id=15 )  [ RunTime:0.0003s ]
SQL: SELECT `name` FROM `user` WHERE ( id=2 )  [ RunTime:0.0002s ]
SQL: SELECT `name` FROM `user` WHERE ( id=17 )  [ RunTime:0.0002s ]
SQL: SELECT `name` FROM `user` WHERE ( id=15 )  [ RunTime:0.0001s ]
SQL: SELECT `name` FROM `user` WHERE ( id=2 )  [ RunTime:0.0001s ]
SQL: SELECT `name` FROM `user` WHERE ( id=17 )  [ RunTime:0.0001s ]

[ 2015-03-21T02:51:17+08:00 ] 127.0.0.1 /hwxxtj/index.php/Home/Excel/proExcel
INFO: [ app_init ] --START--
INFO: Run Behavior\BuildLiteBehavior [ RunTime:0.000024s ]
INFO: [ app_init ] --END-- [ RunTime:0.000485s ]
INFO: [ app_begin ] --START--
INFO: Run Behavior\ReadHtmlCacheBehavior [ RunTime:0.000594s ]
INFO: [ app_begin ] --END-- [ RunTime:0.000727s ]
SQL: SHOW COLUMNS FROM `schedule` [ RunTime:0.0031s ]
SQL: SHOW COLUMNS FROM `special` [ RunTime:0.0277s ]
SQL: SELECT * FROM `schedule` WHERE ( week=1 )  [ RunTime:0.0004s ]
SQL: SELECT * FROM `special` WHERE ( week=1 )  [ RunTime:0.0002s ]
SQL: SHOW COLUMNS FROM `user` [ RunTime:0.0028s ]
SQL: SELECT `name` FROM `user` WHERE ( id=15 )  [ RunTime:0.0003s ]
SQL: SELECT `name` FROM `user` WHERE ( id=2 )  [ RunTime:0.0002s ]
SQL: SELECT `name` FROM `user` WHERE ( id=17 )  [ RunTime:0.0002s ]
SQL: SELECT `name` FROM `user` WHERE ( id=15 )  [ RunTime:0.0002s ]
SQL: SELECT `name` FROM `user` WHERE ( id=2 )  [ RunTime:0.0001s ]
SQL: SELECT `name` FROM `user` WHERE ( id=17 )  [ RunTime:0.0001s ]
SQL: SELECT `name` FROM `user` WHERE ( id=15 )  [ RunTime:0.0003s ]
SQL: SELECT `name` FROM `user` WHERE ( id=2 )  [ RunTime:0.0002s ]
SQL: SELECT `name` FROM `user` WHERE ( id=17 )  [ RunTime:0.0002s ]

[ 2015-03-21T02:52:06+08:00 ] 127.0.0.1 /hwxxtj/index.php/Home/Excel/proExcel
INFO: [ app_init ] --START--
INFO: Run Behavior\BuildLiteBehavior [ RunTime:0.000024s ]
INFO: [ app_init ] --END-- [ RunTime:0.000518s ]
INFO: [ app_begin ] --START--
INFO: Run Behavior\ReadHtmlCacheBehavior [ RunTime:0.000894s ]
INFO: [ app_begin ] --END-- [ RunTime:0.001082s ]
SQL: SHOW COLUMNS FROM `schedule` [ RunTime:0.0035s ]
SQL: SHOW COLUMNS FROM `special` [ RunTime:0.0035s ]
SQL: SELECT * FROM `schedule` WHERE ( week=1 )  [ RunTime:0.0005s ]
SQL: SELECT * FROM `special` WHERE ( week=1 )  [ RunTime:0.0003s ]
SQL: SHOW COLUMNS FROM `user` [ RunTime:0.0029s ]
SQL: SELECT `name` FROM `user` WHERE ( id=15 )  [ RunTime:0.0003s ]
SQL: SELECT `name` FROM `user` WHERE ( id=2 )  [ RunTime:0.0002s ]
SQL: SELECT `name` FROM `user` WHERE ( id=17 )  [ RunTime:0.0002s ]
SQL: SELECT `name` FROM `user` WHERE ( id=15 )  [ RunTime:0.0002s ]
SQL: SELECT `name` FROM `user` WHERE ( id=2 )  [ RunTime:0.0001s ]
SQL: SELECT `name` FROM `user` WHERE ( id=17 )  [ RunTime:0.0001s ]
SQL: SELECT `name` FROM `user` WHERE ( id=15 )  [ RunTime:0.0002s ]
SQL: SELECT `name` FROM `user` WHERE ( id=2 )  [ RunTime:0.0001s ]
SQL: SELECT `name` FROM `user` WHERE ( id=17 )  [ RunTime:0.0001s ]

[ 2015-03-21T03:02:52+08:00 ] 127.0.0.1 /hwxxtj/index.php/Home/Excel/proExcel
INFO: [ app_init ] --START--
INFO: Run Behavior\BuildLiteBehavior [ RunTime:0.000024s ]
INFO: [ app_init ] --END-- [ RunTime:0.000426s ]
INFO: [ app_begin ] --START--
INFO: Run Behavior\ReadHtmlCacheBehavior [ RunTime:0.000689s ]
INFO: [ app_begin ] --END-- [ RunTime:0.000791s ]
SQL: SHOW COLUMNS FROM `schedule` [ RunTime:0.0167s ]
SQL: SHOW COLUMNS FROM `special` [ RunTime:0.0027s ]
SQL: SELECT * FROM `schedule` WHERE ( week=1 )  [ RunTime:0.0004s ]
SQL: SELECT * FROM `special` WHERE ( week=1 )  [ RunTime:0.0003s ]
SQL: SHOW COLUMNS FROM `user` [ RunTime:0.0031s ]
SQL: SELECT `name` FROM `user` WHERE ( id=15 )  [ RunTime:0.2334s ]
SQL: SELECT `name` FROM `user` WHERE ( id=2 )  [ RunTime:0.0002s ]
SQL: SELECT `name` FROM `user` WHERE ( id=17 )  [ RunTime:0.0002s ]
SQL: SELECT `name` FROM `user` WHERE ( id=15 )  [ RunTime:0.0003s ]
SQL: SELECT `name` FROM `user` WHERE ( id=2 )  [ RunTime:0.0002s ]
SQL: SELECT `name` FROM `user` WHERE ( id=17 )  [ RunTime:0.0002s ]
SQL: SELECT `name` FROM `user` WHERE ( id=15 )  [ RunTime:0.0003s ]
SQL: SELECT `name` FROM `user` WHERE ( id=2 )  [ RunTime:0.0002s ]
SQL: SELECT `name` FROM `user` WHERE ( id=17 )  [ RunTime:0.0002s ]

[ 2015-03-21T03:03:10+08:00 ] 127.0.0.1 /hwxxtj/index.php/Home/Excel/proExcel
INFO: [ app_init ] --START--
INFO: Run Behavior\BuildLiteBehavior [ RunTime:0.000022s ]
INFO: [ app_init ] --END-- [ RunTime:0.000422s ]
INFO: [ app_begin ] --START--
INFO: Run Behavior\ReadHtmlCacheBehavior [ RunTime:0.000673s ]
INFO: [ app_begin ] --END-- [ RunTime:0.000775s ]
SQL: SHOW COLUMNS FROM `schedule` [ RunTime:0.0034s ]
SQL: SHOW COLUMNS FROM `special` [ RunTime:0.0030s ]
SQL: SELECT * FROM `schedule` WHERE ( week=1 )  [ RunTime:0.0005s ]
SQL: SELECT * FROM `special` WHERE ( week=1 )  [ RunTime:0.0004s ]
SQL: SHOW COLUMNS FROM `user` [ RunTime:0.0038s ]
SQL: SELECT `name` FROM `user` WHERE ( id=15 )  [ RunTime:0.0004s ]
SQL: SELECT `name` FROM `user` WHERE ( id=2 )  [ RunTime:0.0002s ]
SQL: SELECT `name` FROM `user` WHERE ( id=17 )  [ RunTime:0.0002s ]
SQL: SELECT `name` FROM `user` WHERE ( id=15 )  [ RunTime:0.0003s ]
SQL: SELECT `name` FROM `user` WHERE ( id=2 )  [ RunTime:0.0002s ]
SQL: SELECT `name` FROM `user` WHERE ( id=17 )  [ RunTime:0.0006s ]
SQL: SELECT `name` FROM `user` WHERE ( id=15 )  [ RunTime:0.0004s ]
SQL: SELECT `name` FROM `user` WHERE ( id=2 )  [ RunTime:0.0014s ]
SQL: SELECT `name` FROM `user` WHERE ( id=17 )  [ RunTime:0.0004s ]

[ 2015-03-21T03:03:24+08:00 ] 127.0.0.1 /hwxxtj/index.php/Home/Excel/proExcel
INFO: [ app_init ] --START--
INFO: Run Behavior\BuildLiteBehavior [ RunTime:0.000023s ]
INFO: [ app_init ] --END-- [ RunTime:0.000573s ]
INFO: [ app_begin ] --START--
INFO: Run Behavior\ReadHtmlCacheBehavior [ RunTime:0.000693s ]
INFO: [ app_begin ] --END-- [ RunTime:0.000791s ]
SQL: SHOW COLUMNS FROM `schedule` [ RunTime:0.0032s ]
SQL: SHOW COLUMNS FROM `special` [ RunTime:0.0031s ]
SQL: SELECT * FROM `schedule` WHERE ( week=1 )  [ RunTime:0.0004s ]
SQL: SELECT * FROM `special` WHERE ( week=1 )  [ RunTime:0.0003s ]
SQL: SHOW COLUMNS FROM `user` [ RunTime:0.0028s ]
SQL: SELECT `name` FROM `user` WHERE ( id=15 )  [ RunTime:0.0002s ]
SQL: SELECT `name` FROM `user` WHERE ( id=2 )  [ RunTime:0.0001s ]
SQL: SELECT `name` FROM `user` WHERE ( id=17 )  [ RunTime:0.0001s ]
SQL: SELECT `name` FROM `user` WHERE ( id=15 )  [ RunTime:0.0005s ]
SQL: SELECT `name` FROM `user` WHERE ( id=2 )  [ RunTime:0.0002s ]
SQL: SELECT `name` FROM `user` WHERE ( id=17 )  [ RunTime:0.0002s ]
SQL: SELECT `name` FROM `user` WHERE ( id=15 )  [ RunTime:0.0003s ]
SQL: SELECT `name` FROM `user` WHERE ( id=2 )  [ RunTime:0.0001s ]
SQL: SELECT `name` FROM `user` WHERE ( id=17 )  [ RunTime:0.0002s ]

[ 2015-03-21T03:03:42+08:00 ] 127.0.0.1 /hwxxtj/index.php/Home/Excel/proExcel
INFO: [ app_init ] --START--
INFO: Run Behavior\BuildLiteBehavior [ RunTime:0.000022s ]
INFO: [ app_init ] --END-- [ RunTime:0.000421s ]
INFO: [ app_begin ] --START--
INFO: Run Behavior\ReadHtmlCacheBehavior [ RunTime:0.000608s ]
INFO: [ app_begin ] --END-- [ RunTime:0.000688s ]
SQL: SHOW COLUMNS FROM `schedule` [ RunTime:0.0033s ]
SQL: SHOW COLUMNS FROM `special` [ RunTime:0.0039s ]
SQL: SELECT * FROM `schedule` WHERE ( week=1 )  [ RunTime:0.0006s ]
SQL: SELECT * FROM `special` WHERE ( week=1 )  [ RunTime:0.0004s ]
SQL: SHOW COLUMNS FROM `user` [ RunTime:0.0032s ]
SQL: SELECT `name` FROM `user` WHERE ( id=15 )  [ RunTime:0.0003s ]
SQL: SELECT `name` FROM `user` WHERE ( id=2 )  [ RunTime:0.0002s ]
SQL: SELECT `name` FROM `user` WHERE ( id=17 )  [ RunTime:0.0002s ]
SQL: SELECT `name` FROM `user` WHERE ( id=15 )  [ RunTime:0.0003s ]
SQL: SELECT `name` FROM `user` WHERE ( id=2 )  [ RunTime:0.0004s ]
SQL: SELECT `name` FROM `user` WHERE ( id=17 )  [ RunTime:0.0002s ]
SQL: SELECT `name` FROM `user` WHERE ( id=15 )  [ RunTime:0.0003s ]
SQL: SELECT `name` FROM `user` WHERE ( id=2 )  [ RunTime:0.0002s ]
SQL: SELECT `name` FROM `user` WHERE ( id=17 )  [ RunTime:0.0002s ]

[ 2015-03-21T03:12:03+08:00 ] 127.0.0.1 /hwxxtj/index.php/Home/Excel/proExcel
INFO: [ app_init ] --START--
INFO: Run Behavior\BuildLiteBehavior [ RunTime:0.000023s ]
INFO: [ app_init ] --END-- [ RunTime:0.000490s ]
INFO: [ app_begin ] --START--
INFO: Run Behavior\ReadHtmlCacheBehavior [ RunTime:0.001163s ]
INFO: [ app_begin ] --END-- [ RunTime:0.001332s ]
SQL: SHOW COLUMNS FROM `schedule` [ RunTime:0.0306s ]
SQL: SHOW COLUMNS FROM `special` [ RunTime:0.0114s ]
SQL: SELECT * FROM `schedule` WHERE ( week=1 )  [ RunTime:0.0004s ]
SQL: SELECT * FROM `special` WHERE ( week=1 )  [ RunTime:0.0355s ]
SQL: SHOW COLUMNS FROM `user` [ RunTime:0.0031s ]
SQL: SELECT `name` FROM `user` WHERE ( id=15 )  [ RunTime:0.0003s ]
SQL: SELECT `name` FROM `user` WHERE ( id=2 )  [ RunTime:0.0002s ]
SQL: SELECT `name` FROM `user` WHERE ( id=17 )  [ RunTime:0.0002s ]
SQL: SELECT `name` FROM `user` WHERE ( id=15 )  [ RunTime:0.0002s ]
SQL: SELECT `name` FROM `user` WHERE ( id=2 )  [ RunTime:0.0002s ]
SQL: SELECT `name` FROM `user` WHERE ( id=17 )  [ RunTime:0.0002s ]
SQL: SELECT `name` FROM `user` WHERE ( id=15 )  [ RunTime:0.0003s ]
SQL: SELECT `name` FROM `user` WHERE ( id=2 )  [ RunTime:0.0002s ]
SQL: SELECT `name` FROM `user` WHERE ( id=17 )  [ RunTime:0.0002s ]

[ 2015-03-21T03:12:37+08:00 ] 127.0.0.1 /hwxxtj/index.php/Home/Excel/proExcel
INFO: [ app_init ] --START--
INFO: Run Behavior\BuildLiteBehavior [ RunTime:0.000099s ]
INFO: [ app_init ] --END-- [ RunTime:0.000685s ]
INFO: [ app_begin ] --START--
INFO: Run Behavior\ReadHtmlCacheBehavior [ RunTime:0.000702s ]
INFO: [ app_begin ] --END-- [ RunTime:0.000788s ]
SQL: SHOW COLUMNS FROM `schedule` [ RunTime:0.0043s ]
SQL: SHOW COLUMNS FROM `special` [ RunTime:0.0029s ]
SQL: SELECT * FROM `schedule` WHERE ( week=1 )  [ RunTime:0.0003s ]
SQL: SELECT * FROM `special` WHERE ( week=1 )  [ RunTime:0.0003s ]
SQL: SHOW COLUMNS FROM `user` [ RunTime:0.0029s ]
SQL: SELECT `name` FROM `user` WHERE ( id=15 )  [ RunTime:0.0002s ]
SQL: SELECT `name` FROM `user` WHERE ( id=2 )  [ RunTime:0.0002s ]
SQL: SELECT `name` FROM `user` WHERE ( id=17 )  [ RunTime:0.0002s ]
SQL: SELECT `name` FROM `user` WHERE ( id=15 )  [ RunTime:0.0003s ]
SQL: SELECT `name` FROM `user` WHERE ( id=2 )  [ RunTime:0.0003s ]
SQL: SELECT `name` FROM `user` WHERE ( id=17 )  [ RunTime:0.0002s ]
SQL: SELECT `name` FROM `user` WHERE ( id=15 )  [ RunTime:0.0003s ]
SQL: SELECT `name` FROM `user` WHERE ( id=2 )  [ RunTime:0.0002s ]
SQL: SELECT `name` FROM `user` WHERE ( id=17 )  [ RunTime:0.0002s ]

[ 2015-03-21T03:13:30+08:00 ] 127.0.0.1 /hwxxtj/index.php/Home/Excel/proExcel
INFO: [ app_init ] --START--
INFO: Run Behavior\BuildLiteBehavior [ RunTime:0.000024s ]
INFO: [ app_init ] --END-- [ RunTime:0.000541s ]
INFO: [ app_begin ] --START--
INFO: Run Behavior\ReadHtmlCacheBehavior [ RunTime:0.000700s ]
INFO: [ app_begin ] --END-- [ RunTime:0.000823s ]
SQL: SHOW COLUMNS FROM `schedule` [ RunTime:0.0038s ]
SQL: SHOW COLUMNS FROM `special` [ RunTime:0.0031s ]
SQL: SELECT * FROM `schedule` WHERE ( week=1 )  [ RunTime:0.0005s ]
SQL: SELECT * FROM `special` WHERE ( week=1 )  [ RunTime:0.0003s ]
SQL: SHOW COLUMNS FROM `user` [ RunTime:0.0027s ]
SQL: SELECT `name` FROM `user` WHERE ( id=15 )  [ RunTime:0.0003s ]
SQL: SELECT `name` FROM `user` WHERE ( id=2 )  [ RunTime:0.0003s ]
SQL: SELECT `name` FROM `user` WHERE ( id=17 )  [ RunTime:0.0003s ]
SQL: SELECT `name` FROM `user` WHERE ( id=15 )  [ RunTime:0.0004s ]
SQL: SELECT `name` FROM `user` WHERE ( id=2 )  [ RunTime:0.0004s ]
SQL: SELECT `name` FROM `user` WHERE ( id=17 )  [ RunTime:0.0004s ]
SQL: SELECT `name` FROM `user` WHERE ( id=15 )  [ RunTime:0.0002s ]
SQL: SELECT `name` FROM `user` WHERE ( id=2 )  [ RunTime:0.0002s ]
SQL: SELECT `name` FROM `user` WHERE ( id=17 )  [ RunTime:0.0001s ]

[ 2015-03-21T03:15:02+08:00 ] 127.0.0.1 /hwxxtj/index.php/Home/Excel/proExcel
INFO: [ app_init ] --START--
INFO: Run Behavior\BuildLiteBehavior [ RunTime:0.000033s ]
INFO: [ app_init ] --END-- [ RunTime:0.000688s ]
INFO: [ app_begin ] --START--
INFO: Run Behavior\ReadHtmlCacheBehavior [ RunTime:0.000652s ]
INFO: [ app_begin ] --END-- [ RunTime:0.000742s ]
SQL: SHOW COLUMNS FROM `schedule` [ RunTime:0.0029s ]
SQL: SHOW COLUMNS FROM `special` [ RunTime:0.0036s ]
SQL: SELECT * FROM `schedule` WHERE ( week=1 )  [ RunTime:0.0005s ]
SQL: SELECT * FROM `special` WHERE ( week=1 )  [ RunTime:0.0004s ]
SQL: SHOW COLUMNS FROM `user` [ RunTime:0.0028s ]
SQL: SELECT `name` FROM `user` WHERE ( id=15 )  [ RunTime:0.0003s ]
SQL: SELECT `name` FROM `user` WHERE ( id=2 )  [ RunTime:0.0002s ]
SQL: SELECT `name` FROM `user` WHERE ( id=17 )  [ RunTime:0.0001s ]
SQL: SELECT `name` FROM `user` WHERE ( id=15 )  [ RunTime:0.0002s ]
SQL: SELECT `name` FROM `user` WHERE ( id=2 )  [ RunTime:0.0002s ]
SQL: SELECT `name` FROM `user` WHERE ( id=17 )  [ RunTime:0.0006s ]
SQL: SELECT `name` FROM `user` WHERE ( id=15 )  [ RunTime:0.0003s ]
SQL: SELECT `name` FROM `user` WHERE ( id=2 )  [ RunTime:0.0001s ]
SQL: SELECT `name` FROM `user` WHERE ( id=17 )  [ RunTime:0.0001s ]

[ 2015-03-21T03:18:34+08:00 ] 127.0.0.1 /hwxxtj/index.php/Home/Excel/proExcel
INFO: [ app_init ] --START--
INFO: Run Behavior\BuildLiteBehavior [ RunTime:0.000040s ]
INFO: [ app_init ] --END-- [ RunTime:0.000436s ]
INFO: [ app_begin ] --START--
INFO: Run Behavior\ReadHtmlCacheBehavior [ RunTime:0.000733s ]
INFO: [ app_begin ] --END-- [ RunTime:0.000843s ]
SQL: SHOW COLUMNS FROM `schedule` [ RunTime:0.0222s ]
SQL: SHOW COLUMNS FROM `special` [ RunTime:0.0037s ]
SQL: SELECT * FROM `schedule` WHERE ( week=1 )  [ RunTime:0.0004s ]
SQL: SELECT * FROM `special` WHERE ( week=1 )  [ RunTime:0.0002s ]
SQL: SHOW COLUMNS FROM `user` [ RunTime:0.0046s ]
SQL: SELECT `name` FROM `user` WHERE ( id=15 )  [ RunTime:0.0003s ]
SQL: SELECT `name` FROM `user` WHERE ( id=2 )  [ RunTime:0.0001s ]
SQL: SELECT `name` FROM `user` WHERE ( id=17 )  [ RunTime:0.0001s ]
SQL: SELECT `name` FROM `user` WHERE ( id=15 )  [ RunTime:0.0002s ]
SQL: SELECT `name` FROM `user` WHERE ( id=2 )  [ RunTime:0.0001s ]
SQL: SELECT `name` FROM `user` WHERE ( id=17 )  [ RunTime:0.0002s ]
SQL: SELECT `name` FROM `user` WHERE ( id=15 )  [ RunTime:0.0003s ]
SQL: SELECT `name` FROM `user` WHERE ( id=2 )  [ RunTime:0.0002s ]
SQL: SELECT `name` FROM `user` WHERE ( id=17 )  [ RunTime:0.0002s ]

[ 2015-03-21T03:20:26+08:00 ] 127.0.0.1 /hwxxtj/index.php/Home/Excel/proExcel
INFO: [ app_init ] --START--
INFO: Run Behavior\BuildLiteBehavior [ RunTime:0.000025s ]
INFO: [ app_init ] --END-- [ RunTime:0.000433s ]
INFO: [ app_begin ] --START--
INFO: Run Behavior\ReadHtmlCacheBehavior [ RunTime:0.001847s ]
INFO: [ app_begin ] --END-- [ RunTime:0.001997s ]
SQL: SHOW COLUMNS FROM `schedule` [ RunTime:0.0032s ]
SQL: SHOW COLUMNS FROM `special` [ RunTime:0.0031s ]
SQL: SELECT * FROM `schedule` WHERE ( week=1 )  [ RunTime:0.0005s ]
SQL: SELECT * FROM `special` WHERE ( week=1 )  [ RunTime:0.0003s ]
SQL: SHOW COLUMNS FROM `user` [ RunTime:0.0034s ]
SQL: SELECT `name` FROM `user` WHERE ( id=15 )  [ RunTime:0.0002s ]
SQL: SELECT `name` FROM `user` WHERE ( id=2 )  [ RunTime:0.0001s ]
SQL: SELECT `name` FROM `user` WHERE ( id=17 )  [ RunTime:0.0001s ]
SQL: SELECT `name` FROM `user` WHERE ( id=15 )  [ RunTime:0.0002s ]
SQL: SELECT `name` FROM `user` WHERE ( id=2 )  [ RunTime:0.0002s ]
SQL: SELECT `name` FROM `user` WHERE ( id=17 )  [ RunTime:0.0003s ]
SQL: SELECT `name` FROM `user` WHERE ( id=15 )  [ RunTime:0.0002s ]
SQL: SELECT `name` FROM `user` WHERE ( id=2 )  [ RunTime:0.0001s ]
SQL: SELECT `name` FROM `user` WHERE ( id=17 )  [ RunTime:0.0001s ]

[ 2015-03-21T03:27:26+08:00 ] 127.0.0.1 /hwxxtj/index.php/Home/Excel/proExcel
INFO: [ app_init ] --START--
INFO: Run Behavior\BuildLiteBehavior [ RunTime:0.000030s ]
INFO: [ app_init ] --END-- [ RunTime:0.000450s ]
INFO: [ app_begin ] --START--
INFO: Run Behavior\ReadHtmlCacheBehavior [ RunTime:0.000651s ]
INFO: [ app_begin ] --END-- [ RunTime:0.000738s ]
SQL: SHOW COLUMNS FROM `schedule` [ RunTime:0.0034s ]
SQL: SHOW COLUMNS FROM `special` [ RunTime:0.0036s ]
SQL: SELECT * FROM `schedule` WHERE ( week=1 )  [ RunTime:0.0005s ]
SQL: SELECT * FROM `special` WHERE ( week=1 )  [ RunTime:0.0003s ]
SQL: SHOW COLUMNS FROM `user` [ RunTime:0.0027s ]
SQL: SELECT `name` FROM `user` WHERE ( id=15 )  [ RunTime:0.0003s ]
SQL: SELECT `name` FROM `user` WHERE ( id=2 )  [ RunTime:0.0002s ]
SQL: SELECT `name` FROM `user` WHERE ( id=17 )  [ RunTime:0.0002s ]
SQL: SELECT `name` FROM `user` WHERE ( id=15 )  [ RunTime:0.0003s ]
SQL: SELECT `name` FROM `user` WHERE ( id=2 )  [ RunTime:0.0002s ]
SQL: SELECT `name` FROM `user` WHERE ( id=17 )  [ RunTime:0.0001s ]
SQL: SELECT `name` FROM `user` WHERE ( id=15 )  [ RunTime:0.0001s ]
SQL: SELECT `name` FROM `user` WHERE ( id=2 )  [ RunTime:0.0001s ]
SQL: SELECT `name` FROM `user` WHERE ( id=17 )  [ RunTime:0.0001s ]

[ 2015-03-21T03:31:29+08:00 ] 127.0.0.1 /hwxxtj/index.php/Home/Excel/proExcel
INFO: [ app_init ] --START--
INFO: Run Behavior\BuildLiteBehavior [ RunTime:0.000025s ]
INFO: [ app_init ] --END-- [ RunTime:0.000594s ]
INFO: [ app_begin ] --START--
INFO: Run Behavior\ReadHtmlCacheBehavior [ RunTime:0.000677s ]
INFO: [ app_begin ] --END-- [ RunTime:0.000774s ]

[ 2015-03-21T03:33:39+08:00 ] 127.0.0.1 /hwxxtj/index.php/Home/Excel/proExcel
INFO: [ app_init ] --START--
INFO: Run Behavior\BuildLiteBehavior [ RunTime:0.000026s ]
INFO: [ app_init ] --END-- [ RunTime:0.000467s ]
INFO: [ app_begin ] --START--
INFO: Run Behavior\ReadHtmlCacheBehavior [ RunTime:0.000778s ]
INFO: [ app_begin ] --END-- [ RunTime:0.000876s ]
SQL: SHOW COLUMNS FROM `schedule` [ RunTime:0.0030s ]
SQL: SHOW COLUMNS FROM `special` [ RunTime:0.0030s ]
SQL: SELECT * FROM `schedule` WHERE ( week=1 )  [ RunTime:0.0004s ]
SQL: SELECT * FROM `special` WHERE ( week=1 )  [ RunTime:0.0003s ]
SQL: SHOW COLUMNS FROM `user` [ RunTime:0.0035s ]
SQL: SELECT `name` FROM `user` WHERE ( id=15 )  [ RunTime:0.0003s ]
SQL: SELECT `name` FROM `user` WHERE ( id=2 )  [ RunTime:0.0002s ]
SQL: SELECT `name` FROM `user` WHERE ( id=17 )  [ RunTime:0.0002s ]
SQL: SELECT `name` FROM `user` WHERE ( id=15 )  [ RunTime:0.0002s ]
SQL: SELECT `name` FROM `user` WHERE ( id=2 )  [ RunTime:0.0002s ]
SQL: SELECT `name` FROM `user` WHERE ( id=17 )  [ RunTime:0.0002s ]
SQL: SELECT `name` FROM `user` WHERE ( id=15 )  [ RunTime:0.0002s ]
SQL: SELECT `name` FROM `user` WHERE ( id=2 )  [ RunTime:0.0002s ]
SQL: SELECT `name` FROM `user` WHERE ( id=17 )  [ RunTime:0.0002s ]

[ 2015-03-21T03:37:08+08:00 ] 127.0.0.1 /hwxxtj/index.php/Home/Excel/proExcel
INFO: [ app_init ] --START--
INFO: Run Behavior\BuildLiteBehavior [ RunTime:0.000024s ]
INFO: [ app_init ] --END-- [ RunTime:0.000448s ]
INFO: [ app_begin ] --START--
INFO: Run Behavior\ReadHtmlCacheBehavior [ RunTime:0.000698s ]
INFO: [ app_begin ] --END-- [ RunTime:0.000805s ]
SQL: SHOW COLUMNS FROM `schedule` [ RunTime:0.0032s ]
SQL: SHOW COLUMNS FROM `special` [ RunTime:0.0028s ]
SQL: SELECT * FROM `schedule` WHERE ( week=1 )  [ RunTime:0.0006s ]
SQL: SELECT * FROM `special` WHERE ( week=1 )  [ RunTime:0.0004s ]
SQL: SHOW COLUMNS FROM `user` [ RunTime:0.0044s ]
SQL: SELECT `name` FROM `user` WHERE ( id=15 )  [ RunTime:0.0003s ]
SQL: SELECT `name` FROM `user` WHERE ( id=2 )  [ RunTime:0.0002s ]
SQL: SELECT `name` FROM `user` WHERE ( id=17 )  [ RunTime:0.0002s ]
SQL: SELECT `name` FROM `user` WHERE ( id=15 )  [ RunTime:0.0003s ]
SQL: SELECT `name` FROM `user` WHERE ( id=2 )  [ RunTime:0.0002s ]
SQL: SELECT `name` FROM `user` WHERE ( id=17 )  [ RunTime:0.0002s ]
SQL: SELECT `name` FROM `user` WHERE ( id=15 )  [ RunTime:0.0003s ]
SQL: SELECT `name` FROM `user` WHERE ( id=2 )  [ RunTime:0.0002s ]
SQL: SELECT `name` FROM `user` WHERE ( id=17 )  [ RunTime:0.0002s ]

[ 2015-03-21T03:37:38+08:00 ] 127.0.0.1 /hwxxtj/index.php/Home/Excel/proExcel
INFO: [ app_init ] --START--
INFO: Run Behavior\BuildLiteBehavior [ RunTime:0.000026s ]
INFO: [ app_init ] --END-- [ RunTime:0.000527s ]
INFO: [ app_begin ] --START--
INFO: Run Behavior\ReadHtmlCacheBehavior [ RunTime:0.000701s ]
INFO: [ app_begin ] --END-- [ RunTime:0.000817s ]
SQL: SHOW COLUMNS FROM `schedule` [ RunTime:0.0035s ]
SQL: SHOW COLUMNS FROM `special` [ RunTime:0.0040s ]
SQL: SELECT * FROM `schedule` WHERE ( week=1 )  [ RunTime:0.0005s ]
SQL: SELECT * FROM `special` WHERE ( week=1 )  [ RunTime:0.0004s ]
SQL: SHOW COLUMNS FROM `user` [ RunTime:0.0032s ]
SQL: SELECT `name` FROM `user` WHERE ( id=15 )  [ RunTime:0.0002s ]
SQL: SELECT `name` FROM `user` WHERE ( id=2 )  [ RunTime:0.0002s ]
SQL: SELECT `name` FROM `user` WHERE ( id=17 )  [ RunTime:0.0001s ]
SQL: SELECT `name` FROM `user` WHERE ( id=15 )  [ RunTime:0.0001s ]
SQL: SELECT `name` FROM `user` WHERE ( id=2 )  [ RunTime:0.0001s ]
SQL: SELECT `name` FROM `user` WHERE ( id=17 )  [ RunTime:0.0001s ]
SQL: SELECT `name` FROM `user` WHERE ( id=15 )  [ RunTime:0.0003s ]
SQL: SELECT `name` FROM `user` WHERE ( id=2 )  [ RunTime:0.0002s ]
SQL: SELECT `name` FROM `user` WHERE ( id=17 )  [ RunTime:0.0002s ]

[ 2015-03-21T03:38:06+08:00 ] 127.0.0.1 /hwxxtj/index.php/Home/Excel/proExcel
INFO: [ app_init ] --START--
INFO: Run Behavior\BuildLiteBehavior [ RunTime:0.000021s ]
INFO: [ app_init ] --END-- [ RunTime:0.000524s ]
INFO: [ app_begin ] --START--
INFO: Run Behavior\ReadHtmlCacheBehavior [ RunTime:0.000662s ]
INFO: [ app_begin ] --END-- [ RunTime:0.000746s ]
SQL: SHOW COLUMNS FROM `schedule` [ RunTime:0.0030s ]
SQL: SHOW COLUMNS FROM `special` [ RunTime:0.0029s ]
SQL: SELECT * FROM `schedule` WHERE ( week=1 )  [ RunTime:0.0004s ]
SQL: SELECT * FROM `special` WHERE ( week=1 )  [ RunTime:0.0004s ]
SQL: SHOW COLUMNS FROM `user` [ RunTime:0.0029s ]
SQL: SELECT `name` FROM `user` WHERE ( id=15 )  [ RunTime:0.0002s ]
SQL: SELECT `name` FROM `user` WHERE ( id=2 )  [ RunTime:0.0001s ]
SQL: SELECT `name` FROM `user` WHERE ( id=17 )  [ RunTime:0.0002s ]
SQL: SELECT `name` FROM `user` WHERE ( id=15 )  [ RunTime:0.0002s ]
SQL: SELECT `name` FROM `user` WHERE ( id=2 )  [ RunTime:0.0001s ]
SQL: SELECT `name` FROM `user` WHERE ( id=17 )  [ RunTime:0.0001s ]
SQL: SELECT `name` FROM `user` WHERE ( id=15 )  [ RunTime:0.0001s ]
SQL: SELECT `name` FROM `user` WHERE ( id=2 )  [ RunTime:0.0002s ]
SQL: SELECT `name` FROM `user` WHERE ( id=17 )  [ RunTime:0.0002s ]

[ 2015-03-21T03:40:36+08:00 ] 127.0.0.1 /hwxxtj/index.php/Home/Excel/proExcel
INFO: [ app_init ] --START--
INFO: Run Behavior\BuildLiteBehavior [ RunTime:0.000852s ]
INFO: [ app_init ] --END-- [ RunTime:0.002962s ]
INFO: [ app_begin ] --START--
INFO: Run Behavior\ReadHtmlCacheBehavior [ RunTime:0.000726s ]
INFO: [ app_begin ] --END-- [ RunTime:0.000833s ]
SQL: SHOW COLUMNS FROM `schedule` [ RunTime:0.0030s ]
SQL: SHOW COLUMNS FROM `special` [ RunTime:0.0027s ]
SQL: SELECT * FROM `schedule` WHERE ( week=1 )  [ RunTime:0.0006s ]
SQL: SELECT * FROM `special` WHERE ( week=1 )  [ RunTime:0.0003s ]
SQL: SHOW COLUMNS FROM `user` [ RunTime:0.0027s ]
SQL: SELECT `name` FROM `user` WHERE ( id=15 )  [ RunTime:0.0003s ]
SQL: SELECT `name` FROM `user` WHERE ( id=2 )  [ RunTime:0.0002s ]
SQL: SELECT `name` FROM `user` WHERE ( id=17 )  [ RunTime:0.0002s ]
SQL: SELECT `name` FROM `user` WHERE ( id=15 )  [ RunTime:0.0004s ]
SQL: SELECT `name` FROM `user` WHERE ( id=2 )  [ RunTime:0.0003s ]
SQL: SELECT `name` FROM `user` WHERE ( id=17 )  [ RunTime:0.0002s ]
SQL: SELECT `name` FROM `user` WHERE ( id=15 )  [ RunTime:0.0003s ]
SQL: SELECT `name` FROM `user` WHERE ( id=2 )  [ RunTime:0.0001s ]
SQL: SELECT `name` FROM `user` WHERE ( id=17 )  [ RunTime:0.0002s ]

[ 2015-03-21T03:47:06+08:00 ] 127.0.0.1 /hwxxtj/
INFO: [ app_init ] --START--
INFO: Run Behavior\BuildLiteBehavior [ RunTime:0.000030s ]
INFO: [ app_init ] --END-- [ RunTime:0.000552s ]
INFO: [ app_begin ] --START--
INFO: Run Behavior\ReadHtmlCacheBehavior [ RunTime:0.000765s ]
INFO: [ app_begin ] --END-- [ RunTime:0.000890s ]
SQL: SHOW COLUMNS FROM `schedule` [ RunTime:0.0431s ]
SQL: SHOW COLUMNS FROM `special` [ RunTime:0.0079s ]
SQL: SELECT DISTINCT  `schoolYear`,`term` FROM `schedule` ORDER BY schoolYear,term asc  [ RunTime:0.0303s ]
SQL: SELECT DISTINCT  `week` FROM `schedule` WHERE ( schoolYear="2014-2015" and term="2" ) ORDER BY week asc  [ RunTime:0.0152s ]
SQL: SELECT * FROM `schedule` WHERE ( week="2" and schoolYear="2014-2015" and term="2" )  [ RunTime:0.0007s ]
SQL: SELECT * FROM `special` WHERE ( week="2" and schoolYear="2014-2015" and term="2" )  [ RunTime:0.0005s ]
INFO: [ view_parse ] --START--
INFO: [ template_filter ] --START--
INFO: Run Behavior\ContentReplaceBehavior [ RunTime:0.000140s ]
INFO: [ template_filter ] --END-- [ RunTime:0.000282s ]
NOTIC: [8] Undefined variable: user D:\wamp\www\hwxxtj\Application\Runtime\Cache\Home\2a94b8bda04ff446dcedd42276fc99ee.php 第 18 行.
NOTIC: [8] Undefined variable: user D:\wamp\www\hwxxtj\Application\Runtime\Cache\Home\2a94b8bda04ff446dcedd42276fc99ee.php 第 24 行.
SQL: SHOW COLUMNS FROM `user` [ RunTime:0.0147s ]
SQL: SELECT `name` FROM `user` WHERE ( id=2 )  [ RunTime:0.0003s ]
SQL: SELECT `name` FROM `user` WHERE ( id=16 )  [ RunTime:0.0002s ]
SQL: SELECT `name` FROM `user` WHERE ( id=17 )  [ RunTime:0.0004s ]
SQL: SELECT `name` FROM `user` WHERE ( id=17 )  [ RunTime:0.0002s ]
SQL: SELECT `name` FROM `user` WHERE ( id=15 )  [ RunTime:0.0002s ]
SQL: SELECT `name` FROM `user` WHERE ( id=2 )  [ RunTime:0.0003s ]
SQL: SELECT `name` FROM `user` WHERE ( id=15 )  [ RunTime:0.0003s ]
INFO: Run Behavior\ParseTemplateBehavior [ RunTime:0.206120s ]
INFO: [ view_parse ] --END-- [ RunTime:0.206289s ]
INFO: [ view_filter ] --START--
INFO: Run Behavior\WriteHtmlCacheBehavior [ RunTime:0.012289s ]
INFO: [ view_filter ] --END-- [ RunTime:0.012430s ]
INFO: [ app_end ] --START--
INFO: Run Behavior\ShowPageTraceBehavior [ RunTime:0.001509s ]
INFO: [ app_end ] --END-- [ RunTime:0.001638s ]

[ 2015-03-21T03:47:06+08:00 ] 127.0.0.1 /hwxxtj/index.php/Home/Index/login
INFO: [ app_init ] --START--
INFO: Run Behavior\BuildLiteBehavior [ RunTime:0.000025s ]
INFO: [ app_init ] --END-- [ RunTime:0.000359s ]
INFO: [ app_begin ] --START--
INFO: Run Behavior\ReadHtmlCacheBehavior [ RunTime:0.000454s ]
INFO: [ app_begin ] --END-- [ RunTime:0.000530s ]
INFO: [ view_parse ] --START--
INFO: [ template_filter ] --START--
INFO: Run Behavior\ContentReplaceBehavior [ RunTime:0.000055s ]
INFO: [ template_filter ] --END-- [ RunTime:0.000144s ]
INFO: Run Behavior\ParseTemplateBehavior [ RunTime:0.020847s ]
INFO: [ view_parse ] --END-- [ RunTime:0.020942s ]
INFO: [ view_filter ] --START--
INFO: Run Behavior\WriteHtmlCacheBehavior [ RunTime:0.000204s ]
INFO: [ view_filter ] --END-- [ RunTime:0.000273s ]
INFO: [ app_end ] --START--
INFO: Run Behavior\ShowPageTraceBehavior [ RunTime:0.000450s ]
INFO: [ app_end ] --END-- [ RunTime:0.000522s ]

[ 2015-03-21T03:47:07+08:00 ] 127.0.0.1 /hwxxtj/index.php/Home/Index/loginVerify
INFO: [ app_init ] --START--
INFO: Run Behavior\BuildLiteBehavior [ RunTime:0.000022s ]
INFO: [ app_init ] --END-- [ RunTime:0.000379s ]
INFO: [ app_begin ] --START--
INFO: Run Behavior\ReadHtmlCacheBehavior [ RunTime:0.000571s ]
INFO: [ app_begin ] --END-- [ RunTime:0.000677s ]
SQL: SHOW COLUMNS FROM `user` [ RunTime:0.0027s ]
SQL: SELECT * FROM `user` WHERE ( number="88888888" )  [ RunTime:0.0006s ]
INFO: [ app_end ] --START--
INFO: Run Behavior\ShowPageTraceBehavior [ RunTime:0.000562s ]
INFO: [ app_end ] --END-- [ RunTime:0.000645s ]

[ 2015-03-21T03:47:07+08:00 ] 127.0.0.1 /hwxxtj/index.php/Home/Index/index
INFO: [ app_init ] --START--
INFO: Run Behavior\BuildLiteBehavior [ RunTime:0.000021s ]
INFO: [ app_init ] --END-- [ RunTime:0.000358s ]
INFO: [ app_begin ] --START--
INFO: Run Behavior\ReadHtmlCacheBehavior [ RunTime:0.000445s ]
INFO: [ app_begin ] --END-- [ RunTime:0.000528s ]
SQL: SHOW COLUMNS FROM `schedule` [ RunTime:0.0029s ]
SQL: SHOW COLUMNS FROM `special` [ RunTime:0.0030s ]
SQL: SELECT DISTINCT  `schoolYear`,`term` FROM `schedule` ORDER BY schoolYear,term asc  [ RunTime:0.0004s ]
SQL: SELECT DISTINCT  `week` FROM `schedule` WHERE ( schoolYear="2014-2015" and term="2" ) ORDER BY week asc  [ RunTime:0.0003s ]
SQL: SELECT * FROM `schedule` WHERE ( week="2" and schoolYear="2014-2015" and term="2" )  [ RunTime:0.0003s ]
SQL: SELECT * FROM `special` WHERE ( week="2" and schoolYear="2014-2015" and term="2" )  [ RunTime:0.0002s ]
INFO: [ view_parse ] --START--
INFO: [ template_filter ] --START--
INFO: Run Behavior\ContentReplaceBehavior [ RunTime:0.000083s ]
INFO: [ template_filter ] --END-- [ RunTime:0.000173s ]
SQL: SHOW COLUMNS FROM `user` [ RunTime:0.0032s ]
SQL: SELECT `name` FROM `user` WHERE ( id=2 )  [ RunTime:0.0003s ]
SQL: SELECT `name` FROM `user` WHERE ( id=16 )  [ RunTime:0.0002s ]
SQL: SELECT `name` FROM `user` WHERE ( id=17 )  [ RunTime:0.0002s ]
SQL: SELECT `name` FROM `user` WHERE ( id=17 )  [ RunTime:0.0002s ]
SQL: SELECT `name` FROM `user` WHERE ( id=15 )  [ RunTime:0.0002s ]
SQL: SELECT `name` FROM `user` WHERE ( id=2 )  [ RunTime:0.0001s ]
SQL: SELECT `name` FROM `user` WHERE ( id=15 )  [ RunTime:0.0001s ]
INFO: Run Behavior\ParseTemplateBehavior [ RunTime:0.016405s ]
INFO: [ view_parse ] --END-- [ RunTime:0.016486s ]
INFO: [ view_filter ] --START--
INFO: Run Behavior\WriteHtmlCacheBehavior [ RunTime:0.000303s ]
INFO: [ view_filter ] --END-- [ RunTime:0.000380s ]
INFO: [ app_end ] --START--
INFO: Run Behavior\ShowPageTraceBehavior [ RunTime:0.000472s ]
INFO: [ app_end ] --END-- [ RunTime:0.000548s ]

[ 2015-03-21T03:49:03+08:00 ] 127.0.0.1 /hwxxtj/index.php/Home/Excel/proExcel
INFO: [ app_init ] --START--
INFO: Run Behavior\BuildLiteBehavior [ RunTime:0.000020s ]
INFO: [ app_init ] --END-- [ RunTime:0.000703s ]
INFO: [ app_begin ] --START--
INFO: Run Behavior\ReadHtmlCacheBehavior [ RunTime:0.000947s ]
INFO: [ app_begin ] --END-- [ RunTime:0.001062s ]
SQL: SHOW COLUMNS FROM `schedule` [ RunTime:0.0030s ]
SQL: SHOW COLUMNS FROM `special` [ RunTime:0.0026s ]
SQL: SELECT * FROM `schedule` WHERE ( week=1 )  [ RunTime:0.0004s ]
SQL: SELECT * FROM `special` WHERE ( week=1 )  [ RunTime:0.0002s ]
SQL: SHOW COLUMNS FROM `user` [ RunTime:0.0026s ]
SQL: SELECT `name` FROM `user` WHERE ( id=15 )  [ RunTime:0.0003s ]
SQL: SELECT `name` FROM `user` WHERE ( id=2 )  [ RunTime:0.0002s ]
SQL: SELECT `name` FROM `user` WHERE ( id=17 )  [ RunTime:0.0002s ]
SQL: SELECT `name` FROM `user` WHERE ( id=15 )  [ RunTime:0.0002s ]
SQL: SELECT `name` FROM `user` WHERE ( id=2 )  [ RunTime:0.0002s ]
SQL: SELECT `name` FROM `user` WHERE ( id=17 )  [ RunTime:0.0002s ]
SQL: SELECT `name` FROM `user` WHERE ( id=15 )  [ RunTime:0.0003s ]
SQL: SELECT `name` FROM `user` WHERE ( id=2 )  [ RunTime:0.0002s ]
SQL: SELECT `name` FROM `user` WHERE ( id=17 )  [ RunTime:0.0002s ]

[ 2015-03-21T03:49:31+08:00 ] 127.0.0.1 /hwxxtj/index.php/Home/Excel/proExcel
INFO: [ app_init ] --START--
INFO: Run Behavior\BuildLiteBehavior [ RunTime:0.000022s ]
INFO: [ app_init ] --END-- [ RunTime:0.000480s ]
INFO: [ app_begin ] --START--
INFO: Run Behavior\ReadHtmlCacheBehavior [ RunTime:0.000859s ]
INFO: [ app_begin ] --END-- [ RunTime:0.000956s ]
SQL: SHOW COLUMNS FROM `schedule` [ RunTime:0.0030s ]
SQL: SHOW COLUMNS FROM `special` [ RunTime:0.0027s ]
SQL: SELECT * FROM `schedule` WHERE ( week=1 )  [ RunTime:0.0004s ]
SQL: SELECT * FROM `special` WHERE ( week=1 )  [ RunTime:0.0003s ]
SQL: SHOW COLUMNS FROM `user` [ RunTime:0.0029s ]
SQL: SELECT `name` FROM `user` WHERE ( id=15 )  [ RunTime:0.0003s ]
SQL: SELECT `name` FROM `user` WHERE ( id=2 )  [ RunTime:0.0002s ]
SQL: SELECT `name` FROM `user` WHERE ( id=17 )  [ RunTime:0.0002s ]
SQL: SELECT `name` FROM `user` WHERE ( id=15 )  [ RunTime:0.0002s ]
SQL: SELECT `name` FROM `user` WHERE ( id=2 )  [ RunTime:0.0001s ]
SQL: SELECT `name` FROM `user` WHERE ( id=17 )  [ RunTime:0.0001s ]
SQL: SELECT `name` FROM `user` WHERE ( id=15 )  [ RunTime:0.0002s ]
SQL: SELECT `name` FROM `user` WHERE ( id=2 )  [ RunTime:0.0002s ]
SQL: SELECT `name` FROM `user` WHERE ( id=17 )  [ RunTime:0.0001s ]

[ 2015-03-21T03:52:00+08:00 ] 127.0.0.1 /hwxxtj/index.php/Home/Excel/proExcel
INFO: [ app_init ] --START--
INFO: Run Behavior\BuildLiteBehavior [ RunTime:0.000029s ]
INFO: [ app_init ] --END-- [ RunTime:0.000565s ]
INFO: [ app_begin ] --START--
INFO: Run Behavior\ReadHtmlCacheBehavior [ RunTime:0.000807s ]
INFO: [ app_begin ] --END-- [ RunTime:0.000916s ]
SQL: SHOW COLUMNS FROM `schedule` [ RunTime:0.0029s ]
SQL: SHOW COLUMNS FROM `special` [ RunTime:0.0027s ]
SQL: SELECT * FROM `schedule` WHERE ( week=1 )  [ RunTime:0.0004s ]
SQL: SELECT * FROM `special` WHERE ( week=1 )  [ RunTime:0.0002s ]
SQL: SHOW COLUMNS FROM `user` [ RunTime:0.0029s ]
SQL: SELECT `name` FROM `user` WHERE ( id=15 )  [ RunTime:0.0002s ]
SQL: SELECT `name` FROM `user` WHERE ( id=2 )  [ RunTime:0.0002s ]
SQL: SELECT `name` FROM `user` WHERE ( id=17 )  [ RunTime:0.0001s ]
SQL: SELECT `name` FROM `user` WHERE ( id=15 )  [ RunTime:0.0002s ]
SQL: SELECT `name` FROM `user` WHERE ( id=2 )  [ RunTime:0.0001s ]
SQL: SELECT `name` FROM `user` WHERE ( id=17 )  [ RunTime:0.0001s ]
SQL: SELECT `name` FROM `user` WHERE ( id=15 )  [ RunTime:0.0002s ]
SQL: SELECT `name` FROM `user` WHERE ( id=2 )  [ RunTime:0.0001s ]
SQL: SELECT `name` FROM `user` WHERE ( id=17 )  [ RunTime:0.0001s ]

[ 2015-03-21T03:52:56+08:00 ] 127.0.0.1 /hwxxtj/index.php/Home/Excel/proExcel
INFO: [ app_init ] --START--
INFO: Run Behavior\BuildLiteBehavior [ RunTime:0.000036s ]
INFO: [ app_init ] --END-- [ RunTime:0.000731s ]
INFO: [ app_begin ] --START--
INFO: Run Behavior\ReadHtmlCacheBehavior [ RunTime:0.001053s ]
INFO: [ app_begin ] --END-- [ RunTime:0.001197s ]
SQL: SHOW COLUMNS FROM `schedule` [ RunTime:0.0030s ]
SQL: SHOW COLUMNS FROM `special` [ RunTime:0.0027s ]
SQL: SELECT * FROM `schedule` WHERE ( week=1 )  [ RunTime:0.0004s ]
SQL: SELECT * FROM `special` WHERE ( week=1 )  [ RunTime:0.0003s ]
SQL: SHOW COLUMNS FROM `user` [ RunTime:0.0028s ]
SQL: SELECT `name` FROM `user` WHERE ( id=15 )  [ RunTime:0.0003s ]
SQL: SELECT `name` FROM `user` WHERE ( id=2 )  [ RunTime:0.0001s ]
SQL: SELECT `name` FROM `user` WHERE ( id=17 )  [ RunTime:0.0002s ]
SQL: SELECT `name` FROM `user` WHERE ( id=15 )  [ RunTime:0.0002s ]
SQL: SELECT `name` FROM `user` WHERE ( id=2 )  [ RunTime:0.0002s ]
SQL: SELECT `name` FROM `user` WHERE ( id=17 )  [ RunTime:0.0002s ]
SQL: SELECT `name` FROM `user` WHERE ( id=15 )  [ RunTime:0.0002s ]
SQL: SELECT `name` FROM `user` WHERE ( id=2 )  [ RunTime:0.0002s ]
SQL: SELECT `name` FROM `user` WHERE ( id=17 )  [ RunTime:0.0002s ]

[ 2015-03-21T03:55:48+08:00 ] 127.0.0.1 /hwxxtj/index.php/Home/Excel/proExcel
INFO: [ app_init ] --START--
INFO: Run Behavior\BuildLiteBehavior [ RunTime:0.000024s ]
INFO: [ app_init ] --END-- [ RunTime:0.000577s ]
INFO: [ app_begin ] --START--
INFO: Run Behavior\ReadHtmlCacheBehavior [ RunTime:0.000637s ]
INFO: [ app_begin ] --END-- [ RunTime:0.000721s ]
SQL: SHOW COLUMNS FROM `schedule` [ RunTime:0.0030s ]
SQL: SHOW COLUMNS FROM `special` [ RunTime:0.0029s ]
SQL: SELECT * FROM `schedule` WHERE ( week=1 )  [ RunTime:0.0004s ]
SQL: SELECT * FROM `special` WHERE ( week=1 )  [ RunTime:0.0003s ]
SQL: SHOW COLUMNS FROM `user` [ RunTime:0.0028s ]
SQL: SELECT `name` FROM `user` WHERE ( id=15 )  [ RunTime:0.0003s ]
SQL: SELECT `name` FROM `user` WHERE ( id=2 )  [ RunTime:0.0002s ]
SQL: SELECT `name` FROM `user` WHERE ( id=17 )  [ RunTime:0.0002s ]
SQL: SELECT `name` FROM `user` WHERE ( id=15 )  [ RunTime:0.0002s ]
SQL: SELECT `name` FROM `user` WHERE ( id=2 )  [ RunTime:0.0002s ]
SQL: SELECT `name` FROM `user` WHERE ( id=17 )  [ RunTime:0.0002s ]
SQL: SELECT `name` FROM `user` WHERE ( id=15 )  [ RunTime:0.0002s ]
SQL: SELECT `name` FROM `user` WHERE ( id=2 )  [ RunTime:0.0001s ]
SQL: SELECT `name` FROM `user` WHERE ( id=17 )  [ RunTime:0.0001s ]

[ 2015-03-21T04:05:13+08:00 ] 127.0.0.1 /hwxxtj/index.php/Home/Excel/proExcel
INFO: [ app_init ] --START--
INFO: Run Behavior\BuildLiteBehavior [ RunTime:0.000028s ]
INFO: [ app_init ] --END-- [ RunTime:0.000603s ]
INFO: [ app_begin ] --START--
INFO: Run Behavior\ReadHtmlCacheBehavior [ RunTime:0.000849s ]
INFO: [ app_begin ] --END-- [ RunTime:0.000957s ]
SQL: SHOW COLUMNS FROM `schedule` [ RunTime:0.0030s ]
SQL: SHOW COLUMNS FROM `special` [ RunTime:0.0046s ]
SQL: SELECT * FROM `schedule` WHERE ( week=1 )  [ RunTime:0.0004s ]
SQL: SELECT * FROM `special` WHERE ( week=1 )  [ RunTime:0.0002s ]
SQL: SHOW COLUMNS FROM `user` [ RunTime:0.0026s ]
SQL: SELECT `name` FROM `user` WHERE ( id=15 )  [ RunTime:0.0002s ]
SQL: SELECT `name` FROM `user` WHERE ( id=2 )  [ RunTime:0.0001s ]
SQL: SELECT `name` FROM `user` WHERE ( id=17 )  [ RunTime:0.0001s ]
SQL: SELECT `name` FROM `user` WHERE ( id=15 )  [ RunTime:0.0001s ]
SQL: SELECT `name` FROM `user` WHERE ( id=2 )  [ RunTime:0.0001s ]
SQL: SELECT `name` FROM `user` WHERE ( id=17 )  [ RunTime:0.0001s ]
SQL: SELECT `name` FROM `user` WHERE ( id=15 )  [ RunTime:0.0002s ]
SQL: SELECT `name` FROM `user` WHERE ( id=2 )  [ RunTime:0.0005s ]
SQL: SELECT `name` FROM `user` WHERE ( id=17 )  [ RunTime:0.0001s ]
NOTIC: [8] Undefined offset: 10 D:\wamp\www\hwxxtj\Application\Home\Controller\ExcelController.class.php 第 123 行.
NOTIC: [8] Undefined offset: 10 D:\wamp\www\hwxxtj\Application\Home\Controller\ExcelController.class.php 第 124 行.
NOTIC: [8] Undefined offset: 10 D:\wamp\www\hwxxtj\Application\Home\Controller\ExcelController.class.php 第 125 行.
NOTIC: [8] Undefined offset: 10 D:\wamp\www\hwxxtj\Application\Home\Controller\ExcelController.class.php 第 126 行.
NOTIC: [8] Undefined offset: 10 D:\wamp\www\hwxxtj\Application\Home\Controller\ExcelController.class.php 第 123 行.
NOTIC: [8] Undefined offset: 10 D:\wamp\www\hwxxtj\Application\Home\Controller\ExcelController.class.php 第 124 行.
NOTIC: [8] Undefined offset: 10 D:\wamp\www\hwxxtj\Application\Home\Controller\ExcelController.class.php 第 125 行.
NOTIC: [8] Undefined offset: 10 D:\wamp\www\hwxxtj\Application\Home\Controller\ExcelController.class.php 第 126 行.
NOTIC: [8] Undefined offset: 10 D:\wamp\www\hwxxtj\Application\Home\Controller\ExcelController.class.php 第 123 行.
NOTIC: [8] Undefined offset: 10 D:\wamp\www\hwxxtj\Application\Home\Controller\ExcelController.class.php 第 124 行.
NOTIC: [8] Undefined offset: 10 D:\wamp\www\hwxxtj\Application\Home\Controller\ExcelController.class.php 第 125 行.
NOTIC: [8] Undefined offset: 10 D:\wamp\www\hwxxtj\Application\Home\Controller\ExcelController.class.php 第 126 行.
NOTIC: [8] Undefined offset: 10 D:\wamp\www\hwxxtj\Application\Home\Controller\ExcelController.class.php 第 123 行.
NOTIC: [8] Undefined offset: 10 D:\wamp\www\hwxxtj\Application\Home\Controller\ExcelController.class.php 第 124 行.
NOTIC: [8] Undefined offset: 10 D:\wamp\www\hwxxtj\Application\Home\Controller\ExcelController.class.php 第 125 行.
NOTIC: [8] Undefined offset: 10 D:\wamp\www\hwxxtj\Application\Home\Controller\ExcelController.class.php 第 126 行.
NOTIC: [8] Undefined offset: 10 D:\wamp\www\hwxxtj\Application\Home\Controller\ExcelController.class.php 第 123 行.
NOTIC: [8] Undefined offset: 10 D:\wamp\www\hwxxtj\Application\Home\Controller\ExcelController.class.php 第 124 行.
NOTIC: [8] Undefined offset: 10 D:\wamp\www\hwxxtj\Application\Home\Controller\ExcelController.class.php 第 125 行.
NOTIC: [8] Undefined offset: 10 D:\wamp\www\hwxxtj\Application\Home\Controller\ExcelController.class.php 第 126 行.
NOTIC: [8] Undefined offset: 10 D:\wamp\www\hwxxtj\Application\Home\Controller\ExcelController.class.php 第 123 行.
NOTIC: [8] Undefined offset: 10 D:\wamp\www\hwxxtj\Application\Home\Controller\ExcelController.class.php 第 124 行.
NOTIC: [8] Undefined offset: 10 D:\wamp\www\hwxxtj\Application\Home\Controller\ExcelController.class.php 第 125 行.
NOTIC: [8] Undefined offset: 10 D:\wamp\www\hwxxtj\Application\Home\Controller\ExcelController.class.php 第 126 行.
NOTIC: [8] Undefined offset: 10 D:\wamp\www\hwxxtj\Application\Home\Controller\ExcelController.class.php 第 123 行.
NOTIC: [8] Undefined offset: 10 D:\wamp\www\hwxxtj\Application\Home\Controller\ExcelController.class.php 第 124 行.
NOTIC: [8] Undefined offset: 10 D:\wamp\www\hwxxtj\Application\Home\Controller\ExcelController.class.php 第 125 行.
NOTIC: [8] Undefined offset: 10 D:\wamp\www\hwxxtj\Application\Home\Controller\ExcelController.class.php 第 126 行.
NOTIC: [8] Undefined offset: 10 D:\wamp\www\hwxxtj\Application\Home\Controller\ExcelController.class.php 第 123 行.
NOTIC: [8] Undefined offset: 10 D:\wamp\www\hwxxtj\Application\Home\Controller\ExcelController.class.php 第 124 行.
NOTIC: [8] Undefined offset: 10 D:\wamp\www\hwxxtj\Application\Home\Controller\ExcelController.class.php 第 125 行.
NOTIC: [8] Undefined offset: 10 D:\wamp\www\hwxxtj\Application\Home\Controller\ExcelController.class.php 第 126 行.

[ 2015-03-21T04:07:48+08:00 ] 127.0.0.1 /hwxxtj/index.php/Home/Excel/proExcel
INFO: [ app_init ] --START--
INFO: Run Behavior\BuildLiteBehavior [ RunTime:0.000022s ]
INFO: [ app_init ] --END-- [ RunTime:0.000590s ]
INFO: [ app_begin ] --START--
INFO: Run Behavior\ReadHtmlCacheBehavior [ RunTime:0.000763s ]
INFO: [ app_begin ] --END-- [ RunTime:0.000864s ]
SQL: SHOW COLUMNS FROM `schedule` [ RunTime:0.0031s ]
SQL: SHOW COLUMNS FROM `special` [ RunTime:0.0028s ]
SQL: SELECT * FROM `schedule` WHERE ( week=1 )  [ RunTime:0.0009s ]
SQL: SELECT * FROM `special` WHERE ( week=1 )  [ RunTime:0.0004s ]
SQL: SHOW COLUMNS FROM `user` [ RunTime:0.0027s ]
SQL: SELECT `name` FROM `user` WHERE ( id=15 )  [ RunTime:0.0002s ]
SQL: SELECT `name` FROM `user` WHERE ( id=2 )  [ RunTime:0.0002s ]
SQL: SELECT `name` FROM `user` WHERE ( id=17 )  [ RunTime:0.0001s ]
SQL: SELECT `name` FROM `user` WHERE ( id=15 )  [ RunTime:0.0001s ]
SQL: SELECT `name` FROM `user` WHERE ( id=2 )  [ RunTime:0.0001s ]
SQL: SELECT `name` FROM `user` WHERE ( id=17 )  [ RunTime:0.0001s ]
SQL: SELECT `name` FROM `user` WHERE ( id=15 )  [ RunTime:0.0002s ]
SQL: SELECT `name` FROM `user` WHERE ( id=2 )  [ RunTime:0.0001s ]
SQL: SELECT `name` FROM `user` WHERE ( id=17 )  [ RunTime:0.0001s ]
NOTIC: [8] Undefined offset: 10 D:\wamp\www\hwxxtj\Application\Home\Controller\ExcelController.class.php 第 124 行.
NOTIC: [8] Undefined offset: 10 D:\wamp\www\hwxxtj\Application\Home\Controller\ExcelController.class.php 第 125 行.
NOTIC: [8] Undefined offset: 10 D:\wamp\www\hwxxtj\Application\Home\Controller\ExcelController.class.php 第 126 行.
NOTIC: [8] Undefined offset: 10 D:\wamp\www\hwxxtj\Application\Home\Controller\ExcelController.class.php 第 127 行.
NOTIC: [8] Undefined offset: 10 D:\wamp\www\hwxxtj\Application\Home\Controller\ExcelController.class.php 第 124 行.
NOTIC: [8] Undefined offset: 10 D:\wamp\www\hwxxtj\Application\Home\Controller\ExcelController.class.php 第 125 行.
NOTIC: [8] Undefined offset: 10 D:\wamp\www\hwxxtj\Application\Home\Controller\ExcelController.class.php 第 126 行.
NOTIC: [8] Undefined offset: 10 D:\wamp\www\hwxxtj\Application\Home\Controller\ExcelController.class.php 第 127 行.
NOTIC: [8] Undefined offset: 10 D:\wamp\www\hwxxtj\Application\Home\Controller\ExcelController.class.php 第 124 行.
NOTIC: [8] Undefined offset: 10 D:\wamp\www\hwxxtj\Application\Home\Controller\ExcelController.class.php 第 125 行.
NOTIC: [8] Undefined offset: 10 D:\wamp\www\hwxxtj\Application\Home\Controller\ExcelController.class.php 第 126 行.
NOTIC: [8] Undefined offset: 10 D:\wamp\www\hwxxtj\Application\Home\Controller\ExcelController.class.php 第 127 行.
NOTIC: [8] Undefined offset: 10 D:\wamp\www\hwxxtj\Application\Home\Controller\ExcelController.class.php 第 124 行.
NOTIC: [8] Undefined offset: 10 D:\wamp\www\hwxxtj\Application\Home\Controller\ExcelController.class.php 第 125 行.
NOTIC: [8] Undefined offset: 10 D:\wamp\www\hwxxtj\Application\Home\Controller\ExcelController.class.php 第 126 行.
NOTIC: [8] Undefined offset: 10 D:\wamp\www\hwxxtj\Application\Home\Controller\ExcelController.class.php 第 127 行.
NOTIC: [8] Undefined offset: 10 D:\wamp\www\hwxxtj\Application\Home\Controller\ExcelController.class.php 第 124 行.
NOTIC: [8] Undefined offset: 10 D:\wamp\www\hwxxtj\Application\Home\Controller\ExcelController.class.php 第 125 行.
NOTIC: [8] Undefined offset: 10 D:\wamp\www\hwxxtj\Application\Home\Controller\ExcelController.class.php 第 126 行.
NOTIC: [8] Undefined offset: 10 D:\wamp\www\hwxxtj\Application\Home\Controller\ExcelController.class.php 第 127 行.
NOTIC: [8] Undefined offset: 10 D:\wamp\www\hwxxtj\Application\Home\Controller\ExcelController.class.php 第 124 行.
NOTIC: [8] Undefined offset: 10 D:\wamp\www\hwxxtj\Application\Home\Controller\ExcelController.class.php 第 125 行.
NOTIC: [8] Undefined offset: 10 D:\wamp\www\hwxxtj\Application\Home\Controller\ExcelController.class.php 第 126 行.
NOTIC: [8] Undefined offset: 10 D:\wamp\www\hwxxtj\Application\Home\Controller\ExcelController.class.php 第 127 行.
NOTIC: [8] Undefined offset: 10 D:\wamp\www\hwxxtj\Application\Home\Controller\ExcelController.class.php 第 124 行.
NOTIC: [8] Undefined offset: 10 D:\wamp\www\hwxxtj\Application\Home\Controller\ExcelController.class.php 第 125 行.
NOTIC: [8] Undefined offset: 10 D:\wamp\www\hwxxtj\Application\Home\Controller\ExcelController.class.php 第 126 行.
NOTIC: [8] Undefined offset: 10 D:\wamp\www\hwxxtj\Application\Home\Controller\ExcelController.class.php 第 127 行.
NOTIC: [8] Undefined offset: 10 D:\wamp\www\hwxxtj\Application\Home\Controller\ExcelController.class.php 第 124 行.
NOTIC: [8] Undefined offset: 10 D:\wamp\www\hwxxtj\Application\Home\Controller\ExcelController.class.php 第 125 行.
NOTIC: [8] Undefined offset: 10 D:\wamp\www\hwxxtj\Application\Home\Controller\ExcelController.class.php 第 126 行.
NOTIC: [8] Undefined offset: 10 D:\wamp\www\hwxxtj\Application\Home\Controller\ExcelController.class.php 第 127 行.
NOTIC: [8] Undefined offset: 10 D:\wamp\www\hwxxtj\Application\Home\Controller\ExcelController.class.php 第 124 行.
NOTIC: [8] Undefined offset: 10 D:\wamp\www\hwxxtj\Application\Home\Controller\ExcelController.class.php 第 125 行.
NOTIC: [8] Undefined offset: 10 D:\wamp\www\hwxxtj\Application\Home\Controller\ExcelController.class.php 第 126 行.
NOTIC: [8] Undefined offset: 10 D:\wamp\www\hwxxtj\Application\Home\Controller\ExcelController.class.php 第 127 行.

[ 2015-03-21T04:08:52+08:00 ] 127.0.0.1 /hwxxtj/index.php/Home/Excel/proExcel
INFO: [ app_init ] --START--
INFO: Run Behavior\BuildLiteBehavior [ RunTime:0.000032s ]
INFO: [ app_init ] --END-- [ RunTime:0.000658s ]
INFO: [ app_begin ] --START--
INFO: Run Behavior\ReadHtmlCacheBehavior [ RunTime:0.001178s ]
INFO: [ app_begin ] --END-- [ RunTime:0.001320s ]
SQL: SHOW COLUMNS FROM `schedule` [ RunTime:0.0032s ]
SQL: SHOW COLUMNS FROM `special` [ RunTime:0.0030s ]
SQL: SELECT * FROM `schedule` WHERE ( week=1 )  [ RunTime:0.0004s ]
SQL: SELECT * FROM `special` WHERE ( week=1 )  [ RunTime:0.0002s ]
SQL: SHOW COLUMNS FROM `user` [ RunTime:0.0029s ]
SQL: SELECT `name` FROM `user` WHERE ( id=15 )  [ RunTime:0.0003s ]
SQL: SELECT `name` FROM `user` WHERE ( id=2 )  [ RunTime:0.0001s ]
SQL: SELECT `name` FROM `user` WHERE ( id=17 )  [ RunTime:0.0002s ]
SQL: SELECT `name` FROM `user` WHERE ( id=15 )  [ RunTime:0.0002s ]
SQL: SELECT `name` FROM `user` WHERE ( id=2 )  [ RunTime:0.0002s ]
SQL: SELECT `name` FROM `user` WHERE ( id=17 )  [ RunTime:0.0001s ]
SQL: SELECT `name` FROM `user` WHERE ( id=15 )  [ RunTime:0.0002s ]
SQL: SELECT `name` FROM `user` WHERE ( id=2 )  [ RunTime:0.0002s ]
SQL: SELECT `name` FROM `user` WHERE ( id=17 )  [ RunTime:0.0002s ]

[ 2015-03-21T04:09:30+08:00 ] 127.0.0.1 /hwxxtj/index.php/Home/Excel/proExcel
INFO: [ app_init ] --START--
INFO: Run Behavior\BuildLiteBehavior [ RunTime:0.000023s ]
INFO: [ app_init ] --END-- [ RunTime:0.000424s ]
INFO: [ app_begin ] --START--
INFO: Run Behavior\ReadHtmlCacheBehavior [ RunTime:0.000811s ]
INFO: [ app_begin ] --END-- [ RunTime:0.000895s ]
SQL: SHOW COLUMNS FROM `schedule` [ RunTime:0.0032s ]
SQL: SHOW COLUMNS FROM `special` [ RunTime:0.0030s ]
SQL: SELECT * FROM `schedule` WHERE ( week=1 )  [ RunTime:0.0004s ]
SQL: SELECT * FROM `special` WHERE ( week=1 )  [ RunTime:0.0003s ]
SQL: SHOW COLUMNS FROM `user` [ RunTime:0.0030s ]
SQL: SELECT `name` FROM `user` WHERE ( id=15 )  [ RunTime:0.0003s ]
SQL: SELECT `name` FROM `user` WHERE ( id=2 )  [ RunTime:0.0002s ]
SQL: SELECT `name` FROM `user` WHERE ( id=17 )  [ RunTime:0.0002s ]
SQL: SELECT `name` FROM `user` WHERE ( id=15 )  [ RunTime:0.0002s ]
SQL: SELECT `name` FROM `user` WHERE ( id=2 )  [ RunTime:0.0002s ]
SQL: SELECT `name` FROM `user` WHERE ( id=17 )  [ RunTime:0.0002s ]
SQL: SELECT `name` FROM `user` WHERE ( id=15 )  [ RunTime:0.0002s ]
SQL: SELECT `name` FROM `user` WHERE ( id=2 )  [ RunTime:0.0002s ]
SQL: SELECT `name` FROM `user` WHERE ( id=17 )  [ RunTime:0.0002s ]

[ 2015-03-21T04:12:07+08:00 ] 127.0.0.1 /hwxxtj/index.php/Home/Excel/proExcel
INFO: [ app_init ] --START--
INFO: Run Behavior\BuildLiteBehavior [ RunTime:0.000022s ]
INFO: [ app_init ] --END-- [ RunTime:0.000435s ]
INFO: [ app_begin ] --START--
INFO: Run Behavior\ReadHtmlCacheBehavior [ RunTime:0.000647s ]
INFO: [ app_begin ] --END-- [ RunTime:0.000728s ]
SQL: SHOW COLUMNS FROM `schedule` [ RunTime:0.0032s ]
SQL: SHOW COLUMNS FROM `special` [ RunTime:0.0030s ]
SQL: SELECT * FROM `schedule` WHERE ( week=1 )  [ RunTime:0.0004s ]
SQL: SELECT * FROM `special` WHERE ( week=1 )  [ RunTime:0.0002s ]
SQL: SHOW COLUMNS FROM `user` [ RunTime:0.0029s ]
SQL: SELECT `name` FROM `user` WHERE ( id=15 )  [ RunTime:0.0003s ]
SQL: SELECT `name` FROM `user` WHERE ( id=2 )  [ RunTime:0.0002s ]
SQL: SELECT `name` FROM `user` WHERE ( id=17 )  [ RunTime:0.0001s ]
SQL: SELECT `name` FROM `user` WHERE ( id=15 )  [ RunTime:0.0002s ]
SQL: SELECT `name` FROM `user` WHERE ( id=2 )  [ RunTime:0.0002s ]
SQL: SELECT `name` FROM `user` WHERE ( id=17 )  [ RunTime:0.0002s ]
SQL: SELECT `name` FROM `user` WHERE ( id=15 )  [ RunTime:0.0002s ]
SQL: SELECT `name` FROM `user` WHERE ( id=2 )  [ RunTime:0.0002s ]
SQL: SELECT `name` FROM `user` WHERE ( id=17 )  [ RunTime:0.0002s ]
INFO: [ app_end ] --START--
INFO: Run Behavior\ShowPageTraceBehavior [ RunTime:0.000706s ]
INFO: [ app_end ] --END-- [ RunTime:0.000810s ]

[ 2015-03-21T04:13:13+08:00 ] 127.0.0.1 /hwxxtj/index.php/Home/Excel/proExcel
INFO: [ app_init ] --START--
INFO: Run Behavior\BuildLiteBehavior [ RunTime:0.000022s ]
INFO: [ app_init ] --END-- [ RunTime:0.000707s ]
INFO: [ app_begin ] --START--
INFO: Run Behavior\ReadHtmlCacheBehavior [ RunTime:0.000683s ]
INFO: [ app_begin ] --END-- [ RunTime:0.000765s ]
SQL: SHOW COLUMNS FROM `schedule` [ RunTime:0.0033s ]
SQL: SHOW COLUMNS FROM `special` [ RunTime:0.0029s ]
SQL: SELECT * FROM `schedule` WHERE ( week=1 )  [ RunTime:0.0004s ]
SQL: SELECT * FROM `special` WHERE ( week=1 )  [ RunTime:0.0003s ]
SQL: SHOW COLUMNS FROM `user` [ RunTime:0.0028s ]
SQL: SELECT `name` FROM `user` WHERE ( id=15 )  [ RunTime:0.0003s ]
SQL: SELECT `name` FROM `user` WHERE ( id=2 )  [ RunTime:0.0002s ]
SQL: SELECT `name` FROM `user` WHERE ( id=17 )  [ RunTime:0.0002s ]
SQL: SELECT `name` FROM `user` WHERE ( id=15 )  [ RunTime:0.0002s ]
SQL: SELECT `name` FROM `user` WHERE ( id=2 )  [ RunTime:0.0002s ]
SQL: SELECT `name` FROM `user` WHERE ( id=17 )  [ RunTime:0.0002s ]
SQL: SELECT `name` FROM `user` WHERE ( id=15 )  [ RunTime:0.0002s ]
SQL: SELECT `name` FROM `user` WHERE ( id=2 )  [ RunTime:0.0002s ]
SQL: SELECT `name` FROM `user` WHERE ( id=17 )  [ RunTime:0.0001s ]
NOTIC: [8] Undefined offset: 10 D:\wamp\www\hwxxtj\Application\Home\Controller\ExcelController.class.php 第 126 行.
NOTIC: [8] Undefined offset: 10 D:\wamp\www\hwxxtj\Application\Home\Controller\ExcelController.class.php 第 126 行.
NOTIC: [8] Undefined offset: 10 D:\wamp\www\hwxxtj\Application\Home\Controller\ExcelController.class.php 第 126 行.
NOTIC: [8] Undefined offset: 10 D:\wamp\www\hwxxtj\Application\Home\Controller\ExcelController.class.php 第 126 行.
NOTIC: [8] Undefined offset: 10 D:\wamp\www\hwxxtj\Application\Home\Controller\ExcelController.class.php 第 126 行.
NOTIC: [8] Undefined offset: 10 D:\wamp\www\hwxxtj\Application\Home\Controller\ExcelController.class.php 第 126 行.
NOTIC: [8] Undefined offset: 10 D:\wamp\www\hwxxtj\Application\Home\Controller\ExcelController.class.php 第 126 行.
NOTIC: [8] Undefined offset: 10 D:\wamp\www\hwxxtj\Application\Home\Controller\ExcelController.class.php 第 126 行.
NOTIC: [8] Undefined offset: 10 D:\wamp\www\hwxxtj\Application\Home\Controller\ExcelController.class.php 第 126 行.
INFO: [ app_end ] --START--
INFO: Run Behavior\ShowPageTraceBehavior [ RunTime:0.001056s ]
INFO: [ app_end ] --END-- [ RunTime:0.001204s ]

[ 2015-03-21T04:14:49+08:00 ] 127.0.0.1 /hwxxtj/index.php/Home/Excel/proExcel
INFO: [ app_init ] --START--
INFO: Run Behavior\BuildLiteBehavior [ RunTime:0.000030s ]
INFO: [ app_init ] --END-- [ RunTime:0.000579s ]
INFO: [ app_begin ] --START--
INFO: Run Behavior\ReadHtmlCacheBehavior [ RunTime:0.001338s ]
INFO: [ app_begin ] --END-- [ RunTime:0.001466s ]

[ 2015-03-21T04:15:00+08:00 ] 127.0.0.1 /hwxxtj/index.php/Home/Excel/proExcel
INFO: [ app_init ] --START--
INFO: Run Behavior\BuildLiteBehavior [ RunTime:0.000032s ]
INFO: [ app_init ] --END-- [ RunTime:0.000424s ]
INFO: [ app_begin ] --START--
INFO: Run Behavior\ReadHtmlCacheBehavior [ RunTime:0.000579s ]
INFO: [ app_begin ] --END-- [ RunTime:0.000665s ]
SQL: SHOW COLUMNS FROM `schedule` [ RunTime:0.0029s ]
SQL: SHOW COLUMNS FROM `special` [ RunTime:0.0029s ]
SQL: SELECT * FROM `schedule` WHERE ( week=1 )  [ RunTime:0.0003s ]
SQL: SELECT * FROM `special` WHERE ( week=1 )  [ RunTime:0.0002s ]
SQL: SHOW COLUMNS FROM `user` [ RunTime:0.0029s ]
SQL: SELECT `name` FROM `user` WHERE ( id=15 )  [ RunTime:0.0005s ]
SQL: SELECT `name` FROM `user` WHERE ( id=2 )  [ RunTime:0.0002s ]
SQL: SELECT `name` FROM `user` WHERE ( id=17 )  [ RunTime:0.0002s ]
SQL: SELECT `name` FROM `user` WHERE ( id=15 )  [ RunTime:0.0002s ]
SQL: SELECT `name` FROM `user` WHERE ( id=2 )  [ RunTime:0.0002s ]
SQL: SELECT `name` FROM `user` WHERE ( id=17 )  [ RunTime:0.0002s ]
SQL: SELECT `name` FROM `user` WHERE ( id=15 )  [ RunTime:0.0002s ]
SQL: SELECT `name` FROM `user` WHERE ( id=2 )  [ RunTime:0.0002s ]
SQL: SELECT `name` FROM `user` WHERE ( id=17 )  [ RunTime:0.0001s ]
NOTIC: [8] Undefined offset: 10 D:\wamp\www\hwxxtj\Application\Home\Controller\ExcelController.class.php 第 126 行.
NOTIC: [8] Undefined offset: 10 D:\wamp\www\hwxxtj\Application\Home\Controller\ExcelController.class.php 第 126 行.
NOTIC: [8] Undefined offset: 10 D:\wamp\www\hwxxtj\Application\Home\Controller\ExcelController.class.php 第 126 行.
NOTIC: [8] Undefined offset: 10 D:\wamp\www\hwxxtj\Application\Home\Controller\ExcelController.class.php 第 126 行.
NOTIC: [8] Undefined offset: 10 D:\wamp\www\hwxxtj\Application\Home\Controller\ExcelController.class.php 第 126 行.
NOTIC: [8] Undefined offset: 10 D:\wamp\www\hwxxtj\Application\Home\Controller\ExcelController.class.php 第 126 行.
NOTIC: [8] Undefined offset: 10 D:\wamp\www\hwxxtj\Application\Home\Controller\ExcelController.class.php 第 126 行.
NOTIC: [8] Undefined offset: 10 D:\wamp\www\hwxxtj\Application\Home\Controller\ExcelController.class.php 第 126 行.
NOTIC: [8] Undefined offset: 10 D:\wamp\www\hwxxtj\Application\Home\Controller\ExcelController.class.php 第 126 行.
INFO: [ app_end ] --START--
INFO: Run Behavior\ShowPageTraceBehavior [ RunTime:0.000709s ]
INFO: [ app_end ] --END-- [ RunTime:0.000825s ]

[ 2015-03-21T04:15:18+08:00 ] 127.0.0.1 /hwxxtj/index.php/Home/Excel/proExcel
INFO: [ app_init ] --START--
INFO: Run Behavior\BuildLiteBehavior [ RunTime:0.000022s ]
INFO: [ app_init ] --END-- [ RunTime:0.000383s ]
INFO: [ app_begin ] --START--
INFO: Run Behavior\ReadHtmlCacheBehavior [ RunTime:0.000612s ]
INFO: [ app_begin ] --END-- [ RunTime:0.000718s ]
SQL: SHOW COLUMNS FROM `schedule` [ RunTime:0.0029s ]
SQL: SHOW COLUMNS FROM `special` [ RunTime:0.0028s ]
SQL: SELECT * FROM `schedule` WHERE ( week=1 )  [ RunTime:0.0005s ]
SQL: SELECT * FROM `special` WHERE ( week=1 )  [ RunTime:0.0003s ]
SQL: SHOW COLUMNS FROM `user` [ RunTime:0.0028s ]
SQL: SELECT `name` FROM `user` WHERE ( id=15 )  [ RunTime:0.0002s ]
SQL: SELECT `name` FROM `user` WHERE ( id=2 )  [ RunTime:0.0001s ]
SQL: SELECT `name` FROM `user` WHERE ( id=17 )  [ RunTime:0.0002s ]
SQL: SELECT `name` FROM `user` WHERE ( id=15 )  [ RunTime:0.0003s ]
SQL: SELECT `name` FROM `user` WHERE ( id=2 )  [ RunTime:0.0002s ]
SQL: SELECT `name` FROM `user` WHERE ( id=17 )  [ RunTime:0.0002s ]
SQL: SELECT `name` FROM `user` WHERE ( id=15 )  [ RunTime:0.0002s ]
SQL: SELECT `name` FROM `user` WHERE ( id=2 )  [ RunTime:0.0001s ]
SQL: SELECT `name` FROM `user` WHERE ( id=17 )  [ RunTime:0.0002s ]
NOTIC: [8] Undefined offset: 10 D:\wamp\www\hwxxtj\Application\Home\Controller\ExcelController.class.php 第 126 行.
NOTIC: [8] Undefined offset: 10 D:\wamp\www\hwxxtj\Application\Home\Controller\ExcelController.class.php 第 126 行.
NOTIC: [8] Undefined offset: 10 D:\wamp\www\hwxxtj\Application\Home\Controller\ExcelController.class.php 第 126 行.
NOTIC: [8] Undefined offset: 10 D:\wamp\www\hwxxtj\Application\Home\Controller\ExcelController.class.php 第 126 行.
NOTIC: [8] Undefined offset: 10 D:\wamp\www\hwxxtj\Application\Home\Controller\ExcelController.class.php 第 126 行.
NOTIC: [8] Undefined offset: 10 D:\wamp\www\hwxxtj\Application\Home\Controller\ExcelController.class.php 第 126 行.
NOTIC: [8] Undefined offset: 10 D:\wamp\www\hwxxtj\Application\Home\Controller\ExcelController.class.php 第 126 行.
NOTIC: [8] Undefined offset: 10 D:\wamp\www\hwxxtj\Application\Home\Controller\ExcelController.class.php 第 126 行.
NOTIC: [8] Undefined offset: 10 D:\wamp\www\hwxxtj\Application\Home\Controller\ExcelController.class.php 第 126 行.
INFO: [ app_end ] --START--
INFO: Run Behavior\ShowPageTraceBehavior [ RunTime:0.000631s ]
INFO: [ app_end ] --END-- [ RunTime:0.000726s ]

[ 2015-03-21T04:16:12+08:00 ] 127.0.0.1 /hwxxtj/index.php/Home/Excel/proExcel
INFO: [ app_init ] --START--
INFO: Run Behavior\BuildLiteBehavior [ RunTime:0.000023s ]
INFO: [ app_init ] --END-- [ RunTime:0.000452s ]
INFO: [ app_begin ] --START--
INFO: Run Behavior\ReadHtmlCacheBehavior [ RunTime:0.000787s ]
INFO: [ app_begin ] --END-- [ RunTime:0.000913s ]
SQL: SHOW COLUMNS FROM `schedule` [ RunTime:0.0032s ]
SQL: SHOW COLUMNS FROM `special` [ RunTime:0.0035s ]
SQL: SELECT * FROM `schedule` WHERE ( week=1 )  [ RunTime:0.0013s ]
SQL: SELECT * FROM `special` WHERE ( week=1 )  [ RunTime:0.0006s ]
SQL: SHOW COLUMNS FROM `user` [ RunTime:0.0042s ]
SQL: SELECT `name` FROM `user` WHERE ( id=15 )  [ RunTime:0.0003s ]
SQL: SELECT `name` FROM `user` WHERE ( id=2 )  [ RunTime:0.0002s ]
SQL: SELECT `name` FROM `user` WHERE ( id=17 )  [ RunTime:0.0002s ]
SQL: SELECT `name` FROM `user` WHERE ( id=15 )  [ RunTime:0.0003s ]
SQL: SELECT `name` FROM `user` WHERE ( id=2 )  [ RunTime:0.0002s ]
SQL: SELECT `name` FROM `user` WHERE ( id=17 )  [ RunTime:0.0002s ]
SQL: SELECT `name` FROM `user` WHERE ( id=15 )  [ RunTime:0.0003s ]
SQL: SELECT `name` FROM `user` WHERE ( id=2 )  [ RunTime:0.0003s ]
SQL: SELECT `name` FROM `user` WHERE ( id=17 )  [ RunTime:0.0002s ]
NOTIC: [8] Undefined offset: 10 D:\wamp\www\hwxxtj\Application\Home\Controller\ExcelController.class.php 第 124 行.
NOTIC: [8] Undefined offset: 10 D:\wamp\www\hwxxtj\Application\Home\Controller\ExcelController.class.php 第 125 行.
NOTIC: [8] Undefined offset: 10 D:\wamp\www\hwxxtj\Application\Home\Controller\ExcelController.class.php 第 126 行.
NOTIC: [8] Undefined offset: 10 D:\wamp\www\hwxxtj\Application\Home\Controller\ExcelController.class.php 第 127 行.
NOTIC: [8] Undefined offset: 10 D:\wamp\www\hwxxtj\Application\Home\Controller\ExcelController.class.php 第 124 行.
NOTIC: [8] Undefined offset: 10 D:\wamp\www\hwxxtj\Application\Home\Controller\ExcelController.class.php 第 125 行.
NOTIC: [8] Undefined offset: 10 D:\wamp\www\hwxxtj\Application\Home\Controller\ExcelController.class.php 第 126 行.
NOTIC: [8] Undefined offset: 10 D:\wamp\www\hwxxtj\Application\Home\Controller\ExcelController.class.php 第 127 行.
NOTIC: [8] Undefined offset: 10 D:\wamp\www\hwxxtj\Application\Home\Controller\ExcelController.class.php 第 124 行.
NOTIC: [8] Undefined offset: 10 D:\wamp\www\hwxxtj\Application\Home\Controller\ExcelController.class.php 第 125 行.
NOTIC: [8] Undefined offset: 10 D:\wamp\www\hwxxtj\Application\Home\Controller\ExcelController.class.php 第 126 行.
NOTIC: [8] Undefined offset: 10 D:\wamp\www\hwxxtj\Application\Home\Controller\ExcelController.class.php 第 127 行.
NOTIC: [8] Undefined offset: 10 D:\wamp\www\hwxxtj\Application\Home\Controller\ExcelController.class.php 第 124 行.
NOTIC: [8] Undefined offset: 10 D:\wamp\www\hwxxtj\Application\Home\Controller\ExcelController.class.php 第 125 行.
NOTIC: [8] Undefined offset: 10 D:\wamp\www\hwxxtj\Application\Home\Controller\ExcelController.class.php 第 126 行.
NOTIC: [8] Undefined offset: 10 D:\wamp\www\hwxxtj\Application\Home\Controller\ExcelController.class.php 第 127 行.
NOTIC: [8] Undefined offset: 10 D:\wamp\www\hwxxtj\Application\Home\Controller\ExcelController.class.php 第 124 行.
NOTIC: [8] Undefined offset: 10 D:\wamp\www\hwxxtj\Application\Home\Controller\ExcelController.class.php 第 125 行.
NOTIC: [8] Undefined offset: 10 D:\wamp\www\hwxxtj\Application\Home\Controller\ExcelController.class.php 第 126 行.
NOTIC: [8] Undefined offset: 10 D:\wamp\www\hwxxtj\Application\Home\Controller\ExcelController.class.php 第 127 行.
NOTIC: [8] Undefined offset: 10 D:\wamp\www\hwxxtj\Application\Home\Controller\ExcelController.class.php 第 124 行.
NOTIC: [8] Undefined offset: 10 D:\wamp\www\hwxxtj\Application\Home\Controller\ExcelController.class.php 第 125 行.
NOTIC: [8] Undefined offset: 10 D:\wamp\www\hwxxtj\Application\Home\Controller\ExcelController.class.php 第 126 行.
NOTIC: [8] Undefined offset: 10 D:\wamp\www\hwxxtj\Application\Home\Controller\ExcelController.class.php 第 127 行.
NOTIC: [8] Undefined offset: 10 D:\wamp\www\hwxxtj\Application\Home\Controller\ExcelController.class.php 第 124 行.
NOTIC: [8] Undefined offset: 10 D:\wamp\www\hwxxtj\Application\Home\Controller\ExcelController.class.php 第 125 行.
NOTIC: [8] Undefined offset: 10 D:\wamp\www\hwxxtj\Application\Home\Controller\ExcelController.class.php 第 126 行.
NOTIC: [8] Undefined offset: 10 D:\wamp\www\hwxxtj\Application\Home\Controller\ExcelController.class.php 第 127 行.
NOTIC: [8] Undefined offset: 10 D:\wamp\www\hwxxtj\Application\Home\Controller\ExcelController.class.php 第 124 行.
NOTIC: [8] Undefined offset: 10 D:\wamp\www\hwxxtj\Application\Home\Controller\ExcelController.class.php 第 125 行.
NOTIC: [8] Undefined offset: 10 D:\wamp\www\hwxxtj\Application\Home\Controller\ExcelController.class.php 第 126 行.
NOTIC: [8] Undefined offset: 10 D:\wamp\www\hwxxtj\Application\Home\Controller\ExcelController.class.php 第 127 行.
NOTIC: [8] Undefined offset: 10 D:\wamp\www\hwxxtj\Application\Home\Controller\ExcelController.class.php 第 124 行.
NOTIC: [8] Undefined offset: 10 D:\wamp\www\hwxxtj\Application\Home\Controller\ExcelController.class.php 第 125 行.
NOTIC: [8] Undefined offset: 10 D:\wamp\www\hwxxtj\Application\Home\Controller\ExcelController.class.php 第 126 行.
NOTIC: [8] Undefined offset: 10 D:\wamp\www\hwxxtj\Application\Home\Controller\ExcelController.class.php 第 127 行.

[ 2015-03-21T04:17:19+08:00 ] 127.0.0.1 /hwxxtj/index.php/Home/Excel/proExcel
INFO: [ app_init ] --START--
INFO: Run Behavior\BuildLiteBehavior [ RunTime:0.000022s ]
INFO: [ app_init ] --END-- [ RunTime:0.000445s ]
INFO: [ app_begin ] --START--
INFO: Run Behavior\ReadHtmlCacheBehavior [ RunTime:0.000690s ]
INFO: [ app_begin ] --END-- [ RunTime:0.000780s ]
SQL: SHOW COLUMNS FROM `schedule` [ RunTime:0.0033s ]
SQL: SHOW COLUMNS FROM `special` [ RunTime:0.0044s ]
SQL: SELECT * FROM `schedule` WHERE ( week=1 )  [ RunTime:0.0005s ]
SQL: SELECT * FROM `special` WHERE ( week=1 )  [ RunTime:0.0004s ]
SQL: SHOW COLUMNS FROM `user` [ RunTime:0.0029s ]
SQL: SELECT `name` FROM `user` WHERE ( id=15 )  [ RunTime:0.0003s ]
SQL: SELECT `name` FROM `user` WHERE ( id=2 )  [ RunTime:0.0002s ]
SQL: SELECT `name` FROM `user` WHERE ( id=17 )  [ RunTime:0.0001s ]
SQL: SELECT `name` FROM `user` WHERE ( id=15 )  [ RunTime:0.0002s ]
SQL: SELECT `name` FROM `user` WHERE ( id=2 )  [ RunTime:0.0001s ]
SQL: SELECT `name` FROM `user` WHERE ( id=17 )  [ RunTime:0.0001s ]
SQL: SELECT `name` FROM `user` WHERE ( id=15 )  [ RunTime:0.0003s ]
SQL: SELECT `name` FROM `user` WHERE ( id=2 )  [ RunTime:0.0002s ]
SQL: SELECT `name` FROM `user` WHERE ( id=17 )  [ RunTime:0.0002s ]
NOTIC: [8] Undefined offset: 10 D:\wamp\www\hwxxtj\Application\Home\Controller\ExcelController.class.php 第 124 行.
NOTIC: [8] Undefined offset: 10 D:\wamp\www\hwxxtj\Application\Home\Controller\ExcelController.class.php 第 125 行.
NOTIC: [8] Undefined offset: 10 D:\wamp\www\hwxxtj\Application\Home\Controller\ExcelController.class.php 第 126 行.
NOTIC: [8] Undefined offset: 10 D:\wamp\www\hwxxtj\Application\Home\Controller\ExcelController.class.php 第 127 行.
NOTIC: [8] Undefined offset: 10 D:\wamp\www\hwxxtj\Application\Home\Controller\ExcelController.class.php 第 124 行.
NOTIC: [8] Undefined offset: 10 D:\wamp\www\hwxxtj\Application\Home\Controller\ExcelController.class.php 第 125 行.
NOTIC: [8] Undefined offset: 10 D:\wamp\www\hwxxtj\Application\Home\Controller\ExcelController.class.php 第 126 行.
NOTIC: [8] Undefined offset: 10 D:\wamp\www\hwxxtj\Application\Home\Controller\ExcelController.class.php 第 127 行.
NOTIC: [8] Undefined offset: 10 D:\wamp\www\hwxxtj\Application\Home\Controller\ExcelController.class.php 第 124 行.
NOTIC: [8] Undefined offset: 10 D:\wamp\www\hwxxtj\Application\Home\Controller\ExcelController.class.php 第 125 行.
NOTIC: [8] Undefined offset: 10 D:\wamp\www\hwxxtj\Application\Home\Controller\ExcelController.class.php 第 126 行.
NOTIC: [8] Undefined offset: 10 D:\wamp\www\hwxxtj\Application\Home\Controller\ExcelController.class.php 第 127 行.
NOTIC: [8] Undefined offset: 10 D:\wamp\www\hwxxtj\Application\Home\Controller\ExcelController.class.php 第 124 行.
NOTIC: [8] Undefined offset: 10 D:\wamp\www\hwxxtj\Application\Home\Controller\ExcelController.class.php 第 125 行.
NOTIC: [8] Undefined offset: 10 D:\wamp\www\hwxxtj\Application\Home\Controller\ExcelController.class.php 第 126 行.
NOTIC: [8] Undefined offset: 10 D:\wamp\www\hwxxtj\Application\Home\Controller\ExcelController.class.php 第 127 行.
NOTIC: [8] Undefined offset: 10 D:\wamp\www\hwxxtj\Application\Home\Controller\ExcelController.class.php 第 124 行.
NOTIC: [8] Undefined offset: 10 D:\wamp\www\hwxxtj\Application\Home\Controller\ExcelController.class.php 第 125 行.
NOTIC: [8] Undefined offset: 10 D:\wamp\www\hwxxtj\Application\Home\Controller\ExcelController.class.php 第 126 行.
NOTIC: [8] Undefined offset: 10 D:\wamp\www\hwxxtj\Application\Home\Controller\ExcelController.class.php 第 127 行.
NOTIC: [8] Undefined offset: 10 D:\wamp\www\hwxxtj\Application\Home\Controller\ExcelController.class.php 第 124 行.
NOTIC: [8] Undefined offset: 10 D:\wamp\www\hwxxtj\Application\Home\Controller\ExcelController.class.php 第 125 行.
NOTIC: [8] Undefined offset: 10 D:\wamp\www\hwxxtj\Application\Home\Controller\ExcelController.class.php 第 126 行.
NOTIC: [8] Undefined offset: 10 D:\wamp\www\hwxxtj\Application\Home\Controller\ExcelController.class.php 第 127 行.
NOTIC: [8] Undefined offset: 10 D:\wamp\www\hwxxtj\Application\Home\Controller\ExcelController.class.php 第 124 行.
NOTIC: [8] Undefined offset: 10 D:\wamp\www\hwxxtj\Application\Home\Controller\ExcelController.class.php 第 125 行.
NOTIC: [8] Undefined offset: 10 D:\wamp\www\hwxxtj\Application\Home\Controller\ExcelController.class.php 第 126 行.
NOTIC: [8] Undefined offset: 10 D:\wamp\www\hwxxtj\Application\Home\Controller\ExcelController.class.php 第 127 行.
NOTIC: [8] Undefined offset: 10 D:\wamp\www\hwxxtj\Application\Home\Controller\ExcelController.class.php 第 124 行.
NOTIC: [8] Undefined offset: 10 D:\wamp\www\hwxxtj\Application\Home\Controller\ExcelController.class.php 第 125 行.
NOTIC: [8] Undefined offset: 10 D:\wamp\www\hwxxtj\Application\Home\Controller\ExcelController.class.php 第 126 行.
NOTIC: [8] Undefined offset: 10 D:\wamp\www\hwxxtj\Application\Home\Controller\ExcelController.class.php 第 127 行.
NOTIC: [8] Undefined offset: 10 D:\wamp\www\hwxxtj\Application\Home\Controller\ExcelController.class.php 第 124 行.
NOTIC: [8] Undefined offset: 10 D:\wamp\www\hwxxtj\Application\Home\Controller\ExcelController.class.php 第 125 行.
NOTIC: [8] Undefined offset: 10 D:\wamp\www\hwxxtj\Application\Home\Controller\ExcelController.class.php 第 126 行.
NOTIC: [8] Undefined offset: 10 D:\wamp\www\hwxxtj\Application\Home\Controller\ExcelController.class.php 第 127 行.

[ 2015-03-21T04:27:39+08:00 ] 127.0.0.1 /hwxxtj/index.php/Home/Excel/proExcel
INFO: [ app_init ] --START--
INFO: Run Behavior\BuildLiteBehavior [ RunTime:0.000022s ]
INFO: [ app_init ] --END-- [ RunTime:0.000437s ]
INFO: [ app_begin ] --START--
INFO: Run Behavior\ReadHtmlCacheBehavior [ RunTime:0.001214s ]
INFO: [ app_begin ] --END-- [ RunTime:0.001326s ]
SQL: SHOW COLUMNS FROM `schedule` [ RunTime:0.0030s ]
SQL: SHOW COLUMNS FROM `special` [ RunTime:0.0034s ]
SQL: SELECT * FROM `schedule` WHERE ( week=1 )  [ RunTime:0.0003s ]
SQL: SELECT * FROM `special` WHERE ( week=1 )  [ RunTime:0.0002s ]
SQL: SHOW COLUMNS FROM `user` [ RunTime:0.0029s ]
SQL: SELECT `name` FROM `user` WHERE ( id=15 )  [ RunTime:0.0003s ]
SQL: SELECT `name` FROM `user` WHERE ( id=2 )  [ RunTime:0.0002s ]
SQL: SELECT `name` FROM `user` WHERE ( id=17 )  [ RunTime:0.0002s ]
SQL: SELECT `name` FROM `user` WHERE ( id=15 )  [ RunTime:0.0002s ]
SQL: SELECT `name` FROM `user` WHERE ( id=2 )  [ RunTime:0.0002s ]
SQL: SELECT `name` FROM `user` WHERE ( id=17 )  [ RunTime:0.0003s ]
SQL: SELECT `name` FROM `user` WHERE ( id=15 )  [ RunTime:0.0003s ]
SQL: SELECT `name` FROM `user` WHERE ( id=2 )  [ RunTime:0.0002s ]
SQL: SELECT `name` FROM `user` WHERE ( id=17 )  [ RunTime:0.0001s ]

[ 2015-03-21T04:29:57+08:00 ] 127.0.0.1 /hwxxtj/index.php/Home/Excel/proExcel
INFO: [ app_init ] --START--
INFO: Run Behavior\BuildLiteBehavior [ RunTime:0.000021s ]
INFO: [ app_init ] --END-- [ RunTime:0.000426s ]
INFO: [ app_begin ] --START--
INFO: Run Behavior\ReadHtmlCacheBehavior [ RunTime:0.001948s ]
INFO: [ app_begin ] --END-- [ RunTime:0.002067s ]
SQL: SHOW COLUMNS FROM `schedule` [ RunTime:0.0032s ]
SQL: SHOW COLUMNS FROM `special` [ RunTime:0.0045s ]
SQL: SELECT * FROM `schedule` WHERE ( week=1 )  [ RunTime:0.0005s ]
SQL: SELECT * FROM `special` WHERE ( week=1 )  [ RunTime:0.0003s ]
SQL: SHOW COLUMNS FROM `user` [ RunTime:0.0030s ]
SQL: SELECT `name` FROM `user` WHERE ( id=15 )  [ RunTime:0.0003s ]
SQL: SELECT `name` FROM `user` WHERE ( id=2 )  [ RunTime:0.0002s ]
SQL: SELECT `name` FROM `user` WHERE ( id=17 )  [ RunTime:0.0001s ]
SQL: SELECT `name` FROM `user` WHERE ( id=15 )  [ RunTime:0.0002s ]
SQL: SELECT `name` FROM `user` WHERE ( id=2 )  [ RunTime:0.0001s ]
SQL: SELECT `name` FROM `user` WHERE ( id=17 )  [ RunTime:0.0001s ]
SQL: SELECT `name` FROM `user` WHERE ( id=15 )  [ RunTime:0.0001s ]
SQL: SELECT `name` FROM `user` WHERE ( id=2 )  [ RunTime:0.0001s ]
SQL: SELECT `name` FROM `user` WHERE ( id=17 )  [ RunTime:0.0001s ]

[ 2015-03-21T04:33:59+08:00 ] 127.0.0.1 /hwxxtj/index.php/Home/Excel/proExcel
INFO: [ app_init ] --START--
INFO: Run Behavior\BuildLiteBehavior [ RunTime:0.000026s ]
INFO: [ app_init ] --END-- [ RunTime:0.000497s ]
INFO: [ app_begin ] --START--
INFO: Run Behavior\ReadHtmlCacheBehavior [ RunTime:0.000647s ]
INFO: [ app_begin ] --END-- [ RunTime:0.000737s ]
SQL: SHOW COLUMNS FROM `schedule` [ RunTime:0.0321s ]
SQL: SHOW COLUMNS FROM `special` [ RunTime:0.0028s ]
SQL: SELECT * FROM `schedule` WHERE ( week=1 )  [ RunTime:0.0007s ]
SQL: SELECT * FROM `special` WHERE ( week=1 )  [ RunTime:0.0003s ]
SQL: SHOW COLUMNS FROM `user` [ RunTime:0.0028s ]
SQL: SELECT `name` FROM `user` WHERE ( id=15 )  [ RunTime:0.0002s ]
SQL: SELECT `name` FROM `user` WHERE ( id=2 )  [ RunTime:0.0001s ]
SQL: SELECT `name` FROM `user` WHERE ( id=17 )  [ RunTime:0.0001s ]
SQL: SELECT `name` FROM `user` WHERE ( id=15 )  [ RunTime:0.0004s ]
SQL: SELECT `name` FROM `user` WHERE ( id=2 )  [ RunTime:0.0003s ]
SQL: SELECT `name` FROM `user` WHERE ( id=17 )  [ RunTime:0.0002s ]
SQL: SELECT `name` FROM `user` WHERE ( id=15 )  [ RunTime:0.0001s ]
SQL: SELECT `name` FROM `user` WHERE ( id=2 )  [ RunTime:0.0001s ]
SQL: SELECT `name` FROM `user` WHERE ( id=17 )  [ RunTime:0.0001s ]
ERR: Invalid cell coordinate A$COUNT

[ 2015-03-21T04:34:20+08:00 ] 127.0.0.1 /hwxxtj/index.php/Home/Excel/proExcel
INFO: [ app_init ] --START--
INFO: Run Behavior\BuildLiteBehavior [ RunTime:0.000024s ]
INFO: [ app_init ] --END-- [ RunTime:0.000447s ]
INFO: [ app_begin ] --START--
INFO: Run Behavior\ReadHtmlCacheBehavior [ RunTime:0.000548s ]
INFO: [ app_begin ] --END-- [ RunTime:0.000648s ]
SQL: SHOW COLUMNS FROM `schedule` [ RunTime:0.0029s ]
SQL: SHOW COLUMNS FROM `special` [ RunTime:0.0031s ]
SQL: SELECT * FROM `schedule` WHERE ( week=1 )  [ RunTime:0.0004s ]
SQL: SELECT * FROM `special` WHERE ( week=1 )  [ RunTime:0.0003s ]
SQL: SHOW COLUMNS FROM `user` [ RunTime:0.0029s ]
SQL: SELECT `name` FROM `user` WHERE ( id=15 )  [ RunTime:0.0004s ]
SQL: SELECT `name` FROM `user` WHERE ( id=2 )  [ RunTime:0.0002s ]
SQL: SELECT `name` FROM `user` WHERE ( id=17 )  [ RunTime:0.0002s ]
SQL: SELECT `name` FROM `user` WHERE ( id=15 )  [ RunTime:0.0002s ]
SQL: SELECT `name` FROM `user` WHERE ( id=2 )  [ RunTime:0.0001s ]
SQL: SELECT `name` FROM `user` WHERE ( id=17 )  [ RunTime:0.0001s ]
SQL: SELECT `name` FROM `user` WHERE ( id=15 )  [ RunTime:0.0002s ]
SQL: SELECT `name` FROM `user` WHERE ( id=2 )  [ RunTime:0.0001s ]
SQL: SELECT `name` FROM `user` WHERE ( id=17 )  [ RunTime:0.0002s ]

[ 2015-03-21T04:35:03+08:00 ] 127.0.0.1 /hwxxtj/index.php/Home/Excel/proExcel
INFO: [ app_init ] --START--
INFO: Run Behavior\BuildLiteBehavior [ RunTime:0.000026s ]
INFO: [ app_init ] --END-- [ RunTime:0.000506s ]
INFO: [ app_begin ] --START--
INFO: Run Behavior\ReadHtmlCacheBehavior [ RunTime:0.000540s ]
INFO: [ app_begin ] --END-- [ RunTime:0.000653s ]
SQL: SHOW COLUMNS FROM `schedule` [ RunTime:0.0031s ]
SQL: SHOW COLUMNS FROM `special` [ RunTime:0.0028s ]
SQL: SELECT * FROM `schedule` WHERE ( week=1 )  [ RunTime:0.0004s ]
SQL: SELECT * FROM `special` WHERE ( week=1 )  [ RunTime:0.0003s ]
SQL: SHOW COLUMNS FROM `user` [ RunTime:0.0039s ]
SQL: SELECT `name` FROM `user` WHERE ( id=15 )  [ RunTime:0.0002s ]
SQL: SELECT `name` FROM `user` WHERE ( id=2 )  [ RunTime:0.0002s ]
SQL: SELECT `name` FROM `user` WHERE ( id=17 )  [ RunTime:0.0002s ]
SQL: SELECT `name` FROM `user` WHERE ( id=15 )  [ RunTime:0.0002s ]
SQL: SELECT `name` FROM `user` WHERE ( id=2 )  [ RunTime:0.0002s ]
SQL: SELECT `name` FROM `user` WHERE ( id=17 )  [ RunTime:0.0002s ]
SQL: SELECT `name` FROM `user` WHERE ( id=15 )  [ RunTime:0.0003s ]
SQL: SELECT `name` FROM `user` WHERE ( id=2 )  [ RunTime:0.0002s ]
SQL: SELECT `name` FROM `user` WHERE ( id=17 )  [ RunTime:0.0001s ]

[ 2015-03-21T04:36:02+08:00 ] 127.0.0.1 /hwxxtj/index.php/Home/Excel/proExcel
INFO: [ app_init ] --START--
INFO: Run Behavior\BuildLiteBehavior [ RunTime:0.000021s ]
INFO: [ app_init ] --END-- [ RunTime:0.000429s ]
INFO: [ app_begin ] --START--
INFO: Run Behavior\ReadHtmlCacheBehavior [ RunTime:0.000879s ]
INFO: [ app_begin ] --END-- [ RunTime:0.000988s ]
SQL: SHOW COLUMNS FROM `schedule` [ RunTime:0.0027s ]
SQL: SHOW COLUMNS FROM `special` [ RunTime:0.0028s ]
SQL: SELECT * FROM `schedule` WHERE ( week=1 )  [ RunTime:0.0004s ]
SQL: SELECT * FROM `special` WHERE ( week=1 )  [ RunTime:0.0004s ]
SQL: SHOW COLUMNS FROM `user` [ RunTime:0.0027s ]
SQL: SELECT `name` FROM `user` WHERE ( id=15 )  [ RunTime:0.0002s ]
SQL: SELECT `name` FROM `user` WHERE ( id=2 )  [ RunTime:0.0002s ]
SQL: SELECT `name` FROM `user` WHERE ( id=17 )  [ RunTime:0.0001s ]
SQL: SELECT `name` FROM `user` WHERE ( id=15 )  [ RunTime:0.0002s ]
SQL: SELECT `name` FROM `user` WHERE ( id=2 )  [ RunTime:0.0001s ]
SQL: SELECT `name` FROM `user` WHERE ( id=17 )  [ RunTime:0.0001s ]
SQL: SELECT `name` FROM `user` WHERE ( id=15 )  [ RunTime:0.0001s ]
SQL: SELECT `name` FROM `user` WHERE ( id=2 )  [ RunTime:0.0002s ]
SQL: SELECT `name` FROM `user` WHERE ( id=17 )  [ RunTime:0.0002s ]

[ 2015-03-21T04:36:59+08:00 ] 127.0.0.1 /hwxxtj/index.php/Home/Excel/proExcel
INFO: [ app_init ] --START--
INFO: Run Behavior\BuildLiteBehavior [ RunTime:0.000022s ]
INFO: [ app_init ] --END-- [ RunTime:0.000573s ]
INFO: [ app_begin ] --START--
INFO: Run Behavior\ReadHtmlCacheBehavior [ RunTime:0.000612s ]
INFO: [ app_begin ] --END-- [ RunTime:0.000722s ]
SQL: SHOW COLUMNS FROM `schedule` [ RunTime:0.0033s ]
SQL: SHOW COLUMNS FROM `special` [ RunTime:0.0030s ]
SQL: SELECT * FROM `schedule` WHERE ( week=2 )  [ RunTime:0.0004s ]
SQL: SELECT * FROM `special` WHERE ( week=2 )  [ RunTime:0.0003s ]
SQL: SHOW COLUMNS FROM `user` [ RunTime:0.0033s ]
SQL: SELECT `name` FROM `user` WHERE ( id=2 )  [ RunTime:0.0003s ]
SQL: SELECT `name` FROM `user` WHERE ( id=16 )  [ RunTime:0.0002s ]
SQL: SELECT `name` FROM `user` WHERE ( id=17 )  [ RunTime:0.0002s ]
SQL: SELECT `name` FROM `user` WHERE ( id=17 )  [ RunTime:0.0003s ]
SQL: SELECT `name` FROM `user` WHERE ( id=15 )  [ RunTime:0.0005s ]

