[ 2015-03-25T13:41:05+08:00 ] 192.168.239.252 /hwxxtj/index.php/Home/Index
INFO: [ app_init ] --START--
INFO: Run Behavior\BuildLiteBehavior [ RunTime:0.000026s ]
INFO: [ app_init ] --END-- [ RunTime:0.000618s ]
INFO: [ app_begin ] --START--
INFO: Run Behavior\ReadHtmlCacheBehavior [ RunTime:0.000719s ]
INFO: [ app_begin ] --END-- [ RunTime:0.000827s ]
SQL: SHOW COLUMNS FROM `schedule` [ RunTime:0.7072s ]
SQL: SHOW COLUMNS FROM `special` [ RunTime:7.2657s ]
SQL: SELECT DISTINCT  `schoolYear`,`term` FROM `schedule` ORDER BY schoolYear,term asc  [ RunTime:0.0057s ]
SQL: SELECT DISTINCT  `week` FROM `schedule` WHERE ( schoolYear="2014-2015" and term="2" ) ORDER BY week asc  [ RunTime:0.3771s ]
SQL: SELECT * FROM `schedule` WHERE ( week="2" and schoolYear="2014-2015" and term="2" )  [ RunTime:0.0008s ]
SQL: SELECT * FROM `special` WHERE ( week="2" and schoolYear="2014-2015" and term="2" )  [ RunTime:0.0006s ]
INFO: [ view_parse ] --START--
INFO: [ template_filter ] --START--
INFO: Run Behavior\ContentReplaceBehavior [ RunTime:0.000230s ]
INFO: [ template_filter ] --END-- [ RunTime:0.000459s ]
NOTIC: [8] Undefined variable: user D:\wamp\www\hwxxtj\Application\Runtime\Cache\Home\2a94b8bda04ff446dcedd42276fc99ee.php 第 18 行.
NOTIC: [8] Undefined variable: user D:\wamp\www\hwxxtj\Application\Runtime\Cache\Home\2a94b8bda04ff446dcedd42276fc99ee.php 第 24 行.
SQL: SHOW COLUMNS FROM `user` [ RunTime:1.5316s ]
SQL: SELECT `name` FROM `user` WHERE ( id=2 )  [ RunTime:0.0006s ]
SQL: SELECT `name` FROM `user` WHERE ( id=16 )  [ RunTime:0.0006s ]
SQL: SELECT `name` FROM `user` WHERE ( id=17 )  [ RunTime:0.0004s ]
SQL: SELECT `name` FROM `user` WHERE ( id=2 )  [ RunTime:0.0004s ]
SQL: SELECT `name` FROM `user` WHERE ( id=15 )  [ RunTime:0.0004s ]
SQL: SELECT `name` FROM `user` WHERE ( id=16 )  [ RunTime:0.0007s ]
NOTIC: [2] Invalid argument supplied for foreach() D:\wamp\www\hwxxtj\Application\Runtime\Cache\Home\2a94b8bda04ff446dcedd42276fc99ee.php 第 81 行.
SQL: SELECT `name` FROM `user` WHERE ( id=18 )  [ RunTime:0.0005s ]
NOTIC: [2] Invalid argument supplied for foreach() D:\wamp\www\hwxxtj\Application\Runtime\Cache\Home\2a94b8bda04ff446dcedd42276fc99ee.php 第 81 行.
INFO: Run Behavior\ParseTemplateBehavior [ RunTime:4.589746s ]
INFO: [ view_parse ] --END-- [ RunTime:4.589939s ]
INFO: [ view_filter ] --START--
INFO: Run Behavior\WriteHtmlCacheBehavior [ RunTime:0.001666s ]
INFO: [ view_filter ] --END-- [ RunTime:0.001882s ]
INFO: [ app_end ] --START--
INFO: Run Behavior\ShowPageTraceBehavior [ RunTime:0.001498s ]
INFO: [ app_end ] --END-- [ RunTime:0.001807s ]

[ 2015-03-25T13:41:05+08:00 ] 192.168.239.252 /hwxxtj/index.php/Home/Index
INFO: [ app_init ] --START--
INFO: Run Behavior\BuildLiteBehavior [ RunTime:0.000026s ]
INFO: [ app_init ] --END-- [ RunTime:0.000473s ]
INFO: [ app_begin ] --START--
INFO: Run Behavior\ReadHtmlCacheBehavior [ RunTime:0.000800s ]
INFO: [ app_begin ] --END-- [ RunTime:0.000950s ]
SQL: SHOW COLUMNS FROM `schedule` [ RunTime:0.6379s ]
SQL: SHOW COLUMNS FROM `special` [ RunTime:7.2734s ]
SQL: SELECT DISTINCT  `schoolYear`,`term` FROM `schedule` ORDER BY schoolYear,term asc  [ RunTime:0.0012s ]
SQL: SELECT DISTINCT  `week` FROM `schedule` WHERE ( schoolYear="2014-2015" and term="2" ) ORDER BY week asc  [ RunTime:0.0014s ]
SQL: SELECT * FROM `schedule` WHERE ( week="2" and schoolYear="2014-2015" and term="2" )  [ RunTime:0.0008s ]
SQL: SELECT * FROM `special` WHERE ( week="2" and schoolYear="2014-2015" and term="2" )  [ RunTime:0.0007s ]
INFO: [ view_parse ] --START--
INFO: [ template_filter ] --START--
INFO: Run Behavior\ContentReplaceBehavior [ RunTime:0.000215s ]
INFO: [ template_filter ] --END-- [ RunTime:0.000432s ]
NOTIC: [8] Undefined variable: user D:\wamp\www\hwxxtj\Application\Runtime\Cache\Home\2a94b8bda04ff446dcedd42276fc99ee.php 第 18 行.
NOTIC: [8] Undefined variable: user D:\wamp\www\hwxxtj\Application\Runtime\Cache\Home\2a94b8bda04ff446dcedd42276fc99ee.php 第 24 行.
SQL: SHOW COLUMNS FROM `user` [ RunTime:1.5338s ]
SQL: SELECT `name` FROM `user` WHERE ( id=2 )  [ RunTime:0.0008s ]
SQL: SELECT `name` FROM `user` WHERE ( id=16 )  [ RunTime:0.0008s ]
SQL: SELECT `name` FROM `user` WHERE ( id=17 )  [ RunTime:0.0006s ]
SQL: SELECT `name` FROM `user` WHERE ( id=2 )  [ RunTime:0.0007s ]
SQL: SELECT `name` FROM `user` WHERE ( id=15 )  [ RunTime:0.0005s ]
SQL: SELECT `name` FROM `user` WHERE ( id=16 )  [ RunTime:0.0007s ]
NOTIC: [2] Invalid argument supplied for foreach() D:\wamp\www\hwxxtj\Application\Runtime\Cache\Home\2a94b8bda04ff446dcedd42276fc99ee.php 第 81 行.
SQL: SELECT `name` FROM `user` WHERE ( id=18 )  [ RunTime:0.0007s ]
NOTIC: [2] Invalid argument supplied for foreach() D:\wamp\www\hwxxtj\Application\Runtime\Cache\Home\2a94b8bda04ff446dcedd42276fc99ee.php 第 81 行.
INFO: Run Behavior\ParseTemplateBehavior [ RunTime:4.976830s ]
INFO: [ view_parse ] --END-- [ RunTime:4.977113s ]
INFO: [ view_filter ] --START--
INFO: Run Behavior\WriteHtmlCacheBehavior [ RunTime:0.001244s ]
INFO: [ view_filter ] --END-- [ RunTime:0.001519s ]
INFO: [ app_end ] --START--
INFO: Run Behavior\ShowPageTraceBehavior [ RunTime:0.001356s ]
INFO: [ app_end ] --END-- [ RunTime:0.001556s ]

[ 2015-03-25T13:41:06+08:00 ] 192.168.239.252 /hwxxtj/index.php/Home/Index/login
INFO: [ app_init ] --START--
INFO: Run Behavior\BuildLiteBehavior [ RunTime:0.000023s ]
INFO: [ app_init ] --END-- [ RunTime:0.000636s ]
INFO: [ app_begin ] --START--
INFO: Run Behavior\ReadHtmlCacheBehavior [ RunTime:0.000504s ]
INFO: [ app_begin ] --END-- [ RunTime:0.000593s ]
INFO: [ view_parse ] --START--
INFO: [ template_filter ] --START--
INFO: Run Behavior\ContentReplaceBehavior [ RunTime:0.000132s ]
INFO: [ template_filter ] --END-- [ RunTime:0.000402s ]
INFO: Run Behavior\ParseTemplateBehavior [ RunTime:1.072654s ]
INFO: [ view_parse ] --END-- [ RunTime:1.072789s ]
INFO: [ view_filter ] --START--
INFO: Run Behavior\WriteHtmlCacheBehavior [ RunTime:0.000403s ]
INFO: [ view_filter ] --END-- [ RunTime:0.000581s ]
INFO: [ app_end ] --START--
INFO: Run Behavior\ShowPageTraceBehavior [ RunTime:0.000939s ]
INFO: [ app_end ] --END-- [ RunTime:0.001347s ]

[ 2015-03-25T13:42:16+08:00 ] 192.168.239.252 /hwxxtj/index.php/Home/Index/loginVerify
INFO: [ app_init ] --START--
INFO: Run Behavior\BuildLiteBehavior [ RunTime:0.000048s ]
INFO: [ app_init ] --END-- [ RunTime:0.000855s ]
INFO: [ app_begin ] --START--
INFO: Run Behavior\ReadHtmlCacheBehavior [ RunTime:0.001730s ]
INFO: [ app_begin ] --END-- [ RunTime:0.001961s ]
SQL: SHOW COLUMNS FROM `user` [ RunTime:0.0027s ]
SQL: SELECT * FROM `user` WHERE ( number="88888888" )  [ RunTime:0.0003s ]
INFO: [ app_end ] --START--
INFO: Run Behavior\ShowPageTraceBehavior [ RunTime:0.000569s ]
INFO: [ app_end ] --END-- [ RunTime:0.000652s ]

[ 2015-03-25T13:42:16+08:00 ] 192.168.239.252 /hwxxtj/index.php/Home/Index/index
INFO: [ app_init ] --START--
INFO: Run Behavior\BuildLiteBehavior [ RunTime:0.000021s ]
INFO: [ app_init ] --END-- [ RunTime:0.000373s ]
INFO: [ app_begin ] --START--
INFO: Run Behavior\ReadHtmlCacheBehavior [ RunTime:0.000441s ]
INFO: [ app_begin ] --END-- [ RunTime:0.000521s ]
SQL: SHOW COLUMNS FROM `schedule` [ RunTime:0.0028s ]
SQL: SHOW COLUMNS FROM `special` [ RunTime:0.0027s ]
SQL: SELECT DISTINCT  `schoolYear`,`term` FROM `schedule` ORDER BY schoolYear,term asc  [ RunTime:0.0005s ]
SQL: SELECT DISTINCT  `week` FROM `schedule` WHERE ( schoolYear="2014-2015" and term="2" ) ORDER BY week asc  [ RunTime:0.0004s ]
SQL: SELECT * FROM `schedule` WHERE ( week="2" and schoolYear="2014-2015" and term="2" )  [ RunTime:0.0003s ]
SQL: SELECT * FROM `special` WHERE ( week="2" and schoolYear="2014-2015" and term="2" )  [ RunTime:0.0003s ]
INFO: [ view_parse ] --START--
INFO: [ template_filter ] --START--
INFO: Run Behavior\ContentReplaceBehavior [ RunTime:0.000088s ]
INFO: [ template_filter ] --END-- [ RunTime:0.000188s ]
SQL: SHOW COLUMNS FROM `user` [ RunTime:0.0025s ]
SQL: SELECT `name` FROM `user` WHERE ( id=2 )  [ RunTime:0.0002s ]
SQL: SELECT `name` FROM `user` WHERE ( id=16 )  [ RunTime:0.0002s ]
SQL: SELECT `name` FROM `user` WHERE ( id=17 )  [ RunTime:0.0002s ]
SQL: SELECT `name` FROM `user` WHERE ( id=2 )  [ RunTime:0.0001s ]
SQL: SELECT `name` FROM `user` WHERE ( id=15 )  [ RunTime:0.0001s ]
SQL: SELECT `name` FROM `user` WHERE ( id=16 )  [ RunTime:0.0001s ]
NOTIC: [2] Invalid argument supplied for foreach() D:\wamp\www\hwxxtj\Application\Runtime\Cache\Home\2a94b8bda04ff446dcedd42276fc99ee.php 第 81 行.
SQL: SELECT `name` FROM `user` WHERE ( id=18 )  [ RunTime:0.0001s ]
NOTIC: [2] Invalid argument supplied for foreach() D:\wamp\www\hwxxtj\Application\Runtime\Cache\Home\2a94b8bda04ff446dcedd42276fc99ee.php 第 81 行.
INFO: Run Behavior\ParseTemplateBehavior [ RunTime:0.015911s ]
INFO: [ view_parse ] --END-- [ RunTime:0.015988s ]
INFO: [ view_filter ] --START--
INFO: Run Behavior\WriteHtmlCacheBehavior [ RunTime:0.000289s ]
INFO: [ view_filter ] --END-- [ RunTime:0.000367s ]
INFO: [ app_end ] --START--
INFO: Run Behavior\ShowPageTraceBehavior [ RunTime:0.000453s ]
INFO: [ app_end ] --END-- [ RunTime:0.000529s ]

[ 2015-03-25T13:42:43+08:00 ] 192.168.239.252 /hwxxtj/index.php/Home/Index/proSet
INFO: [ app_init ] --START--
INFO: Run Behavior\BuildLiteBehavior [ RunTime:0.000022s ]
INFO: [ app_init ] --END-- [ RunTime:0.000413s ]
INFO: [ app_begin ] --START--
INFO: Run Behavior\ReadHtmlCacheBehavior [ RunTime:0.000560s ]
INFO: [ app_begin ] --END-- [ RunTime:0.000641s ]
SQL: SHOW COLUMNS FROM `schedule` [ RunTime:0.0027s ]
SQL: SHOW COLUMNS FROM `special` [ RunTime:0.0026s ]
SQL: SHOW COLUMNS FROM `unit` [ RunTime:7.3148s ]
SQL: SELECT * FROM `unit`  [ RunTime:0.0006s ]
SQL: SHOW COLUMNS FROM `user` [ RunTime:0.0066s ]
SQL: SELECT * FROM `user` WHERE ( id!=1 )  [ RunTime:0.0008s ]
SQL: SELECT DISTINCT  `schoolYear`,`term` FROM `schedule` ORDER BY schoolYear,term asc  [ RunTime:0.0011s ]
SQL: SELECT DISTINCT  `week` FROM `schedule` WHERE ( schoolYear="2014-2015" and term="2" ) ORDER BY week asc  [ RunTime:0.0010s ]
SQL: SELECT * FROM `schedule` WHERE ( week="2" and schoolYear="2014-2015" and term="2" )  [ RunTime:0.0007s ]
SQL: SELECT * FROM `special` WHERE ( week="2" and schoolYear="2014-2015" and term="2" )  [ RunTime:0.0008s ]
INFO: [ view_parse ] --START--
INFO: [ template_filter ] --START--
INFO: Run Behavior\ContentReplaceBehavior [ RunTime:0.000188s ]
INFO: [ template_filter ] --END-- [ RunTime:0.000311s ]
NOTIC: [8] Undefined variable: proj D:\wamp\www\hwxxtj\Application\Runtime\Cache\Home\09b66ac76e84e3a1d1349dd68fd382e8.php 第 66 行.
SQL: SELECT `name` FROM `user` WHERE ( id=2 )  [ RunTime:0.0004s ]
SQL: SELECT `name` FROM `user` WHERE ( id=16 )  [ RunTime:0.0003s ]
SQL: SELECT `name` FROM `user` WHERE ( id=17 )  [ RunTime:0.0003s ]
SQL: SELECT `name` FROM `user` WHERE ( id=2 )  [ RunTime:0.0003s ]
SQL: SELECT `name` FROM `user` WHERE ( id=15 )  [ RunTime:0.0003s ]
NOTIC: [8] Undefined offset: 1 D:\wamp\www\hwxxtj\Application\Runtime\Cache\Home\09b66ac76e84e3a1d1349dd68fd382e8.php 第 169 行.
NOTIC: [8] Undefined offset: 1 D:\wamp\www\hwxxtj\Application\Runtime\Cache\Home\09b66ac76e84e3a1d1349dd68fd382e8.php 第 169 行.
SQL: SELECT `name` FROM `user` WHERE ( id=16 )  [ RunTime:0.0003s ]
SQL: SELECT `name` FROM `user` WHERE ( id=18 )  [ RunTime:0.0002s ]
INFO: Run Behavior\ParseTemplateBehavior [ RunTime:4.996211s ]
INFO: [ view_parse ] --END-- [ RunTime:4.996368s ]
INFO: [ view_filter ] --START--
INFO: Run Behavior\WriteHtmlCacheBehavior [ RunTime:0.000529s ]
INFO: [ view_filter ] --END-- [ RunTime:0.000632s ]
INFO: [ app_end ] --START--
INFO: Run Behavior\ShowPageTraceBehavior [ RunTime:0.000708s ]
INFO: [ app_end ] --END-- [ RunTime:0.000809s ]

[ 2015-03-25T13:42:59+08:00 ] 192.168.239.252 /hwxxtj/index.php/Home/Index/tableDown
INFO: [ app_init ] --START--
INFO: Run Behavior\BuildLiteBehavior [ RunTime:0.000021s ]
INFO: [ app_init ] --END-- [ RunTime:0.000349s ]
INFO: [ app_begin ] --START--
INFO: Run Behavior\ReadHtmlCacheBehavior [ RunTime:0.000421s ]
INFO: [ app_begin ] --END-- [ RunTime:0.000496s ]
SQL: SHOW COLUMNS FROM `schedule` [ RunTime:0.0028s ]
SQL: SHOW COLUMNS FROM `special` [ RunTime:0.0026s ]
SQL: SHOW COLUMNS FROM `unit` [ RunTime:0.0024s ]
SQL: SELECT * FROM `unit`  [ RunTime:0.0002s ]
SQL: SHOW COLUMNS FROM `user` [ RunTime:0.0025s ]
SQL: SELECT * FROM `user` WHERE ( id!=1 )  [ RunTime:0.0003s ]
SQL: SELECT DISTINCT  `schoolYear`,`term` FROM `schedule` ORDER BY schoolYear,term asc  [ RunTime:0.0004s ]
SQL: SELECT DISTINCT  `week` FROM `schedule` WHERE ( schoolYear="2014-2015" and term="2" ) ORDER BY week asc  [ RunTime:0.0003s ]
SQL: SELECT * FROM `schedule` WHERE ( week="2" and schoolYear="2014-2015" and term="2" )  [ RunTime:0.0003s ]
SQL: SELECT * FROM `special` WHERE ( week="2" and schoolYear="2014-2015" and term="2" )  [ RunTime:0.0002s ]
INFO: [ view_parse ] --START--
INFO: [ template_filter ] --START--
INFO: Run Behavior\ContentReplaceBehavior [ RunTime:0.000297s ]
INFO: [ template_filter ] --END-- [ RunTime:0.000508s ]
NOTIC: [8] Undefined variable: proj D:\wamp\www\hwxxtj\Application\Runtime\Cache\Home\af1552e17a2599ccbef0ad98cd474825.php 第 72 行.
SQL: SELECT `name` FROM `user` WHERE ( id=2 )  [ RunTime:0.0006s ]
SQL: SELECT `name` FROM `user` WHERE ( id=16 )  [ RunTime:0.0004s ]
SQL: SELECT `name` FROM `user` WHERE ( id=17 )  [ RunTime:0.0004s ]
SQL: SELECT `name` FROM `user` WHERE ( id=2 )  [ RunTime:0.0004s ]
SQL: SELECT `name` FROM `user` WHERE ( id=15 )  [ RunTime:0.0005s ]
SQL: SELECT `name` FROM `user` WHERE ( id=16 )  [ RunTime:0.0004s ]
SQL: SELECT `name` FROM `user` WHERE ( id=18 )  [ RunTime:0.0004s ]
INFO: Run Behavior\ParseTemplateBehavior [ RunTime:1.289800s ]
INFO: [ view_parse ] --END-- [ RunTime:1.289961s ]
INFO: [ view_filter ] --START--
INFO: Run Behavior\WriteHtmlCacheBehavior [ RunTime:0.000347s ]
INFO: [ view_filter ] --END-- [ RunTime:0.000424s ]
INFO: [ app_end ] --START--
INFO: Run Behavior\ShowPageTraceBehavior [ RunTime:0.000523s ]
INFO: [ app_end ] --END-- [ RunTime:0.000602s ]

[ 2015-03-25T13:43:22+08:00 ] 192.168.239.252 /hwxxtj/index.php/Home/Index/tableDown/2014-2015/2/1
INFO: [ app_init ] --START--
INFO: Run Behavior\BuildLiteBehavior [ RunTime:0.000029s ]
INFO: [ app_init ] --END-- [ RunTime:0.000503s ]
INFO: [ app_begin ] --START--
INFO: Run Behavior\ReadHtmlCacheBehavior [ RunTime:0.000626s ]
INFO: [ app_begin ] --END-- [ RunTime:0.000741s ]
SQL: SHOW COLUMNS FROM `schedule` [ RunTime:0.0030s ]
SQL: SHOW COLUMNS FROM `special` [ RunTime:0.0025s ]
SQL: SHOW COLUMNS FROM `unit` [ RunTime:0.0023s ]
SQL: SELECT * FROM `unit`  [ RunTime:0.0002s ]
SQL: SHOW COLUMNS FROM `user` [ RunTime:0.0025s ]
SQL: SELECT * FROM `user` WHERE ( id!=1 )  [ RunTime:0.0003s ]
SQL: SELECT DISTINCT  `schoolYear`,`term` FROM `schedule` ORDER BY schoolYear,term asc  [ RunTime:0.0004s ]
SQL: SELECT DISTINCT  `week` FROM `schedule` WHERE ( schoolYear="2014-2015" and term="2" )  [ RunTime:0.0003s ]
SQL: SELECT * FROM `schedule` WHERE ( week="1" and schoolYear="2014-2015" and term="2" )  [ RunTime:0.0003s ]
SQL: SELECT * FROM `special` WHERE ( week="1" and schoolYear="2014-2015" and term="2" )  [ RunTime:0.0003s ]
INFO: [ view_parse ] --START--
INFO: [ template_filter ] --START--
INFO: Run Behavior\ContentReplaceBehavior [ RunTime:0.000115s ]
INFO: [ template_filter ] --END-- [ RunTime:0.000200s ]
NOTIC: [8] Undefined variable: proj D:\wamp\www\hwxxtj\Application\Runtime\Cache\Home\af1552e17a2599ccbef0ad98cd474825.php 第 72 行.
SQL: SELECT `name` FROM `user` WHERE ( id=15 )  [ RunTime:0.0004s ]
SQL: SELECT `name` FROM `user` WHERE ( id=2 )  [ RunTime:0.0002s ]
SQL: SELECT `name` FROM `user` WHERE ( id=17 )  [ RunTime:0.0002s ]
SQL: SELECT `name` FROM `user` WHERE ( id=15 )  [ RunTime:0.0002s ]
SQL: SELECT `name` FROM `user` WHERE ( id=2 )  [ RunTime:0.0002s ]
SQL: SELECT `name` FROM `user` WHERE ( id=17 )  [ RunTime:0.0002s ]
SQL: SELECT `name` FROM `user` WHERE ( id=15 )  [ RunTime:0.0002s ]
SQL: SELECT `name` FROM `user` WHERE ( id=2 )  [ RunTime:0.0003s ]
SQL: SELECT `name` FROM `user` WHERE ( id=17 )  [ RunTime:0.0002s ]
SQL: SELECT `name` FROM `user` WHERE ( id=2 )  [ RunTime:0.0002s ]
SQL: SELECT `name` FROM `user` WHERE ( id=16 )  [ RunTime:0.0002s ]
SQL: SELECT `name` FROM `user` WHERE ( id=17 )  [ RunTime:0.0002s ]
INFO: Run Behavior\ParseTemplateBehavior [ RunTime:0.017965s ]
INFO: [ view_parse ] --END-- [ RunTime:0.018055s ]
INFO: [ view_filter ] --START--
INFO: Run Behavior\WriteHtmlCacheBehavior [ RunTime:0.000315s ]
INFO: [ view_filter ] --END-- [ RunTime:0.000390s ]
INFO: [ app_end ] --START--
INFO: Run Behavior\ShowPageTraceBehavior [ RunTime:0.000459s ]
INFO: [ app_end ] --END-- [ RunTime:0.000531s ]

[ 2015-03-25T13:43:28+08:00 ] 192.168.239.252 /hwxxtj/index.php/Home/Index/tableDown/2014-2015/2/2
INFO: [ app_init ] --START--
INFO: Run Behavior\BuildLiteBehavior [ RunTime:0.000032s ]
INFO: [ app_init ] --END-- [ RunTime:0.000400s ]
INFO: [ app_begin ] --START--
INFO: Run Behavior\ReadHtmlCacheBehavior [ RunTime:0.000421s ]
INFO: [ app_begin ] --END-- [ RunTime:0.000495s ]
SQL: SHOW COLUMNS FROM `schedule` [ RunTime:0.0026s ]
SQL: SHOW COLUMNS FROM `special` [ RunTime:0.0025s ]
SQL: SHOW COLUMNS FROM `unit` [ RunTime:0.0023s ]
SQL: SELECT * FROM `unit`  [ RunTime:0.0002s ]
SQL: SHOW COLUMNS FROM `user` [ RunTime:0.0024s ]
SQL: SELECT * FROM `user` WHERE ( id!=1 )  [ RunTime:0.0003s ]
SQL: SELECT DISTINCT  `schoolYear`,`term` FROM `schedule` ORDER BY schoolYear,term asc  [ RunTime:0.0003s ]
SQL: SELECT DISTINCT  `week` FROM `schedule` WHERE ( schoolYear="2014-2015" and term="2" )  [ RunTime:0.0003s ]
SQL: SELECT * FROM `schedule` WHERE ( week="2" and schoolYear="2014-2015" and term="2" )  [ RunTime:0.0003s ]
SQL: SELECT * FROM `special` WHERE ( week="2" and schoolYear="2014-2015" and term="2" )  [ RunTime:0.0002s ]
INFO: [ view_parse ] --START--
INFO: [ template_filter ] --START--
INFO: Run Behavior\ContentReplaceBehavior [ RunTime:0.000116s ]
INFO: [ template_filter ] --END-- [ RunTime:0.000201s ]
NOTIC: [8] Undefined variable: proj D:\wamp\www\hwxxtj\Application\Runtime\Cache\Home\af1552e17a2599ccbef0ad98cd474825.php 第 72 行.
SQL: SELECT `name` FROM `user` WHERE ( id=2 )  [ RunTime:0.0003s ]
SQL: SELECT `name` FROM `user` WHERE ( id=16 )  [ RunTime:0.0002s ]
SQL: SELECT `name` FROM `user` WHERE ( id=17 )  [ RunTime:0.0001s ]
SQL: SELECT `name` FROM `user` WHERE ( id=2 )  [ RunTime:0.0002s ]
SQL: SELECT `name` FROM `user` WHERE ( id=15 )  [ RunTime:0.0002s ]
SQL: SELECT `name` FROM `user` WHERE ( id=16 )  [ RunTime:0.0002s ]
SQL: SELECT `name` FROM `user` WHERE ( id=18 )  [ RunTime:0.0001s ]
INFO: Run Behavior\ParseTemplateBehavior [ RunTime:0.015406s ]
INFO: [ view_parse ] --END-- [ RunTime:0.015484s ]
INFO: [ view_filter ] --START--
INFO: Run Behavior\WriteHtmlCacheBehavior [ RunTime:0.000275s ]
INFO: [ view_filter ] --END-- [ RunTime:0.000345s ]
INFO: [ app_end ] --START--
INFO: Run Behavior\ShowPageTraceBehavior [ RunTime:0.000419s ]
INFO: [ app_end ] --END-- [ RunTime:0.000488s ]

[ 2015-03-25T13:43:39+08:00 ] 192.168.239.252 /hwxxtj/index.php/Home/Index/proSet
INFO: [ app_init ] --START--
INFO: Run Behavior\BuildLiteBehavior [ RunTime:0.000032s ]
INFO: [ app_init ] --END-- [ RunTime:0.000557s ]
INFO: [ app_begin ] --START--
INFO: Run Behavior\ReadHtmlCacheBehavior [ RunTime:0.000788s ]
INFO: [ app_begin ] --END-- [ RunTime:0.000914s ]
SQL: SHOW COLUMNS FROM `schedule` [ RunTime:0.0028s ]
SQL: SHOW COLUMNS FROM `special` [ RunTime:0.0026s ]
SQL: SHOW COLUMNS FROM `unit` [ RunTime:0.0024s ]
SQL: SELECT * FROM `unit`  [ RunTime:0.0002s ]
SQL: SHOW COLUMNS FROM `user` [ RunTime:0.0026s ]
SQL: SELECT * FROM `user` WHERE ( id!=1 )  [ RunTime:0.0003s ]
SQL: SELECT DISTINCT  `schoolYear`,`term` FROM `schedule` ORDER BY schoolYear,term asc  [ RunTime:0.0004s ]
SQL: SELECT DISTINCT  `week` FROM `schedule` WHERE ( schoolYear="2014-2015" and term="2" ) ORDER BY week asc  [ RunTime:0.0003s ]
SQL: SELECT * FROM `schedule` WHERE ( week="2" and schoolYear="2014-2015" and term="2" )  [ RunTime:0.0003s ]
SQL: SELECT * FROM `special` WHERE ( week="2" and schoolYear="2014-2015" and term="2" )  [ RunTime:0.0003s ]
INFO: [ view_parse ] --START--
INFO: [ template_filter ] --START--
INFO: Run Behavior\ContentReplaceBehavior [ RunTime:0.000132s ]
INFO: [ template_filter ] --END-- [ RunTime:0.000218s ]
NOTIC: [8] Undefined variable: proj D:\wamp\www\hwxxtj\Application\Runtime\Cache\Home\09b66ac76e84e3a1d1349dd68fd382e8.php 第 66 行.
SQL: SELECT `name` FROM `user` WHERE ( id=2 )  [ RunTime:0.0004s ]
SQL: SELECT `name` FROM `user` WHERE ( id=16 )  [ RunTime:0.0002s ]
SQL: SELECT `name` FROM `user` WHERE ( id=17 )  [ RunTime:0.0002s ]
SQL: SELECT `name` FROM `user` WHERE ( id=2 )  [ RunTime:0.0004s ]
SQL: SELECT `name` FROM `user` WHERE ( id=15 )  [ RunTime:0.0002s ]
NOTIC: [8] Undefined offset: 1 D:\wamp\www\hwxxtj\Application\Runtime\Cache\Home\09b66ac76e84e3a1d1349dd68fd382e8.php 第 169 行.
NOTIC: [8] Undefined offset: 1 D:\wamp\www\hwxxtj\Application\Runtime\Cache\Home\09b66ac76e84e3a1d1349dd68fd382e8.php 第 169 行.
SQL: SELECT `name` FROM `user` WHERE ( id=16 )  [ RunTime:0.0002s ]
SQL: SELECT `name` FROM `user` WHERE ( id=18 )  [ RunTime:0.0002s ]
INFO: Run Behavior\ParseTemplateBehavior [ RunTime:0.018116s ]
INFO: [ view_parse ] --END-- [ RunTime:0.018197s ]
INFO: [ view_filter ] --START--
INFO: Run Behavior\WriteHtmlCacheBehavior [ RunTime:0.000335s ]
INFO: [ view_filter ] --END-- [ RunTime:0.000413s ]
INFO: [ app_end ] --START--
INFO: Run Behavior\ShowPageTraceBehavior [ RunTime:0.000455s ]
INFO: [ app_end ] --END-- [ RunTime:0.000529s ]

