[ 2015-03-28T01:25:47+08:00 ] 127.0.0.1 /hwxxtj/
INFO: [ app_init ] --START--
INFO: Run Behavior\BuildLiteBehavior [ RunTime:0.000028s ]
INFO: [ app_init ] --END-- [ RunTime:0.001335s ]
INFO: [ app_begin ] --START--
INFO: Run Behavior\ReadHtmlCacheBehavior [ RunTime:0.000841s ]
INFO: [ app_begin ] --END-- [ RunTime:0.000953s ]
SQL: SHOW COLUMNS FROM `schedule` [ RunTime:0.0109s ]
SQL: SHOW COLUMNS FROM `special` [ RunTime:0.0046s ]
SQL: SELECT DISTINCT  `schoolYear`,`term` FROM `schedule` ORDER BY schoolYear,term asc  [ RunTime:0.0019s ]
SQL: SELECT DISTINCT  `week` FROM `schedule` WHERE ( schoolYear="2014-2015" and term="2" ) ORDER BY week asc  [ RunTime:0.0012s ]
SQL: SELECT * FROM `schedule` WHERE ( week="2" and schoolYear="2014-2015" and term="2" )  [ RunTime:0.0005s ]
SQL: SELECT * FROM `special` WHERE ( week="2" and schoolYear="2014-2015" and term="2" )  [ RunTime:0.0003s ]
INFO: [ view_parse ] --START--
INFO: [ template_filter ] --START--
INFO: Run Behavior\ContentReplaceBehavior [ RunTime:0.000143s ]
INFO: [ template_filter ] --END-- [ RunTime:0.000311s ]
NOTIC: [8] Undefined variable: user D:\wamp\www\hwxxtj\Application\Runtime\Cache\Home\2a94b8bda04ff446dcedd42276fc99ee.php 第 18 行.
NOTIC: [8] Undefined variable: user D:\wamp\www\hwxxtj\Application\Runtime\Cache\Home\2a94b8bda04ff446dcedd42276fc99ee.php 第 24 行.
SQL: SHOW COLUMNS FROM `user` [ RunTime:0.0049s ]
SQL: SELECT `name` FROM `user` WHERE ( id=2 )  [ RunTime:0.0004s ]
SQL: SELECT `name` FROM `user` WHERE ( id=16 )  [ RunTime:0.0002s ]
SQL: SELECT `name` FROM `user` WHERE ( id=17 )  [ RunTime:0.0002s ]
SQL: SELECT `name` FROM `user` WHERE ( id=2 )  [ RunTime:0.0002s ]
SQL: SELECT `name` FROM `user` WHERE ( id=15 )  [ RunTime:0.0003s ]
SQL: SELECT `name` FROM `user` WHERE ( id=16 )  [ RunTime:0.0002s ]
NOTIC: [2] Invalid argument supplied for foreach() D:\wamp\www\hwxxtj\Application\Runtime\Cache\Home\2a94b8bda04ff446dcedd42276fc99ee.php 第 81 行.
SQL: SELECT `name` FROM `user` WHERE ( id=18 )  [ RunTime:0.0002s ]
NOTIC: [2] Invalid argument supplied for foreach() D:\wamp\www\hwxxtj\Application\Runtime\Cache\Home\2a94b8bda04ff446dcedd42276fc99ee.php 第 81 行.
INFO: Run Behavior\ParseTemplateBehavior [ RunTime:0.027771s ]
INFO: [ view_parse ] --END-- [ RunTime:0.027857s ]
INFO: [ view_filter ] --START--
INFO: Run Behavior\WriteHtmlCacheBehavior [ RunTime:0.000743s ]
INFO: [ view_filter ] --END-- [ RunTime:0.000843s ]
INFO: [ app_end ] --START--
INFO: Run Behavior\ShowPageTraceBehavior [ RunTime:0.001154s ]
INFO: [ app_end ] --END-- [ RunTime:0.001303s ]

[ 2015-03-28T01:25:47+08:00 ] 127.0.0.1 /hwxxtj/index.php/Home/Index/login
INFO: [ app_init ] --START--
INFO: Run Behavior\BuildLiteBehavior [ RunTime:0.000023s ]
INFO: [ app_init ] --END-- [ RunTime:0.000381s ]
INFO: [ app_begin ] --START--
INFO: Run Behavior\ReadHtmlCacheBehavior [ RunTime:0.000471s ]
INFO: [ app_begin ] --END-- [ RunTime:0.000555s ]
INFO: [ view_parse ] --START--
INFO: [ template_filter ] --START--
INFO: Run Behavior\ContentReplaceBehavior [ RunTime:0.000086s ]
INFO: [ template_filter ] --END-- [ RunTime:0.000242s ]
INFO: Run Behavior\ParseTemplateBehavior [ RunTime:0.008717s ]
INFO: [ view_parse ] --END-- [ RunTime:0.008820s ]
INFO: [ view_filter ] --START--
INFO: Run Behavior\WriteHtmlCacheBehavior [ RunTime:0.000400s ]
INFO: [ view_filter ] --END-- [ RunTime:0.000475s ]
INFO: [ app_end ] --START--
INFO: Run Behavior\ShowPageTraceBehavior [ RunTime:0.000630s ]
INFO: [ app_end ] --END-- [ RunTime:0.000711s ]

