[ 2015-03-17T22:46:33+08:00 ] 127.0.0.1 /hwxxtj/
INFO: [ app_init ] --START--
INFO: Run Behavior\BuildLiteBehavior [ RunTime:0.000138s ]
INFO: [ app_init ] --END-- [ RunTime:0.014124s ]
INFO: [ app_begin ] --START--
INFO: Run Behavior\ReadHtmlCacheBehavior [ RunTime:0.000616s ]
INFO: [ app_begin ] --END-- [ RunTime:0.000719s ]
SQL: SHOW COLUMNS FROM `schedule` [ RunTime:0.3194s ]
SQL: SHOW COLUMNS FROM `special` [ RunTime:0.0088s ]
SQL: SELECT DISTINCT  `schoolYear`,`term` FROM `schedule` ORDER BY schoolYear,term asc  [ RunTime:0.0463s ]
SQL: SELECT DISTINCT  `week` FROM `schedule` WHERE ( schoolYear="2014-2015" and term="2" ) ORDER BY week desc  [ RunTime:0.0178s ]
SQL: SELECT * FROM `schedule` WHERE ( week="1" and schoolYear="2014-2015" and term="2" )  [ RunTime:0.0007s ]
SQL: SELECT * FROM `special` WHERE ( week="1" and schoolYear="2014-2015" and term="2" )  [ RunTime:0.0006s ]
INFO: [ view_parse ] --START--
INFO: [ template_filter ] --START--
INFO: Run Behavior\ContentReplaceBehavior [ RunTime:0.000214s ]
INFO: [ template_filter ] --END-- [ RunTime:0.000604s ]
NOTIC: [8] Undefined variable: user D:\wamp\www\hwxxtj\Application\Runtime\Cache\Home\2a94b8bda04ff446dcedd42276fc99ee.php 第 11 行.
NOTIC: [8] Undefined variable: user D:\wamp\www\hwxxtj\Application\Runtime\Cache\Home\2a94b8bda04ff446dcedd42276fc99ee.php 第 17 行.
SQL: SHOW COLUMNS FROM `user` [ RunTime:0.0334s ]
SQL: SELECT `name` FROM `user` WHERE ( id=15 )  [ RunTime:0.0165s ]
SQL: SELECT `name` FROM `user` WHERE ( id=2 )  [ RunTime:0.0002s ]
SQL: SELECT `name` FROM `user` WHERE ( id=17 )  [ RunTime:0.0002s ]
SQL: SELECT `name` FROM `user` WHERE ( id=15 )  [ RunTime:0.0002s ]
SQL: SELECT `name` FROM `user` WHERE ( id=2 )  [ RunTime:0.0002s ]
SQL: SELECT `name` FROM `user` WHERE ( id=17 )  [ RunTime:0.0002s ]
SQL: SELECT `name` FROM `user` WHERE ( id=15 )  [ RunTime:0.0002s ]
SQL: SELECT `name` FROM `user` WHERE ( id=2 )  [ RunTime:0.0002s ]
SQL: SELECT `name` FROM `user` WHERE ( id=17 )  [ RunTime:0.0002s ]
INFO: Run Behavior\ParseTemplateBehavior [ RunTime:0.211198s ]
INFO: [ view_parse ] --END-- [ RunTime:0.211340s ]
INFO: [ view_filter ] --START--
INFO: Run Behavior\WriteHtmlCacheBehavior [ RunTime:0.000480s ]
INFO: [ view_filter ] --END-- [ RunTime:0.000601s ]
INFO: [ app_end ] --START--
INFO: Run Behavior\ShowPageTraceBehavior [ RunTime:0.000725s ]
INFO: [ app_end ] --END-- [ RunTime:0.000823s ]

[ 2015-03-17T22:46:33+08:00 ] 127.0.0.1 /hwxxtj/index.php/Home/Index/login
INFO: [ app_init ] --START--
INFO: Run Behavior\BuildLiteBehavior [ RunTime:0.000022s ]
INFO: [ app_init ] --END-- [ RunTime:0.000359s ]
INFO: [ app_begin ] --START--
INFO: Run Behavior\ReadHtmlCacheBehavior [ RunTime:0.000502s ]
INFO: [ app_begin ] --END-- [ RunTime:0.000589s ]
INFO: [ view_parse ] --START--
INFO: [ template_filter ] --START--
INFO: Run Behavior\ContentReplaceBehavior [ RunTime:0.000058s ]
INFO: [ template_filter ] --END-- [ RunTime:0.000156s ]
INFO: Run Behavior\ParseTemplateBehavior [ RunTime:0.007121s ]
INFO: [ view_parse ] --END-- [ RunTime:0.007214s ]
INFO: [ view_filter ] --START--
INFO: Run Behavior\WriteHtmlCacheBehavior [ RunTime:0.000226s ]
INFO: [ view_filter ] --END-- [ RunTime:0.000320s ]
INFO: [ app_end ] --START--
INFO: Run Behavior\ShowPageTraceBehavior [ RunTime:0.000475s ]
INFO: [ app_end ] --END-- [ RunTime:0.000551s ]

[ 2015-03-17T22:46:34+08:00 ] 127.0.0.1 /hwxxtj/index.php/Home/Index/loginVerify
INFO: [ app_init ] --START--
INFO: Run Behavior\BuildLiteBehavior [ RunTime:0.000028s ]
INFO: [ app_init ] --END-- [ RunTime:0.000473s ]
INFO: [ app_begin ] --START--
INFO: Run Behavior\ReadHtmlCacheBehavior [ RunTime:0.000856s ]
INFO: [ app_begin ] --END-- [ RunTime:0.000962s ]
SQL: SHOW COLUMNS FROM `user` [ RunTime:0.0033s ]
SQL: SELECT * FROM `user` WHERE ( number="88888888" )  [ RunTime:0.0005s ]
INFO: [ app_end ] --START--
INFO: Run Behavior\ShowPageTraceBehavior [ RunTime:0.000625s ]
INFO: [ app_end ] --END-- [ RunTime:0.000712s ]

[ 2015-03-17T22:46:35+08:00 ] 127.0.0.1 /hwxxtj/index.php/Home/Index/index
INFO: [ app_init ] --START--
INFO: Run Behavior\BuildLiteBehavior [ RunTime:0.000022s ]
INFO: [ app_init ] --END-- [ RunTime:0.000402s ]
INFO: [ app_begin ] --START--
INFO: Run Behavior\ReadHtmlCacheBehavior [ RunTime:0.000480s ]
INFO: [ app_begin ] --END-- [ RunTime:0.000584s ]
SQL: SHOW COLUMNS FROM `schedule` [ RunTime:0.0031s ]
SQL: SHOW COLUMNS FROM `special` [ RunTime:0.0029s ]
SQL: SELECT DISTINCT  `schoolYear`,`term` FROM `schedule` ORDER BY schoolYear,term asc  [ RunTime:0.0004s ]
SQL: SELECT DISTINCT  `week` FROM `schedule` WHERE ( schoolYear="2014-2015" and term="2" ) ORDER BY week desc  [ RunTime:0.0003s ]
SQL: SELECT * FROM `schedule` WHERE ( week="1" and schoolYear="2014-2015" and term="2" )  [ RunTime:0.0003s ]
SQL: SELECT * FROM `special` WHERE ( week="1" and schoolYear="2014-2015" and term="2" )  [ RunTime:0.0002s ]
INFO: [ view_parse ] --START--
INFO: [ template_filter ] --START--
INFO: Run Behavior\ContentReplaceBehavior [ RunTime:0.000085s ]
INFO: [ template_filter ] --END-- [ RunTime:0.000183s ]
SQL: SHOW COLUMNS FROM `user` [ RunTime:0.0029s ]
SQL: SELECT `name` FROM `user` WHERE ( id=15 )  [ RunTime:0.0002s ]
SQL: SELECT `name` FROM `user` WHERE ( id=2 )  [ RunTime:0.0001s ]
SQL: SELECT `name` FROM `user` WHERE ( id=17 )  [ RunTime:0.0002s ]
SQL: SELECT `name` FROM `user` WHERE ( id=15 )  [ RunTime:0.0002s ]
SQL: SELECT `name` FROM `user` WHERE ( id=2 )  [ RunTime:0.0002s ]
SQL: SELECT `name` FROM `user` WHERE ( id=17 )  [ RunTime:0.0001s ]
SQL: SELECT `name` FROM `user` WHERE ( id=15 )  [ RunTime:0.0001s ]
SQL: SELECT `name` FROM `user` WHERE ( id=2 )  [ RunTime:0.0002s ]
SQL: SELECT `name` FROM `user` WHERE ( id=17 )  [ RunTime:0.0002s ]
INFO: Run Behavior\ParseTemplateBehavior [ RunTime:0.018661s ]
INFO: [ view_parse ] --END-- [ RunTime:0.018768s ]
INFO: [ view_filter ] --START--
INFO: Run Behavior\WriteHtmlCacheBehavior [ RunTime:0.000356s ]
INFO: [ view_filter ] --END-- [ RunTime:0.000457s ]
INFO: [ app_end ] --START--
INFO: Run Behavior\ShowPageTraceBehavior [ RunTime:0.000490s ]
INFO: [ app_end ] --END-- [ RunTime:0.000567s ]

[ 2015-03-17T22:46:50+08:00 ] 127.0.0.1 /hwxxtj/index.php/Home/Index/proLead
INFO: [ app_init ] --START--
INFO: Run Behavior\BuildLiteBehavior [ RunTime:0.000050s ]
INFO: [ app_init ] --END-- [ RunTime:0.001088s ]
INFO: [ app_begin ] --START--
INFO: Run Behavior\ReadHtmlCacheBehavior [ RunTime:0.001401s ]
INFO: [ app_begin ] --END-- [ RunTime:0.001635s ]
SQL: SHOW COLUMNS FROM `schedule` [ RunTime:0.0040s ]
SQL: SELECT DISTINCT  `schoolYear`,`term` FROM `schedule` ORDER BY schoolYear,term asc  [ RunTime:0.0005s ]
SQL: SELECT DISTINCT  `week` FROM `schedule` WHERE ( schoolYear="2014-2015" and term="2" ) ORDER BY week desc  [ RunTime:0.0004s ]
SQL: SELECT * FROM `schedule` WHERE ( week="1" and schoolYear="2014-2015" and term="2" )  [ RunTime:0.0004s ]
SQL: SELECT * FROM `schedule` WHERE ( id="3" )  [ RunTime:0.0267s ]
SQL: SHOW COLUMNS FROM `workcount` [ RunTime:0.0752s ]
SQL: SELECT * FROM `workcount` WHERE ( proId="3" )  [ RunTime:0.0007s ]
INFO: [ view_parse ] --START--
INFO: [ template_filter ] --START--
INFO: Run Behavior\ContentReplaceBehavior [ RunTime:0.000290s ]
INFO: [ template_filter ] --END-- [ RunTime:0.000515s ]
SQL: SHOW COLUMNS FROM `user` [ RunTime:0.0039s ]
SQL: SELECT * FROM `user` WHERE ( id="15" )  [ RunTime:0.0004s ]
SQL: SELECT * FROM `user` WHERE ( id="2" )  [ RunTime:0.0003s ]
SQL: SELECT * FROM `user` WHERE ( id="17" )  [ RunTime:0.0003s ]
INFO: Run Behavior\ParseTemplateBehavior [ RunTime:0.037455s ]
INFO: [ view_parse ] --END-- [ RunTime:0.037623s ]
INFO: [ view_filter ] --START--
INFO: Run Behavior\WriteHtmlCacheBehavior [ RunTime:0.000402s ]
INFO: [ view_filter ] --END-- [ RunTime:0.000505s ]
INFO: [ app_end ] --START--
INFO: Run Behavior\ShowPageTraceBehavior [ RunTime:0.000680s ]
INFO: [ app_end ] --END-- [ RunTime:0.000783s ]

[ 2015-03-17T22:50:10+08:00 ] 127.0.0.1 /hwxxtj/index.php/Home/Index/proLead
INFO: [ app_init ] --START--
INFO: Run Behavior\BuildLiteBehavior [ RunTime:0.000026s ]
INFO: [ app_init ] --END-- [ RunTime:0.000587s ]
INFO: [ app_begin ] --START--
INFO: Run Behavior\ReadHtmlCacheBehavior [ RunTime:0.000771s ]
INFO: [ app_begin ] --END-- [ RunTime:0.000871s ]
SQL: SHOW COLUMNS FROM `schedule` [ RunTime:0.0037s ]
SQL: SELECT DISTINCT  `schoolYear`,`term` FROM `schedule` ORDER BY schoolYear,term asc  [ RunTime:0.0007s ]
SQL: SELECT DISTINCT  `week` FROM `schedule` WHERE ( schoolYear="2014-2015" and term="2" ) ORDER BY week desc  [ RunTime:0.0004s ]
SQL: SELECT * FROM `schedule` WHERE ( week="1" and schoolYear="2014-2015" and term="2" )  [ RunTime:0.0004s ]
SQL: SELECT * FROM `schedule` WHERE ( id="3" )  [ RunTime:0.0003s ]
SQL: SHOW COLUMNS FROM `workcount` [ RunTime:0.0033s ]
SQL: SELECT * FROM `workcount` WHERE ( proId="3" )  [ RunTime:0.0003s ]
INFO: [ view_parse ] --START--
INFO: [ template_filter ] --START--
INFO: Run Behavior\ContentReplaceBehavior [ RunTime:0.000095s ]
INFO: [ template_filter ] --END-- [ RunTime:0.000181s ]
SQL: SHOW COLUMNS FROM `user` [ RunTime:0.0028s ]
SQL: SELECT * FROM `user` WHERE ( id="15" )  [ RunTime:0.0003s ]
SQL: SELECT * FROM `user` WHERE ( id="2" )  [ RunTime:0.0002s ]
SQL: SELECT * FROM `user` WHERE ( id="17" )  [ RunTime:0.0002s ]
INFO: Run Behavior\ParseTemplateBehavior [ RunTime:0.017327s ]
INFO: [ view_parse ] --END-- [ RunTime:0.017404s ]
INFO: [ view_filter ] --START--
INFO: Run Behavior\WriteHtmlCacheBehavior [ RunTime:0.000394s ]
INFO: [ view_filter ] --END-- [ RunTime:0.000467s ]
INFO: [ app_end ] --START--
INFO: Run Behavior\ShowPageTraceBehavior [ RunTime:0.000545s ]
INFO: [ app_end ] --END-- [ RunTime:0.000625s ]

[ 2015-03-17T22:53:26+08:00 ] 127.0.0.1 /hwxxtj/index.php/Home/Index/proLead
INFO: [ app_init ] --START--
INFO: Run Behavior\BuildLiteBehavior [ RunTime:0.000022s ]
INFO: [ app_init ] --END-- [ RunTime:0.000397s ]
INFO: [ app_begin ] --START--
INFO: Run Behavior\ReadHtmlCacheBehavior [ RunTime:0.000556s ]
INFO: [ app_begin ] --END-- [ RunTime:0.000634s ]
SQL: SHOW COLUMNS FROM `schedule` [ RunTime:0.0032s ]
SQL: SELECT DISTINCT  `schoolYear`,`term` FROM `schedule` ORDER BY schoolYear,term asc  [ RunTime:0.0005s ]
SQL: SELECT DISTINCT  `week` FROM `schedule` WHERE ( schoolYear="2014-2015" and term="2" ) ORDER BY week desc  [ RunTime:0.0004s ]
SQL: SELECT * FROM `schedule` WHERE ( week="1" and schoolYear="2014-2015" and term="2" )  [ RunTime:0.0003s ]
SQL: SELECT * FROM `schedule` WHERE ( id="3" )  [ RunTime:0.0003s ]
SQL: SHOW COLUMNS FROM `workcount` [ RunTime:0.0028s ]
SQL: SELECT * FROM `workcount` WHERE ( proId="3" )  [ RunTime:0.0003s ]
INFO: [ view_parse ] --START--
INFO: [ template_filter ] --START--
INFO: Run Behavior\ContentReplaceBehavior [ RunTime:0.000104s ]
INFO: [ template_filter ] --END-- [ RunTime:0.000195s ]
SQL: SHOW COLUMNS FROM `user` [ RunTime:0.0030s ]
SQL: SELECT * FROM `user` WHERE ( id="15" )  [ RunTime:0.0003s ]
SQL: SELECT * FROM `user` WHERE ( id="2" )  [ RunTime:0.0002s ]
SQL: SELECT * FROM `user` WHERE ( id="17" )  [ RunTime:0.0002s ]
INFO: Run Behavior\ParseTemplateBehavior [ RunTime:0.018255s ]
INFO: [ view_parse ] --END-- [ RunTime:0.018336s ]
INFO: [ view_filter ] --START--
INFO: Run Behavior\WriteHtmlCacheBehavior [ RunTime:0.000417s ]
INFO: [ view_filter ] --END-- [ RunTime:0.000494s ]
INFO: [ app_end ] --START--
INFO: Run Behavior\ShowPageTraceBehavior [ RunTime:0.000646s ]
INFO: [ app_end ] --END-- [ RunTime:0.000732s ]

[ 2015-03-17T22:54:23+08:00 ] 127.0.0.1 /hwxxtj/index.php/Home/Index/proLead
INFO: [ app_init ] --START--
INFO: Run Behavior\BuildLiteBehavior [ RunTime:0.000028s ]
INFO: [ app_init ] --END-- [ RunTime:0.000609s ]
INFO: [ app_begin ] --START--
INFO: Run Behavior\ReadHtmlCacheBehavior [ RunTime:0.000780s ]
INFO: [ app_begin ] --END-- [ RunTime:0.000897s ]
SQL: SHOW COLUMNS FROM `schedule` [ RunTime:0.0034s ]
SQL: SELECT DISTINCT  `schoolYear`,`term` FROM `schedule` ORDER BY schoolYear,term asc  [ RunTime:0.0005s ]
SQL: SELECT DISTINCT  `week` FROM `schedule` WHERE ( schoolYear="2014-2015" and term="2" ) ORDER BY week desc  [ RunTime:0.0003s ]
SQL: SELECT * FROM `schedule` WHERE ( week="1" and schoolYear="2014-2015" and term="2" )  [ RunTime:0.0003s ]
SQL: SELECT * FROM `schedule` WHERE ( id="3" )  [ RunTime:0.0003s ]
SQL: SHOW COLUMNS FROM `workcount` [ RunTime:0.0027s ]
SQL: SELECT * FROM `workcount` WHERE ( proId="3" )  [ RunTime:0.0003s ]
INFO: [ view_parse ] --START--
INFO: [ template_filter ] --START--
INFO: Run Behavior\ContentReplaceBehavior [ RunTime:0.000107s ]
INFO: [ template_filter ] --END-- [ RunTime:0.000201s ]
SQL: SHOW COLUMNS FROM `user` [ RunTime:0.0029s ]
SQL: SELECT * FROM `user` WHERE ( id="15" )  [ RunTime:0.0002s ]
SQL: SELECT * FROM `user` WHERE ( id="2" )  [ RunTime:0.0001s ]
SQL: SELECT * FROM `user` WHERE ( id="17" )  [ RunTime:0.0001s ]
INFO: Run Behavior\ParseTemplateBehavior [ RunTime:0.016822s ]
INFO: [ view_parse ] --END-- [ RunTime:0.016903s ]
INFO: [ view_filter ] --START--
INFO: Run Behavior\WriteHtmlCacheBehavior [ RunTime:0.000392s ]
INFO: [ view_filter ] --END-- [ RunTime:0.000466s ]
INFO: [ app_end ] --START--
INFO: Run Behavior\ShowPageTraceBehavior [ RunTime:0.000578s ]
INFO: [ app_end ] --END-- [ RunTime:0.000659s ]

[ 2015-03-17T22:54:59+08:00 ] 127.0.0.1 /hwxxtj/index.php/Home/Index/proLead
INFO: [ app_init ] --START--
INFO: Run Behavior\BuildLiteBehavior [ RunTime:0.000023s ]
INFO: [ app_init ] --END-- [ RunTime:0.000392s ]
INFO: [ app_begin ] --START--
INFO: Run Behavior\ReadHtmlCacheBehavior [ RunTime:0.000570s ]
INFO: [ app_begin ] --END-- [ RunTime:0.000659s ]
SQL: SHOW COLUMNS FROM `schedule` [ RunTime:0.0030s ]
SQL: SELECT DISTINCT  `schoolYear`,`term` FROM `schedule` ORDER BY schoolYear,term asc  [ RunTime:0.0004s ]
SQL: SELECT DISTINCT  `week` FROM `schedule` WHERE ( schoolYear="2014-2015" and term="2" ) ORDER BY week desc  [ RunTime:0.0003s ]
SQL: SELECT * FROM `schedule` WHERE ( week="1" and schoolYear="2014-2015" and term="2" )  [ RunTime:0.0002s ]
SQL: SELECT * FROM `schedule` WHERE ( id="3" )  [ RunTime:0.0002s ]
SQL: SHOW COLUMNS FROM `workcount` [ RunTime:0.0029s ]
SQL: SELECT * FROM `workcount` WHERE ( proId="3" )  [ RunTime:0.0003s ]
INFO: [ view_parse ] --START--
INFO: [ template_filter ] --START--
INFO: Run Behavior\ContentReplaceBehavior [ RunTime:0.000129s ]
INFO: [ template_filter ] --END-- [ RunTime:0.000235s ]
SQL: SHOW COLUMNS FROM `user` [ RunTime:0.0027s ]
SQL: SELECT * FROM `user` WHERE ( id="15" )  [ RunTime:0.0002s ]
SQL: SELECT * FROM `user` WHERE ( id="2" )  [ RunTime:0.0002s ]
SQL: SELECT * FROM `user` WHERE ( id="17" )  [ RunTime:0.0002s ]
INFO: Run Behavior\ParseTemplateBehavior [ RunTime:0.017431s ]
INFO: [ view_parse ] --END-- [ RunTime:0.017509s ]
INFO: [ view_filter ] --START--
INFO: Run Behavior\WriteHtmlCacheBehavior [ RunTime:0.000335s ]
INFO: [ view_filter ] --END-- [ RunTime:0.000411s ]
INFO: [ app_end ] --START--
INFO: Run Behavior\ShowPageTraceBehavior [ RunTime:0.000469s ]
INFO: [ app_end ] --END-- [ RunTime:0.000542s ]

[ 2015-03-17T22:55:05+08:00 ] 127.0.0.1 /hwxxtj/index.php/Home/Index/proSet
INFO: [ app_init ] --START--
INFO: Run Behavior\BuildLiteBehavior [ RunTime:0.000029s ]
INFO: [ app_init ] --END-- [ RunTime:0.000536s ]
INFO: [ app_begin ] --START--
INFO: Run Behavior\ReadHtmlCacheBehavior [ RunTime:0.000709s ]
INFO: [ app_begin ] --END-- [ RunTime:0.000833s ]
SQL: SHOW COLUMNS FROM `schedule` [ RunTime:0.0030s ]
SQL: SHOW COLUMNS FROM `special` [ RunTime:0.0034s ]
SQL: SHOW COLUMNS FROM `unit` [ RunTime:0.0757s ]
SQL: SELECT * FROM `unit`  [ RunTime:0.0005s ]
SQL: SHOW COLUMNS FROM `user` [ RunTime:0.0046s ]
SQL: SELECT * FROM `user` WHERE ( id!=1 )  [ RunTime:0.0490s ]
SQL: SELECT DISTINCT  `schoolYear`,`term` FROM `schedule` ORDER BY schoolYear,term asc  [ RunTime:0.0006s ]
SQL: SELECT DISTINCT  `week` FROM `schedule` WHERE ( schoolYear="2014-2015" and term="2" ) ORDER BY week desc  [ RunTime:0.0005s ]
SQL: SELECT * FROM `schedule` WHERE ( week="1" and schoolYear="2014-2015" and term="2" )  [ RunTime:0.0005s ]
SQL: SELECT * FROM `special` WHERE ( week="1" and schoolYear="2014-2015" and term="2" )  [ RunTime:0.0005s ]
INFO: [ view_parse ] --START--
INFO: [ template_filter ] --START--
INFO: Run Behavior\ContentReplaceBehavior [ RunTime:0.000248s ]
INFO: [ template_filter ] --END-- [ RunTime:0.000407s ]
NOTIC: [8] Undefined variable: proj D:\wamp\www\hwxxtj\Application\Runtime\Cache\Home\09b66ac76e84e3a1d1349dd68fd382e8.php 第 70 行.
SQL: SELECT `name` FROM `user` WHERE ( id=15 )  [ RunTime:0.0006s ]
SQL: SELECT `name` FROM `user` WHERE ( id=2 )  [ RunTime:0.0007s ]
SQL: SELECT `name` FROM `user` WHERE ( id=17 )  [ RunTime:0.0005s ]
NOTIC: [8] Undefined offset: 2 D:\wamp\www\hwxxtj\Application\Runtime\Cache\Home\09b66ac76e84e3a1d1349dd68fd382e8.php 第 173 行.
SQL: SELECT `name` FROM `user` WHERE ( id=15 )  [ RunTime:0.0003s ]
SQL: SELECT `name` FROM `user` WHERE ( id=2 )  [ RunTime:0.0002s ]
SQL: SELECT `name` FROM `user` WHERE ( id=17 )  [ RunTime:0.0002s ]
NOTIC: [8] Undefined offset: 2 D:\wamp\www\hwxxtj\Application\Runtime\Cache\Home\09b66ac76e84e3a1d1349dd68fd382e8.php 第 173 行.
SQL: SELECT `name` FROM `user` WHERE ( id=15 )  [ RunTime:0.0002s ]
SQL: SELECT `name` FROM `user` WHERE ( id=2 )  [ RunTime:0.0002s ]
SQL: SELECT `name` FROM `user` WHERE ( id=17 )  [ RunTime:0.0002s ]
NOTIC: [8] Undefined offset: 2 D:\wamp\www\hwxxtj\Application\Runtime\Cache\Home\09b66ac76e84e3a1d1349dd68fd382e8.php 第 173 行.
INFO: Run Behavior\ParseTemplateBehavior [ RunTime:0.035245s ]
INFO: [ view_parse ] --END-- [ RunTime:0.035355s ]
INFO: [ view_filter ] --START--
INFO: Run Behavior\WriteHtmlCacheBehavior [ RunTime:0.000313s ]
INFO: [ view_filter ] --END-- [ RunTime:0.000387s ]
INFO: [ app_end ] --START--
INFO: Run Behavior\ShowPageTraceBehavior [ RunTime:0.000469s ]
INFO: [ app_end ] --END-- [ RunTime:0.000544s ]

[ 2015-03-17T22:56:06+08:00 ] 127.0.0.1 /hwxxtj/index.php/Home/Index/proLead
INFO: [ app_init ] --START--
INFO: Run Behavior\BuildLiteBehavior [ RunTime:0.000021s ]
INFO: [ app_init ] --END-- [ RunTime:0.000446s ]
INFO: [ app_begin ] --START--
INFO: Run Behavior\ReadHtmlCacheBehavior [ RunTime:0.000522s ]
INFO: [ app_begin ] --END-- [ RunTime:0.000649s ]
SQL: SHOW COLUMNS FROM `schedule` [ RunTime:0.0030s ]
SQL: SELECT DISTINCT  `schoolYear`,`term` FROM `schedule` ORDER BY schoolYear,term asc  [ RunTime:0.0004s ]
SQL: SELECT DISTINCT  `week` FROM `schedule` WHERE ( schoolYear="2014-2015" and term="2" ) ORDER BY week desc  [ RunTime:0.0004s ]
SQL: SELECT * FROM `schedule` WHERE ( week="1" and schoolYear="2014-2015" and term="2" )  [ RunTime:0.0005s ]
SQL: SELECT * FROM `schedule` WHERE ( id="3" )  [ RunTime:0.0003s ]
SQL: SHOW COLUMNS FROM `workcount` [ RunTime:0.0028s ]
SQL: SELECT * FROM `workcount` WHERE ( proId="3" )  [ RunTime:0.0003s ]
INFO: [ view_parse ] --START--
INFO: [ template_filter ] --START--
INFO: Run Behavior\ContentReplaceBehavior [ RunTime:0.000108s ]
INFO: [ template_filter ] --END-- [ RunTime:0.000213s ]
SQL: SHOW COLUMNS FROM `user` [ RunTime:0.0031s ]
SQL: SELECT * FROM `user` WHERE ( id="15" )  [ RunTime:0.0003s ]
SQL: SELECT * FROM `user` WHERE ( id="2" )  [ RunTime:0.0002s ]
SQL: SELECT * FROM `user` WHERE ( id="17" )  [ RunTime:0.0002s ]
INFO: Run Behavior\ParseTemplateBehavior [ RunTime:0.017617s ]
INFO: [ view_parse ] --END-- [ RunTime:0.017693s ]
INFO: [ view_filter ] --START--
INFO: Run Behavior\WriteHtmlCacheBehavior [ RunTime:0.000324s ]
INFO: [ view_filter ] --END-- [ RunTime:0.000396s ]
INFO: [ app_end ] --START--
INFO: Run Behavior\ShowPageTraceBehavior [ RunTime:0.000523s ]
INFO: [ app_end ] --END-- [ RunTime:0.000599s ]

[ 2015-03-17T23:06:57+08:00 ] 127.0.0.1 /hwxxtj/index.php/Home/Index/proLead
INFO: [ app_init ] --START--
INFO: Run Behavior\BuildLiteBehavior [ RunTime:0.000027s ]
INFO: [ app_init ] --END-- [ RunTime:0.000499s ]
INFO: [ app_begin ] --START--
INFO: Run Behavior\ReadHtmlCacheBehavior [ RunTime:0.000694s ]
INFO: [ app_begin ] --END-- [ RunTime:0.000799s ]
SQL: SHOW COLUMNS FROM `schedule` [ RunTime:0.0037s ]
SQL: SELECT DISTINCT  `schoolYear`,`term` FROM `schedule` ORDER BY schoolYear,term asc  [ RunTime:0.0005s ]
SQL: SELECT DISTINCT  `week` FROM `schedule` WHERE ( schoolYear="2014-2015" and term="2" ) ORDER BY week desc  [ RunTime:0.0004s ]
SQL: SELECT * FROM `schedule` WHERE ( week="1" and schoolYear="2014-2015" and term="2" )  [ RunTime:0.0003s ]
SQL: SELECT * FROM `schedule` WHERE ( id="3" )  [ RunTime:0.0002s ]
SQL: SHOW COLUMNS FROM `workcount` [ RunTime:0.0032s ]
SQL: SELECT * FROM `workcount` WHERE ( proId="3" )  [ RunTime:0.0003s ]
SQL: SHOW COLUMNS FROM `unit` [ RunTime:0.0025s ]
SQL: SELECT * FROM `unit`  [ RunTime:0.0003s ]
INFO: [ view_parse ] --START--
INFO: [ template_filter ] --START--
INFO: Run Behavior\ContentReplaceBehavior [ RunTime:0.000106s ]
INFO: [ template_filter ] --END-- [ RunTime:0.000193s ]
SQL: SHOW COLUMNS FROM `user` [ RunTime:0.0029s ]
SQL: SELECT * FROM `user` WHERE ( id="15" )  [ RunTime:0.0003s ]
NOTIC: [8] Undefined variable: proj D:\wamp\www\hwxxtj\Application\Runtime\Cache\Home\17c18b9c6bc1906540bd39d6031bc18a.php 第 117 行.
NOTIC: [8] Undefined variable: proj D:\wamp\www\hwxxtj\Application\Runtime\Cache\Home\17c18b9c6bc1906540bd39d6031bc18a.php 第 117 行.
NOTIC: [8] Undefined variable: proj D:\wamp\www\hwxxtj\Application\Runtime\Cache\Home\17c18b9c6bc1906540bd39d6031bc18a.php 第 117 行.
NOTIC: [8] Undefined variable: proj D:\wamp\www\hwxxtj\Application\Runtime\Cache\Home\17c18b9c6bc1906540bd39d6031bc18a.php 第 117 行.
NOTIC: [8] Undefined variable: proj D:\wamp\www\hwxxtj\Application\Runtime\Cache\Home\17c18b9c6bc1906540bd39d6031bc18a.php 第 124 行.
SQL: SELECT * FROM `user` WHERE ( id="2" )  [ RunTime:0.0003s ]
NOTIC: [8] Undefined variable: proj D:\wamp\www\hwxxtj\Application\Runtime\Cache\Home\17c18b9c6bc1906540bd39d6031bc18a.php 第 117 行.
NOTIC: [8] Undefined variable: proj D:\wamp\www\hwxxtj\Application\Runtime\Cache\Home\17c18b9c6bc1906540bd39d6031bc18a.php 第 117 行.
NOTIC: [8] Undefined variable: proj D:\wamp\www\hwxxtj\Application\Runtime\Cache\Home\17c18b9c6bc1906540bd39d6031bc18a.php 第 117 行.
NOTIC: [8] Undefined variable: proj D:\wamp\www\hwxxtj\Application\Runtime\Cache\Home\17c18b9c6bc1906540bd39d6031bc18a.php 第 117 行.
NOTIC: [8] Undefined variable: proj D:\wamp\www\hwxxtj\Application\Runtime\Cache\Home\17c18b9c6bc1906540bd39d6031bc18a.php 第 124 行.
SQL: SELECT * FROM `user` WHERE ( id="17" )  [ RunTime:0.0002s ]
NOTIC: [8] Undefined variable: proj D:\wamp\www\hwxxtj\Application\Runtime\Cache\Home\17c18b9c6bc1906540bd39d6031bc18a.php 第 117 行.
NOTIC: [8] Undefined variable: proj D:\wamp\www\hwxxtj\Application\Runtime\Cache\Home\17c18b9c6bc1906540bd39d6031bc18a.php 第 117 行.
NOTIC: [8] Undefined variable: proj D:\wamp\www\hwxxtj\Application\Runtime\Cache\Home\17c18b9c6bc1906540bd39d6031bc18a.php 第 117 行.
NOTIC: [8] Undefined variable: proj D:\wamp\www\hwxxtj\Application\Runtime\Cache\Home\17c18b9c6bc1906540bd39d6031bc18a.php 第 117 行.
NOTIC: [8] Undefined variable: proj D:\wamp\www\hwxxtj\Application\Runtime\Cache\Home\17c18b9c6bc1906540bd39d6031bc18a.php 第 124 行.
INFO: Run Behavior\ParseTemplateBehavior [ RunTime:0.017879s ]
INFO: [ view_parse ] --END-- [ RunTime:0.017963s ]
INFO: [ view_filter ] --START--
INFO: Run Behavior\WriteHtmlCacheBehavior [ RunTime:0.000502s ]
INFO: [ view_filter ] --END-- [ RunTime:0.000576s ]
INFO: [ app_end ] --START--
INFO: Run Behavior\ShowPageTraceBehavior [ RunTime:0.000545s ]
INFO: [ app_end ] --END-- [ RunTime:0.000616s ]

[ 2015-03-17T23:08:27+08:00 ] 127.0.0.1 /hwxxtj/index.php/Home/Index/proLead
INFO: [ app_init ] --START--
INFO: Run Behavior\BuildLiteBehavior [ RunTime:0.000028s ]
INFO: [ app_init ] --END-- [ RunTime:0.000520s ]
INFO: [ app_begin ] --START--
INFO: Run Behavior\ReadHtmlCacheBehavior [ RunTime:0.000686s ]
INFO: [ app_begin ] --END-- [ RunTime:0.000785s ]
SQL: SHOW COLUMNS FROM `schedule` [ RunTime:0.0044s ]
SQL: SELECT DISTINCT  `schoolYear`,`term` FROM `schedule` ORDER BY schoolYear,term asc  [ RunTime:0.0018s ]
SQL: SELECT DISTINCT  `week` FROM `schedule` WHERE ( schoolYear="2014-2015" and term="2" ) ORDER BY week desc  [ RunTime:0.0004s ]
SQL: SELECT * FROM `schedule` WHERE ( week="1" and schoolYear="2014-2015" and term="2" )  [ RunTime:0.0003s ]
SQL: SELECT * FROM `schedule` WHERE ( id="3" )  [ RunTime:0.0002s ]
SQL: SHOW COLUMNS FROM `workcount` [ RunTime:0.0030s ]
SQL: SELECT * FROM `workcount` WHERE ( proId="3" )  [ RunTime:0.0003s ]
SQL: SHOW COLUMNS FROM `unit` [ RunTime:0.0026s ]
SQL: SELECT * FROM `unit`  [ RunTime:0.0003s ]
INFO: [ view_parse ] --START--
INFO: [ template_filter ] --START--
INFO: Run Behavior\ContentReplaceBehavior [ RunTime:0.000119s ]
INFO: [ template_filter ] --END-- [ RunTime:0.000215s ]
SQL: SHOW COLUMNS FROM `user` [ RunTime:0.0031s ]
SQL: SELECT * FROM `user` WHERE ( id="15" )  [ RunTime:0.0003s ]
NOTIC: [8] Undefined variable: proj D:\wamp\www\hwxxtj\Application\Runtime\Cache\Home\17c18b9c6bc1906540bd39d6031bc18a.php 第 117 行.
NOTIC: [8] Undefined variable: proj D:\wamp\www\hwxxtj\Application\Runtime\Cache\Home\17c18b9c6bc1906540bd39d6031bc18a.php 第 117 行.
NOTIC: [8] Undefined variable: proj D:\wamp\www\hwxxtj\Application\Runtime\Cache\Home\17c18b9c6bc1906540bd39d6031bc18a.php 第 117 行.
NOTIC: [8] Undefined variable: proj D:\wamp\www\hwxxtj\Application\Runtime\Cache\Home\17c18b9c6bc1906540bd39d6031bc18a.php 第 117 行.
NOTIC: [8] Undefined variable: proj D:\wamp\www\hwxxtj\Application\Runtime\Cache\Home\17c18b9c6bc1906540bd39d6031bc18a.php 第 124 行.
SQL: SELECT * FROM `user` WHERE ( id="2" )  [ RunTime:0.0002s ]
NOTIC: [8] Undefined variable: proj D:\wamp\www\hwxxtj\Application\Runtime\Cache\Home\17c18b9c6bc1906540bd39d6031bc18a.php 第 117 行.
NOTIC: [8] Undefined variable: proj D:\wamp\www\hwxxtj\Application\Runtime\Cache\Home\17c18b9c6bc1906540bd39d6031bc18a.php 第 117 行.
NOTIC: [8] Undefined variable: proj D:\wamp\www\hwxxtj\Application\Runtime\Cache\Home\17c18b9c6bc1906540bd39d6031bc18a.php 第 117 行.
NOTIC: [8] Undefined variable: proj D:\wamp\www\hwxxtj\Application\Runtime\Cache\Home\17c18b9c6bc1906540bd39d6031bc18a.php 第 117 行.
NOTIC: [8] Undefined variable: proj D:\wamp\www\hwxxtj\Application\Runtime\Cache\Home\17c18b9c6bc1906540bd39d6031bc18a.php 第 124 行.
SQL: SELECT * FROM `user` WHERE ( id="17" )  [ RunTime:0.0002s ]
NOTIC: [8] Undefined variable: proj D:\wamp\www\hwxxtj\Application\Runtime\Cache\Home\17c18b9c6bc1906540bd39d6031bc18a.php 第 117 行.
NOTIC: [8] Undefined variable: proj D:\wamp\www\hwxxtj\Application\Runtime\Cache\Home\17c18b9c6bc1906540bd39d6031bc18a.php 第 117 行.
NOTIC: [8] Undefined variable: proj D:\wamp\www\hwxxtj\Application\Runtime\Cache\Home\17c18b9c6bc1906540bd39d6031bc18a.php 第 117 行.
NOTIC: [8] Undefined variable: proj D:\wamp\www\hwxxtj\Application\Runtime\Cache\Home\17c18b9c6bc1906540bd39d6031bc18a.php 第 117 行.
NOTIC: [8] Undefined variable: proj D:\wamp\www\hwxxtj\Application\Runtime\Cache\Home\17c18b9c6bc1906540bd39d6031bc18a.php 第 124 行.
INFO: Run Behavior\ParseTemplateBehavior [ RunTime:0.019473s ]
INFO: [ view_parse ] --END-- [ RunTime:0.019555s ]
INFO: [ view_filter ] --START--
INFO: Run Behavior\WriteHtmlCacheBehavior [ RunTime:0.000396s ]
INFO: [ view_filter ] --END-- [ RunTime:0.000469s ]
INFO: [ app_end ] --START--
INFO: Run Behavior\ShowPageTraceBehavior [ RunTime:0.000552s ]
INFO: [ app_end ] --END-- [ RunTime:0.000626s ]

[ 2015-03-17T23:10:51+08:00 ] 127.0.0.1 /hwxxtj/index.php/Home/Index/proLead
INFO: [ app_init ] --START--
INFO: Run Behavior\BuildLiteBehavior [ RunTime:0.000053s ]
INFO: [ app_init ] --END-- [ RunTime:0.001271s ]
INFO: [ app_begin ] --START--
INFO: Run Behavior\ReadHtmlCacheBehavior [ RunTime:0.000775s ]
INFO: [ app_begin ] --END-- [ RunTime:0.000889s ]
SQL: SHOW COLUMNS FROM `schedule` [ RunTime:0.0042s ]
SQL: SELECT DISTINCT  `schoolYear`,`term` FROM `schedule` ORDER BY schoolYear,term asc  [ RunTime:0.0006s ]
SQL: SELECT DISTINCT  `week` FROM `schedule` WHERE ( schoolYear="2014-2015" and term="2" ) ORDER BY week desc  [ RunTime:0.0004s ]
SQL: SELECT * FROM `schedule` WHERE ( week="1" and schoolYear="2014-2015" and term="2" )  [ RunTime:0.0003s ]
SQL: SELECT * FROM `schedule` WHERE ( id="3" )  [ RunTime:0.0003s ]
SQL: SHOW COLUMNS FROM `workcount` [ RunTime:0.0029s ]
SQL: SELECT * FROM `workcount` WHERE ( proId="3" )  [ RunTime:0.0003s ]
SQL: SHOW COLUMNS FROM `unit` [ RunTime:0.0028s ]
SQL: SELECT * FROM `unit`  [ RunTime:0.0003s ]
INFO: [ view_parse ] --START--
INFO: [ template_filter ] --START--
INFO: Run Behavior\ContentReplaceBehavior [ RunTime:0.000105s ]
INFO: [ template_filter ] --END-- [ RunTime:0.000197s ]
SQL: SHOW COLUMNS FROM `user` [ RunTime:0.0030s ]
SQL: SELECT * FROM `user` WHERE ( id="15" )  [ RunTime:0.0003s ]
NOTIC: [8] Undefined variable: proj D:\wamp\www\hwxxtj\Application\Runtime\Cache\Home\17c18b9c6bc1906540bd39d6031bc18a.php 第 117 行.
NOTIC: [8] Undefined variable: proj D:\wamp\www\hwxxtj\Application\Runtime\Cache\Home\17c18b9c6bc1906540bd39d6031bc18a.php 第 117 行.
NOTIC: [8] Undefined variable: proj D:\wamp\www\hwxxtj\Application\Runtime\Cache\Home\17c18b9c6bc1906540bd39d6031bc18a.php 第 117 行.
NOTIC: [8] Undefined variable: proj D:\wamp\www\hwxxtj\Application\Runtime\Cache\Home\17c18b9c6bc1906540bd39d6031bc18a.php 第 117 行.
NOTIC: [8] Undefined variable: proj D:\wamp\www\hwxxtj\Application\Runtime\Cache\Home\17c18b9c6bc1906540bd39d6031bc18a.php 第 124 行.
SQL: SELECT * FROM `user` WHERE ( id="2" )  [ RunTime:0.0002s ]
NOTIC: [8] Undefined variable: proj D:\wamp\www\hwxxtj\Application\Runtime\Cache\Home\17c18b9c6bc1906540bd39d6031bc18a.php 第 117 行.
NOTIC: [8] Undefined variable: proj D:\wamp\www\hwxxtj\Application\Runtime\Cache\Home\17c18b9c6bc1906540bd39d6031bc18a.php 第 117 行.
NOTIC: [8] Undefined variable: proj D:\wamp\www\hwxxtj\Application\Runtime\Cache\Home\17c18b9c6bc1906540bd39d6031bc18a.php 第 117 行.
NOTIC: [8] Undefined variable: proj D:\wamp\www\hwxxtj\Application\Runtime\Cache\Home\17c18b9c6bc1906540bd39d6031bc18a.php 第 117 行.
NOTIC: [8] Undefined variable: proj D:\wamp\www\hwxxtj\Application\Runtime\Cache\Home\17c18b9c6bc1906540bd39d6031bc18a.php 第 124 行.
SQL: SELECT * FROM `user` WHERE ( id="17" )  [ RunTime:0.0002s ]
NOTIC: [8] Undefined variable: proj D:\wamp\www\hwxxtj\Application\Runtime\Cache\Home\17c18b9c6bc1906540bd39d6031bc18a.php 第 117 行.
NOTIC: [8] Undefined variable: proj D:\wamp\www\hwxxtj\Application\Runtime\Cache\Home\17c18b9c6bc1906540bd39d6031bc18a.php 第 117 行.
NOTIC: [8] Undefined variable: proj D:\wamp\www\hwxxtj\Application\Runtime\Cache\Home\17c18b9c6bc1906540bd39d6031bc18a.php 第 117 行.
NOTIC: [8] Undefined variable: proj D:\wamp\www\hwxxtj\Application\Runtime\Cache\Home\17c18b9c6bc1906540bd39d6031bc18a.php 第 117 行.
NOTIC: [8] Undefined variable: proj D:\wamp\www\hwxxtj\Application\Runtime\Cache\Home\17c18b9c6bc1906540bd39d6031bc18a.php 第 124 行.
INFO: Run Behavior\ParseTemplateBehavior [ RunTime:0.018701s ]
INFO: [ view_parse ] --END-- [ RunTime:0.018785s ]
INFO: [ view_filter ] --START--
INFO: Run Behavior\WriteHtmlCacheBehavior [ RunTime:0.000398s ]
INFO: [ view_filter ] --END-- [ RunTime:0.000471s ]
INFO: [ app_end ] --START--
INFO: Run Behavior\ShowPageTraceBehavior [ RunTime:0.000582s ]
INFO: [ app_end ] --END-- [ RunTime:0.000657s ]

